
*** Running vivado
    with args -log mts_axis_dwidth_converter_0_2.vds -m64 -product Vivado -mode batch -messageDb vivado.pb -notrace -source mts_axis_dwidth_converter_0_2.tcl



****** Vivado v2022.1 (64-bit)
  **** SW Build 3526262 on Mon Apr 18 15:48:16 MDT 2022
  **** IP Build 3524634 on Mon Apr 18 20:55:01 MDT 2022
    ** Copyright 1986-2022 Xilinx, Inc. All Rights Reserved.

source mts_axis_dwidth_converter_0_2.tcl -notrace
create_project: Time (s): cpu = 00:00:09 ; elapsed = 00:00:17 . Memory (MB): peak = 1307.477 ; gain = 45.645
INFO: [IP_Flow 19-234] Refreshing IP repositories
WARNING: [IP_Flow 19-2248] Failed to load user IP repository 'c:/Users/joebe/Documents/RFSoC/RFSoC-MTS-main_ORIGINAL/RFSoC-MTS-main/ip'; Can't find the specified path.
If this directory should no longer be in your list of user repositories, go to the IP Settings dialog and remove it.
INFO: [IP_Flow 19-2313] Loaded Vivado IP repository 'C:/Xilinx/Vivado/2022.1/data/ip'.
WARNING: [IP_Flow 19-4995] The host OS only allows 260 characters in a normal path. The IP cache path is more than 80 characters. If you experience issues with IP caching, please consider changing the IP cache to a location with a shorter path. Alternately consider using the OS subst command to map part of the path to a drive letter. 
Current IP cache path is c:/Users/joebe/Documents/RFSoC/RFSoC-MTS-main_ORIGINAL/RFSoC-MTS-main/boards/RFSoC4x2/build_mts/mts/mts.cache/ip 
Command: synth_design -top mts_axis_dwidth_converter_0_2 -part xczu48dr-fsvg1517-2-e -incremental_mode off -mode out_of_context
Starting synth_design
Attempting to get a license for feature 'Synthesis' and/or device 'xczu48dr'
INFO: [Common 17-349] Got license for feature 'Synthesis' and/or device 'xczu48dr'
INFO: [Common 17-86] Your Synthesis license expires in 29 day(s)
INFO: [Device 21-403] Loading part xczu48dr-fsvg1517-2-e
INFO: [Synth 8-7079] Multithreading enabled for synth_design using a maximum of 2 processes.
INFO: [Synth 8-7078] Launching helper process for spawning children vivado processes
INFO: [Synth 8-7075] Helper process launched with PID 4764
WARNING: [Synth 8-9501] generate block is allowed only inside loop and conditional generate in SystemVerilog mode [C:/Xilinx/Vivado/2022.1/data/ip/xpm/xpm_fifo/hdl/xpm_fifo.sv:4023]
---------------------------------------------------------------------------------
Starting RTL Elaboration : Time (s): cpu = 00:00:08 ; elapsed = 00:00:27 . Memory (MB): peak = 1735.242 ; gain = 272.004
---------------------------------------------------------------------------------
INFO: [Synth 8-6157] synthesizing module 'mts_axis_dwidth_converter_0_2' [c:/Users/joebe/Documents/RFSoC/RFSoC-MTS-main_ORIGINAL/RFSoC-MTS-main/boards/RFSoC4x2/build_mts/mts/mts.gen/sources_1/bd/mts/ip/mts_axis_dwidth_converter_0_2/synth/mts_axis_dwidth_converter_0_2.v:53]
INFO: [Synth 8-6157] synthesizing module 'axis_dwidth_converter_v1_1_25_axis_dwidth_converter' [c:/Users/joebe/Documents/RFSoC/RFSoC-MTS-main_ORIGINAL/RFSoC-MTS-main/boards/RFSoC4x2/build_mts/mts/mts.gen/sources_1/bd/mts/ipshared/90b0/hdl/axis_dwidth_converter_v1_1_vl_rfs.v:809]
INFO: [Synth 8-6157] synthesizing module 'axis_dwidth_converter_v1_1_25_axisc_upsizer' [c:/Users/joebe/Documents/RFSoC/RFSoC-MTS-main_ORIGINAL/RFSoC-MTS-main/boards/RFSoC4x2/build_mts/mts/mts.gen/sources_1/bd/mts/ipshared/90b0/hdl/axis_dwidth_converter_v1_1_vl_rfs.v:436]
INFO: [Synth 8-6155] done synthesizing module 'axis_dwidth_converter_v1_1_25_axisc_upsizer' (0#1) [c:/Users/joebe/Documents/RFSoC/RFSoC-MTS-main_ORIGINAL/RFSoC-MTS-main/boards/RFSoC4x2/build_mts/mts/mts.gen/sources_1/bd/mts/ipshared/90b0/hdl/axis_dwidth_converter_v1_1_vl_rfs.v:436]
INFO: [Synth 8-6157] synthesizing module 'axis_register_slice_v1_1_26_axis_register_slice' [c:/Users/joebe/Documents/RFSoC/RFSoC-MTS-main_ORIGINAL/RFSoC-MTS-main/boards/RFSoC4x2/build_mts/mts/mts.gen/sources_1/bd/mts/ipshared/aca3/hdl/axis_register_slice_v1_1_vl_rfs.v:2837]
INFO: [Synth 8-6157] synthesizing module 'axis_infrastructure_v1_1_0_util_axis2vector' [c:/Users/joebe/Documents/RFSoC/RFSoC-MTS-main_ORIGINAL/RFSoC-MTS-main/boards/RFSoC4x2/build_mts/mts/mts.gen/sources_1/bd/mts/ipshared/8713/hdl/axis_infrastructure_v1_1_vl_rfs.v:809]
INFO: [Synth 8-6155] done synthesizing module 'axis_infrastructure_v1_1_0_util_axis2vector' (0#1) [c:/Users/joebe/Documents/RFSoC/RFSoC-MTS-main_ORIGINAL/RFSoC-MTS-main/boards/RFSoC4x2/build_mts/mts/mts.gen/sources_1/bd/mts/ipshared/8713/hdl/axis_infrastructure_v1_1_vl_rfs.v:809]
INFO: [Synth 8-6157] synthesizing module 'axis_register_slice_v1_1_26_axisc_register_slice' [c:/Users/joebe/Documents/RFSoC/RFSoC-MTS-main_ORIGINAL/RFSoC-MTS-main/boards/RFSoC4x2/build_mts/mts/mts.gen/sources_1/bd/mts/ipshared/aca3/hdl/axis_register_slice_v1_1_vl_rfs.v:1935]
INFO: [Synth 8-6155] done synthesizing module 'axis_register_slice_v1_1_26_axisc_register_slice' (0#1) [c:/Users/joebe/Documents/RFSoC/RFSoC-MTS-main_ORIGINAL/RFSoC-MTS-main/boards/RFSoC4x2/build_mts/mts/mts.gen/sources_1/bd/mts/ipshared/aca3/hdl/axis_register_slice_v1_1_vl_rfs.v:1935]
INFO: [Synth 8-6157] synthesizing module 'axis_infrastructure_v1_1_0_util_vector2axis' [c:/Users/joebe/Documents/RFSoC/RFSoC-MTS-main_ORIGINAL/RFSoC-MTS-main/boards/RFSoC4x2/build_mts/mts/mts.gen/sources_1/bd/mts/ipshared/8713/hdl/axis_infrastructure_v1_1_vl_rfs.v:991]
INFO: [Synth 8-6155] done synthesizing module 'axis_infrastructure_v1_1_0_util_vector2axis' (0#1) [c:/Users/joebe/Documents/RFSoC/RFSoC-MTS-main_ORIGINAL/RFSoC-MTS-main/boards/RFSoC4x2/build_mts/mts/mts.gen/sources_1/bd/mts/ipshared/8713/hdl/axis_infrastructure_v1_1_vl_rfs.v:991]
INFO: [Synth 8-6155] done synthesizing module 'axis_register_slice_v1_1_26_axis_register_slice' (0#1) [c:/Users/joebe/Documents/RFSoC/RFSoC-MTS-main_ORIGINAL/RFSoC-MTS-main/boards/RFSoC4x2/build_mts/mts/mts.gen/sources_1/bd/mts/ipshared/aca3/hdl/axis_register_slice_v1_1_vl_rfs.v:2837]
INFO: [Synth 8-6157] synthesizing module 'axis_register_slice_v1_1_26_axis_register_slice__parameterized0' [c:/Users/joebe/Documents/RFSoC/RFSoC-MTS-main_ORIGINAL/RFSoC-MTS-main/boards/RFSoC4x2/build_mts/mts/mts.gen/sources_1/bd/mts/ipshared/aca3/hdl/axis_register_slice_v1_1_vl_rfs.v:2837]
INFO: [Synth 8-6157] synthesizing module 'axis_infrastructure_v1_1_0_util_axis2vector__parameterized0' [c:/Users/joebe/Documents/RFSoC/RFSoC-MTS-main_ORIGINAL/RFSoC-MTS-main/boards/RFSoC4x2/build_mts/mts/mts.gen/sources_1/bd/mts/ipshared/8713/hdl/axis_infrastructure_v1_1_vl_rfs.v:809]
INFO: [Synth 8-6155] done synthesizing module 'axis_infrastructure_v1_1_0_util_axis2vector__parameterized0' (0#1) [c:/Users/joebe/Documents/RFSoC/RFSoC-MTS-main_ORIGINAL/RFSoC-MTS-main/boards/RFSoC4x2/build_mts/mts/mts.gen/sources_1/bd/mts/ipshared/8713/hdl/axis_infrastructure_v1_1_vl_rfs.v:809]
INFO: [Synth 8-6157] synthesizing module 'axis_register_slice_v1_1_26_axisc_register_slice__parameterized0' [c:/Users/joebe/Documents/RFSoC/RFSoC-MTS-main_ORIGINAL/RFSoC-MTS-main/boards/RFSoC4x2/build_mts/mts/mts.gen/sources_1/bd/mts/ipshared/aca3/hdl/axis_register_slice_v1_1_vl_rfs.v:1935]
INFO: [Synth 8-6155] done synthesizing module 'axis_register_slice_v1_1_26_axisc_register_slice__parameterized0' (0#1) [c:/Users/joebe/Documents/RFSoC/RFSoC-MTS-main_ORIGINAL/RFSoC-MTS-main/boards/RFSoC4x2/build_mts/mts/mts.gen/sources_1/bd/mts/ipshared/aca3/hdl/axis_register_slice_v1_1_vl_rfs.v:1935]
INFO: [Synth 8-6157] synthesizing module 'axis_infrastructure_v1_1_0_util_vector2axis__parameterized0' [c:/Users/joebe/Documents/RFSoC/RFSoC-MTS-main_ORIGINAL/RFSoC-MTS-main/boards/RFSoC4x2/build_mts/mts/mts.gen/sources_1/bd/mts/ipshared/8713/hdl/axis_infrastructure_v1_1_vl_rfs.v:991]
INFO: [Synth 8-6155] done synthesizing module 'axis_infrastructure_v1_1_0_util_vector2axis__parameterized0' (0#1) [c:/Users/joebe/Documents/RFSoC/RFSoC-MTS-main_ORIGINAL/RFSoC-MTS-main/boards/RFSoC4x2/build_mts/mts/mts.gen/sources_1/bd/mts/ipshared/8713/hdl/axis_infrastructure_v1_1_vl_rfs.v:991]
INFO: [Synth 8-6155] done synthesizing module 'axis_register_slice_v1_1_26_axis_register_slice__parameterized0' (0#1) [c:/Users/joebe/Documents/RFSoC/RFSoC-MTS-main_ORIGINAL/RFSoC-MTS-main/boards/RFSoC4x2/build_mts/mts/mts.gen/sources_1/bd/mts/ipshared/aca3/hdl/axis_register_slice_v1_1_vl_rfs.v:2837]
INFO: [Synth 8-6155] done synthesizing module 'axis_dwidth_converter_v1_1_25_axis_dwidth_converter' (0#1) [c:/Users/joebe/Documents/RFSoC/RFSoC-MTS-main_ORIGINAL/RFSoC-MTS-main/boards/RFSoC4x2/build_mts/mts/mts.gen/sources_1/bd/mts/ipshared/90b0/hdl/axis_dwidth_converter_v1_1_vl_rfs.v:809]
INFO: [Synth 8-6155] done synthesizing module 'mts_axis_dwidth_converter_0_2' (0#1) [c:/Users/joebe/Documents/RFSoC/RFSoC-MTS-main_ORIGINAL/RFSoC-MTS-main/boards/RFSoC4x2/build_mts/mts/mts.gen/sources_1/bd/mts/ip/mts_axis_dwidth_converter_0_2/synth/mts_axis_dwidth_converter_0_2.v:53]
WARNING: [Synth 8-7129] Port ACLK in module axis_register_slice_v1_1_26_axisc_register_slice__parameterized0 is either unconnected or has no load
WARNING: [Synth 8-7129] Port ACLK2X in module axis_register_slice_v1_1_26_axisc_register_slice__parameterized0 is either unconnected or has no load
WARNING: [Synth 8-7129] Port ARESET in module axis_register_slice_v1_1_26_axisc_register_slice__parameterized0 is either unconnected or has no load
WARNING: [Synth 8-7129] Port ACLKEN in module axis_register_slice_v1_1_26_axisc_register_slice__parameterized0 is either unconnected or has no load
WARNING: [Synth 8-7129] Port TSTRB[31] in module axis_infrastructure_v1_1_0_util_axis2vector__parameterized0 is either unconnected or has no load
WARNING: [Synth 8-7129] Port TSTRB[30] in module axis_infrastructure_v1_1_0_util_axis2vector__parameterized0 is either unconnected or has no load
WARNING: [Synth 8-7129] Port TSTRB[29] in module axis_infrastructure_v1_1_0_util_axis2vector__parameterized0 is either unconnected or has no load
WARNING: [Synth 8-7129] Port TSTRB[28] in module axis_infrastructure_v1_1_0_util_axis2vector__parameterized0 is either unconnected or has no load
WARNING: [Synth 8-7129] Port TSTRB[27] in module axis_infrastructure_v1_1_0_util_axis2vector__parameterized0 is either unconnected or has no load
WARNING: [Synth 8-7129] Port TSTRB[26] in module axis_infrastructure_v1_1_0_util_axis2vector__parameterized0 is either unconnected or has no load
WARNING: [Synth 8-7129] Port TSTRB[25] in module axis_infrastructure_v1_1_0_util_axis2vector__parameterized0 is either unconnected or has no load
WARNING: [Synth 8-7129] Port TSTRB[24] in module axis_infrastructure_v1_1_0_util_axis2vector__parameterized0 is either unconnected or has no load
WARNING: [Synth 8-7129] Port TSTRB[23] in module axis_infrastructure_v1_1_0_util_axis2vector__parameterized0 is either unconnected or has no load
WARNING: [Synth 8-7129] Port TSTRB[22] in module axis_infrastructure_v1_1_0_util_axis2vector__parameterized0 is either unconnected or has no load
WARNING: [Synth 8-7129] Port TSTRB[21] in module axis_infrastructure_v1_1_0_util_axis2vector__parameterized0 is either unconnected or has no load
WARNING: [Synth 8-7129] Port TSTRB[20] in module axis_infrastructure_v1_1_0_util_axis2vector__parameterized0 is either unconnected or has no load
WARNING: [Synth 8-7129] Port TSTRB[19] in module axis_infrastructure_v1_1_0_util_axis2vector__parameterized0 is either unconnected or has no load
WARNING: [Synth 8-7129] Port TSTRB[18] in module axis_infrastructure_v1_1_0_util_axis2vector__parameterized0 is either unconnected or has no load
WARNING: [Synth 8-7129] Port TSTRB[17] in module axis_infrastructure_v1_1_0_util_axis2vector__parameterized0 is either unconnected or has no load
WARNING: [Synth 8-7129] Port TSTRB[16] in module axis_infrastructure_v1_1_0_util_axis2vector__parameterized0 is either unconnected or has no load
WARNING: [Synth 8-7129] Port TSTRB[15] in module axis_infrastructure_v1_1_0_util_axis2vector__parameterized0 is either unconnected or has no load
WARNING: [Synth 8-7129] Port TSTRB[14] in module axis_infrastructure_v1_1_0_util_axis2vector__parameterized0 is either unconnected or has no load
WARNING: [Synth 8-7129] Port TSTRB[13] in module axis_infrastructure_v1_1_0_util_axis2vector__parameterized0 is either unconnected or has no load
WARNING: [Synth 8-7129] Port TSTRB[12] in module axis_infrastructure_v1_1_0_util_axis2vector__parameterized0 is either unconnected or has no load
WARNING: [Synth 8-7129] Port TSTRB[11] in module axis_infrastructure_v1_1_0_util_axis2vector__parameterized0 is either unconnected or has no load
WARNING: [Synth 8-7129] Port TSTRB[10] in module axis_infrastructure_v1_1_0_util_axis2vector__parameterized0 is either unconnected or has no load
WARNING: [Synth 8-7129] Port TSTRB[9] in module axis_infrastructure_v1_1_0_util_axis2vector__parameterized0 is either unconnected or has no load
WARNING: [Synth 8-7129] Port TSTRB[8] in module axis_infrastructure_v1_1_0_util_axis2vector__parameterized0 is either unconnected or has no load
WARNING: [Synth 8-7129] Port TSTRB[7] in module axis_infrastructure_v1_1_0_util_axis2vector__parameterized0 is either unconnected or has no load
WARNING: [Synth 8-7129] Port TSTRB[6] in module axis_infrastructure_v1_1_0_util_axis2vector__parameterized0 is either unconnected or has no load
WARNING: [Synth 8-7129] Port TSTRB[5] in module axis_infrastructure_v1_1_0_util_axis2vector__parameterized0 is either unconnected or has no load
WARNING: [Synth 8-7129] Port TSTRB[4] in module axis_infrastructure_v1_1_0_util_axis2vector__parameterized0 is either unconnected or has no load
WARNING: [Synth 8-7129] Port TSTRB[3] in module axis_infrastructure_v1_1_0_util_axis2vector__parameterized0 is either unconnected or has no load
WARNING: [Synth 8-7129] Port TSTRB[2] in module axis_infrastructure_v1_1_0_util_axis2vector__parameterized0 is either unconnected or has no load
WARNING: [Synth 8-7129] Port TSTRB[1] in module axis_infrastructure_v1_1_0_util_axis2vector__parameterized0 is either unconnected or has no load
WARNING: [Synth 8-7129] Port TSTRB[0] in module axis_infrastructure_v1_1_0_util_axis2vector__parameterized0 is either unconnected or has no load
WARNING: [Synth 8-7129] Port TKEEP[31] in module axis_infrastructure_v1_1_0_util_axis2vector__parameterized0 is either unconnected or has no load
WARNING: [Synth 8-7129] Port TKEEP[30] in module axis_infrastructure_v1_1_0_util_axis2vector__parameterized0 is either unconnected or has no load
WARNING: [Synth 8-7129] Port TKEEP[29] in module axis_infrastructure_v1_1_0_util_axis2vector__parameterized0 is either unconnected or has no load
WARNING: [Synth 8-7129] Port TKEEP[28] in module axis_infrastructure_v1_1_0_util_axis2vector__parameterized0 is either unconnected or has no load
WARNING: [Synth 8-7129] Port TKEEP[27] in module axis_infrastructure_v1_1_0_util_axis2vector__parameterized0 is either unconnected or has no load
WARNING: [Synth 8-7129] Port TKEEP[26] in module axis_infrastructure_v1_1_0_util_axis2vector__parameterized0 is either unconnected or has no load
WARNING: [Synth 8-7129] Port TKEEP[25] in module axis_infrastructure_v1_1_0_util_axis2vector__parameterized0 is either unconnected or has no load
WARNING: [Synth 8-7129] Port TKEEP[24] in module axis_infrastructure_v1_1_0_util_axis2vector__parameterized0 is either unconnected or has no load
WARNING: [Synth 8-7129] Port TKEEP[23] in module axis_infrastructure_v1_1_0_util_axis2vector__parameterized0 is either unconnected or has no load
WARNING: [Synth 8-7129] Port TKEEP[22] in module axis_infrastructure_v1_1_0_util_axis2vector__parameterized0 is either unconnected or has no load
WARNING: [Synth 8-7129] Port TKEEP[21] in module axis_infrastructure_v1_1_0_util_axis2vector__parameterized0 is either unconnected or has no load
WARNING: [Synth 8-7129] Port TKEEP[20] in module axis_infrastructure_v1_1_0_util_axis2vector__parameterized0 is either unconnected or has no load
WARNING: [Synth 8-7129] Port TKEEP[19] in module axis_infrastructure_v1_1_0_util_axis2vector__parameterized0 is either unconnected or has no load
WARNING: [Synth 8-7129] Port TKEEP[18] in module axis_infrastructure_v1_1_0_util_axis2vector__parameterized0 is either unconnected or has no load
WARNING: [Synth 8-7129] Port TKEEP[17] in module axis_infrastructure_v1_1_0_util_axis2vector__parameterized0 is either unconnected or has no load
WARNING: [Synth 8-7129] Port TKEEP[16] in module axis_infrastructure_v1_1_0_util_axis2vector__parameterized0 is either unconnected or has no load
WARNING: [Synth 8-7129] Port TKEEP[15] in module axis_infrastructure_v1_1_0_util_axis2vector__parameterized0 is either unconnected or has no load
WARNING: [Synth 8-7129] Port TKEEP[14] in module axis_infrastructure_v1_1_0_util_axis2vector__parameterized0 is either unconnected or has no load
WARNING: [Synth 8-7129] Port TKEEP[13] in module axis_infrastructure_v1_1_0_util_axis2vector__parameterized0 is either unconnected or has no load
WARNING: [Synth 8-7129] Port TKEEP[12] in module axis_infrastructure_v1_1_0_util_axis2vector__parameterized0 is either unconnected or has no load
WARNING: [Synth 8-7129] Port TKEEP[11] in module axis_infrastructure_v1_1_0_util_axis2vector__parameterized0 is either unconnected or has no load
WARNING: [Synth 8-7129] Port TKEEP[10] in module axis_infrastructure_v1_1_0_util_axis2vector__parameterized0 is either unconnected or has no load
WARNING: [Synth 8-7129] Port TKEEP[9] in module axis_infrastructure_v1_1_0_util_axis2vector__parameterized0 is either unconnected or has no load
WARNING: [Synth 8-7129] Port TKEEP[8] in module axis_infrastructure_v1_1_0_util_axis2vector__parameterized0 is either unconnected or has no load
WARNING: [Synth 8-7129] Port TKEEP[7] in module axis_infrastructure_v1_1_0_util_axis2vector__parameterized0 is either unconnected or has no load
WARNING: [Synth 8-7129] Port TKEEP[6] in module axis_infrastructure_v1_1_0_util_axis2vector__parameterized0 is either unconnected or has no load
WARNING: [Synth 8-7129] Port TKEEP[5] in module axis_infrastructure_v1_1_0_util_axis2vector__parameterized0 is either unconnected or has no load
WARNING: [Synth 8-7129] Port TKEEP[4] in module axis_infrastructure_v1_1_0_util_axis2vector__parameterized0 is either unconnected or has no load
WARNING: [Synth 8-7129] Port TKEEP[3] in module axis_infrastructure_v1_1_0_util_axis2vector__parameterized0 is either unconnected or has no load
WARNING: [Synth 8-7129] Port TKEEP[2] in module axis_infrastructure_v1_1_0_util_axis2vector__parameterized0 is either unconnected or has no load
WARNING: [Synth 8-7129] Port TKEEP[1] in module axis_infrastructure_v1_1_0_util_axis2vector__parameterized0 is either unconnected or has no load
WARNING: [Synth 8-7129] Port TKEEP[0] in module axis_infrastructure_v1_1_0_util_axis2vector__parameterized0 is either unconnected or has no load
WARNING: [Synth 8-7129] Port TLAST in module axis_infrastructure_v1_1_0_util_axis2vector__parameterized0 is either unconnected or has no load
WARNING: [Synth 8-7129] Port TID[0] in module axis_infrastructure_v1_1_0_util_axis2vector__parameterized0 is either unconnected or has no load
WARNING: [Synth 8-7129] Port TDEST[0] in module axis_infrastructure_v1_1_0_util_axis2vector__parameterized0 is either unconnected or has no load
WARNING: [Synth 8-7129] Port TUSER[31] in module axis_infrastructure_v1_1_0_util_axis2vector__parameterized0 is either unconnected or has no load
WARNING: [Synth 8-7129] Port TUSER[30] in module axis_infrastructure_v1_1_0_util_axis2vector__parameterized0 is either unconnected or has no load
WARNING: [Synth 8-7129] Port TUSER[29] in module axis_infrastructure_v1_1_0_util_axis2vector__parameterized0 is either unconnected or has no load
WARNING: [Synth 8-7129] Port TUSER[28] in module axis_infrastructure_v1_1_0_util_axis2vector__parameterized0 is either unconnected or has no load
WARNING: [Synth 8-7129] Port TUSER[27] in module axis_infrastructure_v1_1_0_util_axis2vector__parameterized0 is either unconnected or has no load
WARNING: [Synth 8-7129] Port TUSER[26] in module axis_infrastructure_v1_1_0_util_axis2vector__parameterized0 is either unconnected or has no load
WARNING: [Synth 8-7129] Port TUSER[25] in module axis_infrastructure_v1_1_0_util_axis2vector__parameterized0 is either unconnected or has no load
WARNING: [Synth 8-7129] Port TUSER[24] in module axis_infrastructure_v1_1_0_util_axis2vector__parameterized0 is either unconnected or has no load
WARNING: [Synth 8-7129] Port TUSER[23] in module axis_infrastructure_v1_1_0_util_axis2vector__parameterized0 is either unconnected or has no load
WARNING: [Synth 8-7129] Port TUSER[22] in module axis_infrastructure_v1_1_0_util_axis2vector__parameterized0 is either unconnected or has no load
WARNING: [Synth 8-7129] Port TUSER[21] in module axis_infrastructure_v1_1_0_util_axis2vector__parameterized0 is either unconnected or has no load
WARNING: [Synth 8-7129] Port TUSER[20] in module axis_infrastructure_v1_1_0_util_axis2vector__parameterized0 is either unconnected or has no load
WARNING: [Synth 8-7129] Port TUSER[19] in module axis_infrastructure_v1_1_0_util_axis2vector__parameterized0 is either unconnected or has no load
WARNING: [Synth 8-7129] Port TUSER[18] in module axis_infrastructure_v1_1_0_util_axis2vector__parameterized0 is either unconnected or has no load
WARNING: [Synth 8-7129] Port TUSER[17] in module axis_infrastructure_v1_1_0_util_axis2vector__parameterized0 is either unconnected or has no load
WARNING: [Synth 8-7129] Port TUSER[16] in module axis_infrastructure_v1_1_0_util_axis2vector__parameterized0 is either unconnected or has no load
WARNING: [Synth 8-7129] Port TUSER[15] in module axis_infrastructure_v1_1_0_util_axis2vector__parameterized0 is either unconnected or has no load
WARNING: [Synth 8-7129] Port TUSER[14] in module axis_infrastructure_v1_1_0_util_axis2vector__parameterized0 is either unconnected or has no load
WARNING: [Synth 8-7129] Port TUSER[13] in module axis_infrastructure_v1_1_0_util_axis2vector__parameterized0 is either unconnected or has no load
WARNING: [Synth 8-7129] Port TUSER[12] in module axis_infrastructure_v1_1_0_util_axis2vector__parameterized0 is either unconnected or has no load
WARNING: [Synth 8-7129] Port TUSER[11] in module axis_infrastructure_v1_1_0_util_axis2vector__parameterized0 is either unconnected or has no load
WARNING: [Synth 8-7129] Port TUSER[10] in module axis_infrastructure_v1_1_0_util_axis2vector__parameterized0 is either unconnected or has no load
WARNING: [Synth 8-7129] Port TUSER[9] in module axis_infrastructure_v1_1_0_util_axis2vector__parameterized0 is either unconnected or has no load
WARNING: [Synth 8-7129] Port TUSER[8] in module axis_infrastructure_v1_1_0_util_axis2vector__parameterized0 is either unconnected or has no load
WARNING: [Synth 8-7129] Port TUSER[7] in module axis_infrastructure_v1_1_0_util_axis2vector__parameterized0 is either unconnected or has no load
WARNING: [Synth 8-7129] Port TUSER[6] in module axis_infrastructure_v1_1_0_util_axis2vector__parameterized0 is either unconnected or has no load
WARNING: [Synth 8-7129] Port TUSER[5] in module axis_infrastructure_v1_1_0_util_axis2vector__parameterized0 is either unconnected or has no load
WARNING: [Synth 8-7129] Port TUSER[4] in module axis_infrastructure_v1_1_0_util_axis2vector__parameterized0 is either unconnected or has no load
WARNING: [Synth 8-7129] Port TUSER[3] in module axis_infrastructure_v1_1_0_util_axis2vector__parameterized0 is either unconnected or has no load
INFO: [Common 17-14] Message 'Synth 8-7129' appears 100 times and further instances of the messages will be disabled. Use the Tcl command set_msg_config to change the current settings.
---------------------------------------------------------------------------------
Finished RTL Elaboration : Time (s): cpu = 00:00:11 ; elapsed = 00:00:37 . Memory (MB): peak = 1801.613 ; gain = 338.375
---------------------------------------------------------------------------------
---------------------------------------------------------------------------------
Start Handling Custom Attributes
---------------------------------------------------------------------------------
---------------------------------------------------------------------------------
Finished Handling Custom Attributes : Time (s): cpu = 00:00:11 ; elapsed = 00:00:38 . Memory (MB): peak = 1821.520 ; gain = 358.281
---------------------------------------------------------------------------------
---------------------------------------------------------------------------------
Finished RTL Optimization Phase 1 : Time (s): cpu = 00:00:11 ; elapsed = 00:00:38 . Memory (MB): peak = 1821.520 ; gain = 358.281
---------------------------------------------------------------------------------
Netlist sorting complete. Time (s): cpu = 00:00:00 ; elapsed = 00:00:00.093 . Memory (MB): peak = 1821.520 ; gain = 0.000
INFO: [Project 1-570] Preparing netlist for logic optimization

Processing XDC Constraints
Initializing timing engine
Parsing XDC File [c:/Users/joebe/Documents/RFSoC/RFSoC-MTS-main_ORIGINAL/RFSoC-MTS-main/boards/RFSoC4x2/build_mts/mts/mts.gen/sources_1/bd/mts/ip/mts_axis_dwidth_converter_0_2/mts_axis_dwidth_converter_0_2_ooc.xdc] for cell 'inst'
create_clock: Time (s): cpu = 00:00:12 ; elapsed = 00:00:14 . Memory (MB): peak = 1945.613 ; gain = 0.047
Finished Parsing XDC File [c:/Users/joebe/Documents/RFSoC/RFSoC-MTS-main_ORIGINAL/RFSoC-MTS-main/boards/RFSoC4x2/build_mts/mts/mts.gen/sources_1/bd/mts/ip/mts_axis_dwidth_converter_0_2/mts_axis_dwidth_converter_0_2_ooc.xdc] for cell 'inst'
Parsing XDC File [C:/Users/joebe/Documents/RFSoC/RFSoC-MTS-main_ORIGINAL/RFSoC-MTS-main/boards/RFSoC4x2/build_mts/mts/mts.runs/mts_axis_dwidth_converter_0_2_synth_1/dont_touch.xdc]
Finished Parsing XDC File [C:/Users/joebe/Documents/RFSoC/RFSoC-MTS-main_ORIGINAL/RFSoC-MTS-main/boards/RFSoC4x2/build_mts/mts/mts.runs/mts_axis_dwidth_converter_0_2_synth_1/dont_touch.xdc]
Completed Processing XDC Constraints

Netlist sorting complete. Time (s): cpu = 00:00:00 ; elapsed = 00:00:00.001 . Memory (MB): peak = 1945.613 ; gain = 0.000
INFO: [Project 1-111] Unisim Transformation Summary:
No Unisim elements were transformed.

Constraint Validation Runtime : Time (s): cpu = 00:00:00 ; elapsed = 00:00:00.153 . Memory (MB): peak = 1945.613 ; gain = 0.000
INFO: [Designutils 20-5008] Incremental synthesis strategy off
---------------------------------------------------------------------------------
Finished Constraint Validation : Time (s): cpu = 00:00:34 ; elapsed = 00:01:41 . Memory (MB): peak = 1945.613 ; gain = 482.375
---------------------------------------------------------------------------------
---------------------------------------------------------------------------------
Start Loading Part and Timing Information
---------------------------------------------------------------------------------
Loading part: xczu48dr-fsvg1517-2-e
INFO: [Synth 8-6742] Reading net delay rules and data
---------------------------------------------------------------------------------
Finished Loading Part and Timing Information : Time (s): cpu = 00:00:34 ; elapsed = 00:01:41 . Memory (MB): peak = 1945.613 ; gain = 482.375
---------------------------------------------------------------------------------
---------------------------------------------------------------------------------
Start Applying 'set_property' XDC Constraints
---------------------------------------------------------------------------------
Applied set_property KEEP_HIERARCHY = SOFT for inst. (constraint file  C:/Users/joebe/Documents/RFSoC/RFSoC-MTS-main_ORIGINAL/RFSoC-MTS-main/boards/RFSoC4x2/build_mts/mts/mts.runs/mts_axis_dwidth_converter_0_2_synth_1/dont_touch.xdc, line 9).
---------------------------------------------------------------------------------
Finished applying 'set_property' XDC Constraints : Time (s): cpu = 00:00:34 ; elapsed = 00:01:41 . Memory (MB): peak = 1945.613 ; gain = 482.375
---------------------------------------------------------------------------------
INFO: [Synth 8-4490] FSM extraction disabled for register 'state_reg' through user attribute
---------------------------------------------------------------------------------
Finished RTL Optimization Phase 2 : Time (s): cpu = 00:00:35 ; elapsed = 00:01:42 . Memory (MB): peak = 1945.613 ; gain = 482.375
---------------------------------------------------------------------------------
---------------------------------------------------------------------------------
Start RTL Component Statistics 
---------------------------------------------------------------------------------
Detailed RTL Component Info : 
+---Registers : 
	              128 Bit    Registers := 3     
	               16 Bit    Registers := 9     
	                3 Bit    Registers := 1     
	                2 Bit    Registers := 1     
	                1 Bit    Registers := 9     
+---Muxes : 
	   3 Input    3 Bit        Muxes := 2     
	   2 Input    3 Bit        Muxes := 3     
	   2 Input    2 Bit        Muxes := 5     
	   2 Input    1 Bit        Muxes := 3     
---------------------------------------------------------------------------------
Finished RTL Component Statistics 
---------------------------------------------------------------------------------
---------------------------------------------------------------------------------
Start Part Resource Summary
---------------------------------------------------------------------------------
Part Resources:
DSPs: 4272 (col length:192)
BRAMs: 2160 (col length: RAMB18 192 RAMB36 96)
---------------------------------------------------------------------------------
Finished Part Resource Summary
---------------------------------------------------------------------------------
---------------------------------------------------------------------------------
Start Cross Boundary and Area Optimization
---------------------------------------------------------------------------------
WARNING: [Synth 8-7080] Parallel synthesis criteria is not met
---------------------------------------------------------------------------------
Finished Cross Boundary and Area Optimization : Time (s): cpu = 00:00:37 ; elapsed = 00:01:48 . Memory (MB): peak = 1945.613 ; gain = 482.375
---------------------------------------------------------------------------------
---------------------------------------------------------------------------------
Start Applying XDC Timing Constraints
---------------------------------------------------------------------------------
---------------------------------------------------------------------------------
Finished Applying XDC Timing Constraints : Time (s): cpu = 00:00:55 ; elapsed = 00:02:20 . Memory (MB): peak = 2322.891 ; gain = 859.652
---------------------------------------------------------------------------------
---------------------------------------------------------------------------------
Start Timing Optimization
---------------------------------------------------------------------------------
---------------------------------------------------------------------------------
Finished Timing Optimization : Time (s): cpu = 00:00:56 ; elapsed = 00:02:20 . Memory (MB): peak = 2342.746 ; gain = 879.508
---------------------------------------------------------------------------------
---------------------------------------------------------------------------------
Start Technology Mapping
---------------------------------------------------------------------------------
---------------------------------------------------------------------------------
Finished Technology Mapping : Time (s): cpu = 00:00:56 ; elapsed = 00:02:21 . Memory (MB): peak = 2343.797 ; gain = 880.559
---------------------------------------------------------------------------------
---------------------------------------------------------------------------------
Start IO Insertion
---------------------------------------------------------------------------------
---------------------------------------------------------------------------------
Start Flattening Before IO Insertion
---------------------------------------------------------------------------------
---------------------------------------------------------------------------------
Finished Flattening Before IO Insertion
---------------------------------------------------------------------------------
---------------------------------------------------------------------------------
Start Final Netlist Cleanup
---------------------------------------------------------------------------------
---------------------------------------------------------------------------------
Finished Final Netlist Cleanup
---------------------------------------------------------------------------------
---------------------------------------------------------------------------------
Finished IO Insertion : Time (s): cpu = 00:01:02 ; elapsed = 00:02:28 . Memory (MB): peak = 2350.559 ; gain = 887.320
---------------------------------------------------------------------------------
---------------------------------------------------------------------------------
Start Renaming Generated Instances
---------------------------------------------------------------------------------
---------------------------------------------------------------------------------
Finished Renaming Generated Instances : Time (s): cpu = 00:01:02 ; elapsed = 00:02:28 . Memory (MB): peak = 2350.559 ; gain = 887.320
---------------------------------------------------------------------------------
---------------------------------------------------------------------------------
Start Rebuilding User Hierarchy
---------------------------------------------------------------------------------
---------------------------------------------------------------------------------
Finished Rebuilding User Hierarchy : Time (s): cpu = 00:01:02 ; elapsed = 00:02:28 . Memory (MB): peak = 2350.559 ; gain = 887.320
---------------------------------------------------------------------------------
---------------------------------------------------------------------------------
Start Renaming Generated Ports
---------------------------------------------------------------------------------
---------------------------------------------------------------------------------
Finished Renaming Generated Ports : Time (s): cpu = 00:01:02 ; elapsed = 00:02:28 . Memory (MB): peak = 2350.559 ; gain = 887.320
---------------------------------------------------------------------------------
---------------------------------------------------------------------------------
Start Handling Custom Attributes
---------------------------------------------------------------------------------
---------------------------------------------------------------------------------
Finished Handling Custom Attributes : Time (s): cpu = 00:01:02 ; elapsed = 00:02:28 . Memory (MB): peak = 2350.559 ; gain = 887.320
---------------------------------------------------------------------------------
---------------------------------------------------------------------------------
Start Renaming Generated Nets
---------------------------------------------------------------------------------
---------------------------------------------------------------------------------
Finished Renaming Generated Nets : Time (s): cpu = 00:01:02 ; elapsed = 00:02:28 . Memory (MB): peak = 2350.559 ; gain = 887.320
---------------------------------------------------------------------------------
---------------------------------------------------------------------------------
Start Writing Synthesis Report
---------------------------------------------------------------------------------

Report BlackBoxes: 
+-+--------------+----------+
| |BlackBox name |Instances |
+-+--------------+----------+
+-+--------------+----------+

Report Cell Usage: 
+------+-----+------+
|      |Cell |Count |
+------+-----+------+
|1     |LUT1 |     1|
|2     |LUT2 |     1|
|3     |LUT3 |     3|
|4     |LUT4 |     1|
|5     |LUT5 |     2|
|6     |LUT6 |     2|
|7     |FDRE |   389|
|8     |FDSE |     1|
+------+-----+------+
---------------------------------------------------------------------------------
Finished Writing Synthesis Report : Time (s): cpu = 00:01:02 ; elapsed = 00:02:28 . Memory (MB): peak = 2350.559 ; gain = 887.320
---------------------------------------------------------------------------------
Synthesis finished with 0 errors, 0 critical warnings and 37 warnings.
Synthesis Optimization Runtime : Time (s): cpu = 00:00:36 ; elapsed = 00:01:42 . Memory (MB): peak = 2350.559 ; gain = 763.227
Synthesis Optimization Complete : Time (s): cpu = 00:01:02 ; elapsed = 00:02:29 . Memory (MB): peak = 2350.559 ; gain = 887.320
INFO: [Project 1-571] Translating synthesized netlist
Netlist sorting complete. Time (s): cpu = 00:00:01 ; elapsed = 00:00:00.053 . Memory (MB): peak = 2362.602 ; gain = 0.000
INFO: [Project 1-570] Preparing netlist for logic optimization
INFO: [Opt 31-138] Pushed 0 inverter(s) to 0 load pin(s).
Netlist sorting complete. Time (s): cpu = 00:00:00 ; elapsed = 00:00:00 . Memory (MB): peak = 2407.656 ; gain = 0.000
INFO: [Project 1-111] Unisim Transformation Summary:
No Unisim elements were transformed.

Synth Design complete, checksum: d22891f
INFO: [Common 17-83] Releasing license: Synthesis
41 Infos, 104 Warnings, 0 Critical Warnings and 0 Errors encountered.
synth_design completed successfully
synth_design: Time (s): cpu = 00:01:17 ; elapsed = 00:03:17 . Memory (MB): peak = 2407.656 ; gain = 1100.180
INFO: [Common 17-1381] The checkpoint 'C:/Users/joebe/Documents/RFSoC/RFSoC-MTS-main_ORIGINAL/RFSoC-MTS-main/boards/RFSoC4x2/build_mts/mts/mts.runs/mts_axis_dwidth_converter_0_2_synth_1/mts_axis_dwidth_converter_0_2.dcp' has been generated.
INFO: [Coretcl 2-1648] Added synthesis output to IP cache for IP mts_axis_dwidth_converter_0_2, cache-ID = ed92db45a7dac8d9
INFO: [Coretcl 2-1174] Renamed 2 cell refs.
INFO: [Common 17-1381] The checkpoint 'C:/Users/joebe/Documents/RFSoC/RFSoC-MTS-main_ORIGINAL/RFSoC-MTS-main/boards/RFSoC4x2/build_mts/mts/mts.runs/mts_axis_dwidth_converter_0_2_synth_1/mts_axis_dwidth_converter_0_2.dcp' has been generated.
INFO: [runtcl-4] Executing : report_utilization -file mts_axis_dwidth_converter_0_2_utilization_synth.rpt -pb mts_axis_dwidth_converter_0_2_utilization_synth.pb
INFO: [Common 17-206] Exiting Vivado at Fri Nov 14 07:11:51 2025...
