
*** Running vivado
    with args -log mts_MTSclkwiz_0.vds -m64 -product Vivado -mode batch -messageDb vivado.pb -notrace -source mts_MTSclkwiz_0.tcl



****** Vivado v2022.1 (64-bit)
  **** SW Build 3526262 on Mon Apr 18 15:48:16 MDT 2022
  **** IP Build 3524634 on Mon Apr 18 20:55:01 MDT 2022
    ** Copyright 1986-2022 Xilinx, Inc. All Rights Reserved.

source mts_MTSclkwiz_0.tcl -notrace
create_project: Time (s): cpu = 00:00:10 ; elapsed = 00:00:14 . Memory (MB): peak = 1326.691 ; gain = 568.137
INFO: [IP_Flow 19-234] Refreshing IP repositories
WARNING: [IP_Flow 19-2248] Failed to load user IP repository 'c:/Users/joebe/Documents/RFSoC/RFSoC-MTS-main_ORIGINAL/RFSoC-MTS-main/ip'; Can't find the specified path.
If this directory should no longer be in your list of user repositories, go to the IP Settings dialog and remove it.
INFO: [IP_Flow 19-2313] Loaded Vivado IP repository 'C:/Xilinx/Vivado/2022.1/data/ip'.
WARNING: [IP_Flow 19-4995] The host OS only allows 260 characters in a normal path. The IP cache path is more than 80 characters. If you experience issues with IP caching, please consider changing the IP cache to a location with a shorter path. Alternately consider using the OS subst command to map part of the path to a drive letter. 
Current IP cache path is c:/Users/joebe/Documents/RFSoC/RFSoC-MTS-main_ORIGINAL/RFSoC-MTS-main/boards/RFSoC4x2/build_mts/mts/mts.cache/ip 
Command: synth_design -top mts_MTSclkwiz_0 -part xczu48dr-fsvg1517-2-e -incremental_mode off -mode out_of_context
Starting synth_design
Attempting to get a license for feature 'Synthesis' and/or device 'xczu48dr'
INFO: [Common 17-349] Got license for feature 'Synthesis' and/or device 'xczu48dr'
INFO: [Common 17-86] Your Synthesis license expires in 29 day(s)
INFO: [Device 21-403] Loading part xczu48dr-fsvg1517-2-e
INFO: [Synth 8-7079] Multithreading enabled for synth_design using a maximum of 2 processes.
INFO: [Synth 8-7078] Launching helper process for spawning children vivado processes
INFO: [Synth 8-7075] Helper process launched with PID 12452
WARNING: [Synth 8-9501] generate block is allowed only inside loop and conditional generate in SystemVerilog mode [C:/Xilinx/Vivado/2022.1/data/ip/xpm/xpm_fifo/hdl/xpm_fifo.sv:4023]
---------------------------------------------------------------------------------
Starting RTL Elaboration : Time (s): cpu = 00:00:08 ; elapsed = 00:00:22 . Memory (MB): peak = 1735.285 ; gain = 270.789
---------------------------------------------------------------------------------
INFO: [Synth 8-6157] synthesizing module 'mts_MTSclkwiz_0' [c:/Users/joebe/Documents/RFSoC/RFSoC-MTS-main_ORIGINAL/RFSoC-MTS-main/boards/RFSoC4x2/build_mts/mts/mts.gen/sources_1/bd/mts/ip/mts_MTSclkwiz_0/mts_MTSclkwiz_0.v:69]
INFO: [Synth 8-638] synthesizing module 'mts_MTSclkwiz_0_axi_clk_config' [c:/Users/joebe/Documents/RFSoC/RFSoC-MTS-main_ORIGINAL/RFSoC-MTS-main/boards/RFSoC4x2/build_mts/mts/mts.gen/sources_1/bd/mts/ip/mts_MTSclkwiz_0/mts_MTSclkwiz_0_axi_clk_config.vhd:183]
	Parameter C_S_AXI_ADDR_WIDTH bound to: 11 - type: integer 
	Parameter C_S_AXI_DATA_WIDTH bound to: 32 - type: integer 
INFO: [Synth 8-638] synthesizing module 'mts_MTSclkwiz_0_axi_lite_ipif' [c:/Users/joebe/Documents/RFSoC/RFSoC-MTS-main_ORIGINAL/RFSoC-MTS-main/boards/RFSoC4x2/build_mts/mts/mts.gen/sources_1/bd/mts/ip/mts_MTSclkwiz_0/axi_lite_ipif_v1_01_a/hdl/src/vhdl/mts_MTSclkwiz_0_axi_lite_ipif.vhd:245]
	Parameter C_S_AXI_DATA_WIDTH bound to: 32 - type: integer 
	Parameter C_S_AXI_ADDR_WIDTH bound to: 11 - type: integer 
	Parameter C_S_AXI_MIN_SIZE bound to: 32'b00000000000000000000011111111111 
	Parameter C_USE_WSTRB bound to: 1 - type: integer 
	Parameter C_DPHASE_TIMEOUT bound to: 64 - type: integer 
	Parameter C_ARD_ADDR_RANGE_ARRAY bound to: 256'b0000000000000000000000000000000000000000000000000000000000000000000000000000000000000000000000000000000000000000000000000001111100000000000000000000000000000000000000000000000000000010000000000000000000000000000000000000000000000000000000000000011111111111 
	Parameter C_ARD_NUM_CE_ARRAY bound to: 64'b0000000000000000000000000000100000000000000000000000000000000001 
	Parameter C_FAMILY bound to: virtex7 - type: string 
INFO: [Synth 8-638] synthesizing module 'mts_MTSclkwiz_0_slave_attachment' [c:/Users/joebe/Documents/RFSoC/RFSoC-MTS-main_ORIGINAL/RFSoC-MTS-main/boards/RFSoC4x2/build_mts/mts/mts.gen/sources_1/bd/mts/ip/mts_MTSclkwiz_0/axi_lite_ipif_v1_01_a/hdl/src/vhdl/mts_MTSclkwiz_0_slave_attachment.vhd:236]
	Parameter C_ARD_ADDR_RANGE_ARRAY bound to: 256'b0000000000000000000000000000000000000000000000000000000000000000000000000000000000000000000000000000000000000000000000000001111100000000000000000000000000000000000000000000000000000010000000000000000000000000000000000000000000000000000000000000011111111111 
	Parameter C_ARD_NUM_CE_ARRAY bound to: 64'b0000000000000000000000000000100000000000000000000000000000000001 
	Parameter C_IPIF_ABUS_WIDTH bound to: 11 - type: integer 
	Parameter C_IPIF_DBUS_WIDTH bound to: 32 - type: integer 
	Parameter C_S_AXI_MIN_SIZE bound to: 2047 - type: integer 
	Parameter C_USE_WSTRB bound to: 1 - type: integer 
	Parameter C_DPHASE_TIMEOUT bound to: 64 - type: integer 
	Parameter C_FAMILY bound to: virtex7 - type: string 
INFO: [Synth 8-638] synthesizing module 'mts_MTSclkwiz_0_address_decoder' [c:/Users/joebe/Documents/RFSoC/RFSoC-MTS-main_ORIGINAL/RFSoC-MTS-main/boards/RFSoC4x2/build_mts/mts/mts.gen/sources_1/bd/mts/ip/mts_MTSclkwiz_0/axi_lite_ipif_v1_01_a/hdl/src/vhdl/mts_MTSclkwiz_0_address_decoder.vhd:186]
	Parameter C_BUS_AWIDTH bound to: 11 - type: integer 
	Parameter C_S_AXI_MIN_SIZE bound to: 2047 - type: integer 
	Parameter C_ARD_ADDR_RANGE_ARRAY bound to: 256'b0000000000000000000000000000000000000000000000000000000000000000000000000000000000000000000000000000000000000000000000000001111100000000000000000000000000000000000000000000000000000010000000000000000000000000000000000000000000000000000000000000011111111111 
	Parameter C_ARD_NUM_CE_ARRAY bound to: 64'b0000000000000000000000000000100000000000000000000000000000000001 
	Parameter C_FAMILY bound to: nofamily - type: string 
INFO: [Synth 8-638] synthesizing module 'mts_MTSclkwiz_0_pselect_f' [c:/Users/joebe/Documents/RFSoC/RFSoC-MTS-main_ORIGINAL/RFSoC-MTS-main/boards/RFSoC4x2/build_mts/mts/mts.gen/sources_1/bd/mts/ip/mts_MTSclkwiz_0/proc_common_v3_00_a/hdl/src/vhdl/mts_MTSclkwiz_0_pselect_f.vhd:162]
	Parameter C_AB bound to: 6 - type: integer 
	Parameter C_AW bound to: 11 - type: integer 
	Parameter C_BAR bound to: 11'b00000000000 
	Parameter C_FAMILY bound to: nofamily - type: string 
INFO: [Synth 8-256] done synthesizing module 'mts_MTSclkwiz_0_pselect_f' (0#1) [c:/Users/joebe/Documents/RFSoC/RFSoC-MTS-main_ORIGINAL/RFSoC-MTS-main/boards/RFSoC4x2/build_mts/mts/mts.gen/sources_1/bd/mts/ip/mts_MTSclkwiz_0/proc_common_v3_00_a/hdl/src/vhdl/mts_MTSclkwiz_0_pselect_f.vhd:162]
INFO: [Synth 8-638] synthesizing module 'mts_MTSclkwiz_0_pselect_f__parameterized0' [c:/Users/joebe/Documents/RFSoC/RFSoC-MTS-main_ORIGINAL/RFSoC-MTS-main/boards/RFSoC4x2/build_mts/mts/mts.gen/sources_1/bd/mts/ip/mts_MTSclkwiz_0/proc_common_v3_00_a/hdl/src/vhdl/mts_MTSclkwiz_0_pselect_f.vhd:162]
	Parameter C_AB bound to: 3 - type: integer 
	Parameter C_AW bound to: 3 - type: integer 
	Parameter C_BAR bound to: 3'b000 
	Parameter C_FAMILY bound to: nofamily - type: string 
INFO: [Synth 8-256] done synthesizing module 'mts_MTSclkwiz_0_pselect_f__parameterized0' (0#1) [c:/Users/joebe/Documents/RFSoC/RFSoC-MTS-main_ORIGINAL/RFSoC-MTS-main/boards/RFSoC4x2/build_mts/mts/mts.gen/sources_1/bd/mts/ip/mts_MTSclkwiz_0/proc_common_v3_00_a/hdl/src/vhdl/mts_MTSclkwiz_0_pselect_f.vhd:162]
INFO: [Synth 8-638] synthesizing module 'mts_MTSclkwiz_0_pselect_f__parameterized1' [c:/Users/joebe/Documents/RFSoC/RFSoC-MTS-main_ORIGINAL/RFSoC-MTS-main/boards/RFSoC4x2/build_mts/mts/mts.gen/sources_1/bd/mts/ip/mts_MTSclkwiz_0/proc_common_v3_00_a/hdl/src/vhdl/mts_MTSclkwiz_0_pselect_f.vhd:162]
	Parameter C_AB bound to: 3 - type: integer 
	Parameter C_AW bound to: 3 - type: integer 
	Parameter C_BAR bound to: 3'b001 
	Parameter C_FAMILY bound to: nofamily - type: string 
INFO: [Synth 8-256] done synthesizing module 'mts_MTSclkwiz_0_pselect_f__parameterized1' (0#1) [c:/Users/joebe/Documents/RFSoC/RFSoC-MTS-main_ORIGINAL/RFSoC-MTS-main/boards/RFSoC4x2/build_mts/mts/mts.gen/sources_1/bd/mts/ip/mts_MTSclkwiz_0/proc_common_v3_00_a/hdl/src/vhdl/mts_MTSclkwiz_0_pselect_f.vhd:162]
INFO: [Synth 8-638] synthesizing module 'mts_MTSclkwiz_0_pselect_f__parameterized2' [c:/Users/joebe/Documents/RFSoC/RFSoC-MTS-main_ORIGINAL/RFSoC-MTS-main/boards/RFSoC4x2/build_mts/mts/mts.gen/sources_1/bd/mts/ip/mts_MTSclkwiz_0/proc_common_v3_00_a/hdl/src/vhdl/mts_MTSclkwiz_0_pselect_f.vhd:162]
	Parameter C_AB bound to: 3 - type: integer 
	Parameter C_AW bound to: 3 - type: integer 
	Parameter C_BAR bound to: 3'b010 
	Parameter C_FAMILY bound to: nofamily - type: string 
INFO: [Synth 8-256] done synthesizing module 'mts_MTSclkwiz_0_pselect_f__parameterized2' (0#1) [c:/Users/joebe/Documents/RFSoC/RFSoC-MTS-main_ORIGINAL/RFSoC-MTS-main/boards/RFSoC4x2/build_mts/mts/mts.gen/sources_1/bd/mts/ip/mts_MTSclkwiz_0/proc_common_v3_00_a/hdl/src/vhdl/mts_MTSclkwiz_0_pselect_f.vhd:162]
INFO: [Synth 8-638] synthesizing module 'mts_MTSclkwiz_0_pselect_f__parameterized3' [c:/Users/joebe/Documents/RFSoC/RFSoC-MTS-main_ORIGINAL/RFSoC-MTS-main/boards/RFSoC4x2/build_mts/mts/mts.gen/sources_1/bd/mts/ip/mts_MTSclkwiz_0/proc_common_v3_00_a/hdl/src/vhdl/mts_MTSclkwiz_0_pselect_f.vhd:162]
	Parameter C_AB bound to: 3 - type: integer 
	Parameter C_AW bound to: 3 - type: integer 
	Parameter C_BAR bound to: 3'b011 
	Parameter C_FAMILY bound to: nofamily - type: string 
INFO: [Synth 8-256] done synthesizing module 'mts_MTSclkwiz_0_pselect_f__parameterized3' (0#1) [c:/Users/joebe/Documents/RFSoC/RFSoC-MTS-main_ORIGINAL/RFSoC-MTS-main/boards/RFSoC4x2/build_mts/mts/mts.gen/sources_1/bd/mts/ip/mts_MTSclkwiz_0/proc_common_v3_00_a/hdl/src/vhdl/mts_MTSclkwiz_0_pselect_f.vhd:162]
INFO: [Synth 8-638] synthesizing module 'mts_MTSclkwiz_0_pselect_f__parameterized4' [c:/Users/joebe/Documents/RFSoC/RFSoC-MTS-main_ORIGINAL/RFSoC-MTS-main/boards/RFSoC4x2/build_mts/mts/mts.gen/sources_1/bd/mts/ip/mts_MTSclkwiz_0/proc_common_v3_00_a/hdl/src/vhdl/mts_MTSclkwiz_0_pselect_f.vhd:162]
	Parameter C_AB bound to: 3 - type: integer 
	Parameter C_AW bound to: 3 - type: integer 
	Parameter C_BAR bound to: 3'b100 
	Parameter C_FAMILY bound to: nofamily - type: string 
INFO: [Synth 8-256] done synthesizing module 'mts_MTSclkwiz_0_pselect_f__parameterized4' (0#1) [c:/Users/joebe/Documents/RFSoC/RFSoC-MTS-main_ORIGINAL/RFSoC-MTS-main/boards/RFSoC4x2/build_mts/mts/mts.gen/sources_1/bd/mts/ip/mts_MTSclkwiz_0/proc_common_v3_00_a/hdl/src/vhdl/mts_MTSclkwiz_0_pselect_f.vhd:162]
INFO: [Synth 8-638] synthesizing module 'mts_MTSclkwiz_0_pselect_f__parameterized5' [c:/Users/joebe/Documents/RFSoC/RFSoC-MTS-main_ORIGINAL/RFSoC-MTS-main/boards/RFSoC4x2/build_mts/mts/mts.gen/sources_1/bd/mts/ip/mts_MTSclkwiz_0/proc_common_v3_00_a/hdl/src/vhdl/mts_MTSclkwiz_0_pselect_f.vhd:162]
	Parameter C_AB bound to: 3 - type: integer 
	Parameter C_AW bound to: 3 - type: integer 
	Parameter C_BAR bound to: 3'b101 
	Parameter C_FAMILY bound to: nofamily - type: string 
INFO: [Synth 8-256] done synthesizing module 'mts_MTSclkwiz_0_pselect_f__parameterized5' (0#1) [c:/Users/joebe/Documents/RFSoC/RFSoC-MTS-main_ORIGINAL/RFSoC-MTS-main/boards/RFSoC4x2/build_mts/mts/mts.gen/sources_1/bd/mts/ip/mts_MTSclkwiz_0/proc_common_v3_00_a/hdl/src/vhdl/mts_MTSclkwiz_0_pselect_f.vhd:162]
INFO: [Synth 8-638] synthesizing module 'mts_MTSclkwiz_0_pselect_f__parameterized6' [c:/Users/joebe/Documents/RFSoC/RFSoC-MTS-main_ORIGINAL/RFSoC-MTS-main/boards/RFSoC4x2/build_mts/mts/mts.gen/sources_1/bd/mts/ip/mts_MTSclkwiz_0/proc_common_v3_00_a/hdl/src/vhdl/mts_MTSclkwiz_0_pselect_f.vhd:162]
	Parameter C_AB bound to: 3 - type: integer 
	Parameter C_AW bound to: 3 - type: integer 
	Parameter C_BAR bound to: 3'b110 
	Parameter C_FAMILY bound to: nofamily - type: string 
INFO: [Synth 8-256] done synthesizing module 'mts_MTSclkwiz_0_pselect_f__parameterized6' (0#1) [c:/Users/joebe/Documents/RFSoC/RFSoC-MTS-main_ORIGINAL/RFSoC-MTS-main/boards/RFSoC4x2/build_mts/mts/mts.gen/sources_1/bd/mts/ip/mts_MTSclkwiz_0/proc_common_v3_00_a/hdl/src/vhdl/mts_MTSclkwiz_0_pselect_f.vhd:162]
INFO: [Synth 8-638] synthesizing module 'mts_MTSclkwiz_0_pselect_f__parameterized7' [c:/Users/joebe/Documents/RFSoC/RFSoC-MTS-main_ORIGINAL/RFSoC-MTS-main/boards/RFSoC4x2/build_mts/mts/mts.gen/sources_1/bd/mts/ip/mts_MTSclkwiz_0/proc_common_v3_00_a/hdl/src/vhdl/mts_MTSclkwiz_0_pselect_f.vhd:162]
	Parameter C_AB bound to: 3 - type: integer 
	Parameter C_AW bound to: 3 - type: integer 
	Parameter C_BAR bound to: 3'b111 
	Parameter C_FAMILY bound to: nofamily - type: string 
INFO: [Synth 8-256] done synthesizing module 'mts_MTSclkwiz_0_pselect_f__parameterized7' (0#1) [c:/Users/joebe/Documents/RFSoC/RFSoC-MTS-main_ORIGINAL/RFSoC-MTS-main/boards/RFSoC4x2/build_mts/mts/mts.gen/sources_1/bd/mts/ip/mts_MTSclkwiz_0/proc_common_v3_00_a/hdl/src/vhdl/mts_MTSclkwiz_0_pselect_f.vhd:162]
INFO: [Synth 8-638] synthesizing module 'mts_MTSclkwiz_0_pselect_f__parameterized8' [c:/Users/joebe/Documents/RFSoC/RFSoC-MTS-main_ORIGINAL/RFSoC-MTS-main/boards/RFSoC4x2/build_mts/mts/mts.gen/sources_1/bd/mts/ip/mts_MTSclkwiz_0/proc_common_v3_00_a/hdl/src/vhdl/mts_MTSclkwiz_0_pselect_f.vhd:162]
	Parameter C_AB bound to: 0 - type: integer 
	Parameter C_AW bound to: 11 - type: integer 
	Parameter C_BAR bound to: 11'b01000000000 
	Parameter C_FAMILY bound to: nofamily - type: string 
INFO: [Synth 8-256] done synthesizing module 'mts_MTSclkwiz_0_pselect_f__parameterized8' (0#1) [c:/Users/joebe/Documents/RFSoC/RFSoC-MTS-main_ORIGINAL/RFSoC-MTS-main/boards/RFSoC4x2/build_mts/mts/mts.gen/sources_1/bd/mts/ip/mts_MTSclkwiz_0/proc_common_v3_00_a/hdl/src/vhdl/mts_MTSclkwiz_0_pselect_f.vhd:162]
INFO: [Synth 8-256] done synthesizing module 'mts_MTSclkwiz_0_address_decoder' (0#1) [c:/Users/joebe/Documents/RFSoC/RFSoC-MTS-main_ORIGINAL/RFSoC-MTS-main/boards/RFSoC4x2/build_mts/mts/mts.gen/sources_1/bd/mts/ip/mts_MTSclkwiz_0/axi_lite_ipif_v1_01_a/hdl/src/vhdl/mts_MTSclkwiz_0_address_decoder.vhd:186]
INFO: [Synth 8-226] default block is never used [c:/Users/joebe/Documents/RFSoC/RFSoC-MTS-main_ORIGINAL/RFSoC-MTS-main/boards/RFSoC4x2/build_mts/mts/mts.gen/sources_1/bd/mts/ip/mts_MTSclkwiz_0/axi_lite_ipif_v1_01_a/hdl/src/vhdl/mts_MTSclkwiz_0_slave_attachment.vhd:438]
INFO: [Synth 8-256] done synthesizing module 'mts_MTSclkwiz_0_slave_attachment' (0#1) [c:/Users/joebe/Documents/RFSoC/RFSoC-MTS-main_ORIGINAL/RFSoC-MTS-main/boards/RFSoC4x2/build_mts/mts/mts.gen/sources_1/bd/mts/ip/mts_MTSclkwiz_0/axi_lite_ipif_v1_01_a/hdl/src/vhdl/mts_MTSclkwiz_0_slave_attachment.vhd:236]
INFO: [Synth 8-256] done synthesizing module 'mts_MTSclkwiz_0_axi_lite_ipif' (0#1) [c:/Users/joebe/Documents/RFSoC/RFSoC-MTS-main_ORIGINAL/RFSoC-MTS-main/boards/RFSoC4x2/build_mts/mts/mts.gen/sources_1/bd/mts/ip/mts_MTSclkwiz_0/axi_lite_ipif_v1_01_a/hdl/src/vhdl/mts_MTSclkwiz_0_axi_lite_ipif.vhd:245]
	Parameter C_S_AXI_ADDR_WIDTH bound to: 11 - type: integer 
	Parameter C_S_AXI_DATA_WIDTH bound to: 32 - type: integer 
	Parameter C_FAMILY bound to: virtex7 - type: string 
	Parameter CE_NUMBERS bound to: 9 - type: integer 
INFO: [Synth 8-3491] module 'mts_MTSclkwiz_0_clk_wiz_drp' declared at 'c:/Users/joebe/Documents/RFSoC/RFSoC-MTS-main_ORIGINAL/RFSoC-MTS-main/boards/RFSoC4x2/build_mts/mts/mts.gen/sources_1/bd/mts/ip/mts_MTSclkwiz_0/mts_MTSclkwiz_0_clk_wiz_drp.vhd:115' bound to instance 'CLK_CORE_DRP_I' of component 'mts_MTSclkwiz_0_clk_wiz_drp' [c:/Users/joebe/Documents/RFSoC/RFSoC-MTS-main_ORIGINAL/RFSoC-MTS-main/boards/RFSoC4x2/build_mts/mts/mts.gen/sources_1/bd/mts/ip/mts_MTSclkwiz_0/mts_MTSclkwiz_0_axi_clk_config.vhd:452]
INFO: [Synth 8-638] synthesizing module 'mts_MTSclkwiz_0_clk_wiz_drp' [c:/Users/joebe/Documents/RFSoC/RFSoC-MTS-main_ORIGINAL/RFSoC-MTS-main/boards/RFSoC4x2/build_mts/mts/mts.gen/sources_1/bd/mts/ip/mts_MTSclkwiz_0/mts_MTSclkwiz_0_clk_wiz_drp.vhd:159]
	Parameter C_S_AXI_ADDR_WIDTH bound to: 11 - type: integer 
	Parameter C_S_AXI_DATA_WIDTH bound to: 32 - type: integer 
	Parameter C_FAMILY bound to: virtex7 - type: string 
	Parameter CE_NUMBERS bound to: 9 - type: integer 
INFO: [Synth 8-3491] module 'mts_MTSclkwiz_0_clk_wiz' declared at 'c:/Users/joebe/Documents/RFSoC/RFSoC-MTS-main_ORIGINAL/RFSoC-MTS-main/boards/RFSoC4x2/build_mts/mts/mts.gen/sources_1/bd/mts/ip/mts_MTSclkwiz_0/mts_MTSclkwiz_0_clk_wiz.v:69' bound to instance 'clk_inst' of component 'mts_MTSclkwiz_0_clk_wiz' [c:/Users/joebe/Documents/RFSoC/RFSoC-MTS-main_ORIGINAL/RFSoC-MTS-main/boards/RFSoC4x2/build_mts/mts/mts.gen/sources_1/bd/mts/ip/mts_MTSclkwiz_0/mts_MTSclkwiz_0_clk_wiz_drp.vhd:534]
INFO: [Synth 8-6157] synthesizing module 'mts_MTSclkwiz_0_clk_wiz' [c:/Users/joebe/Documents/RFSoC/RFSoC-MTS-main_ORIGINAL/RFSoC-MTS-main/boards/RFSoC4x2/build_mts/mts/mts.gen/sources_1/bd/mts/ip/mts_MTSclkwiz_0/mts_MTSclkwiz_0_clk_wiz.v:69]
INFO: [Synth 8-6157] synthesizing module 'BUFG' [C:/Xilinx/Vivado/2022.1/scripts/rt/data/unisim_comp_diablo.v:1082]
INFO: [Synth 8-6155] done synthesizing module 'BUFG' (0#1) [C:/Xilinx/Vivado/2022.1/scripts/rt/data/unisim_comp_diablo.v:1082]
INFO: [Synth 8-6157] synthesizing module 'MMCME4_ADV' [C:/Xilinx/Vivado/2022.1/scripts/rt/data/unisim_comp_diablo.v:65898]
	Parameter BANDWIDTH bound to: HIGH - type: string 
	Parameter CLKFBOUT_MULT_F bound to: 3.000000 - type: double 
	Parameter CLKFBOUT_PHASE bound to: 0.000000 - type: double 
	Parameter CLKFBOUT_USE_FINE_PS bound to: FALSE - type: string 
	Parameter CLKIN1_PERIOD bound to: 2.000000 - type: double 
	Parameter CLKOUT0_DIVIDE_F bound to: 3.000000 - type: double 
	Parameter CLKOUT0_DUTY_CYCLE bound to: 0.500000 - type: double 
	Parameter CLKOUT0_PHASE bound to: 0.000000 - type: double 
	Parameter CLKOUT0_USE_FINE_PS bound to: FALSE - type: string 
	Parameter CLKOUT1_DIVIDE bound to: 6 - type: integer 
	Parameter CLKOUT1_DUTY_CYCLE bound to: 0.500000 - type: double 
	Parameter CLKOUT1_PHASE bound to: 0.000000 - type: double 
	Parameter CLKOUT1_USE_FINE_PS bound to: FALSE - type: string 
	Parameter CLKOUT4_CASCADE bound to: FALSE - type: string 
	Parameter COMPENSATION bound to: AUTO - type: string 
	Parameter DIVCLK_DIVIDE bound to: 1 - type: integer 
	Parameter STARTUP_WAIT bound to: FALSE - type: string 
INFO: [Synth 8-6155] done synthesizing module 'MMCME4_ADV' (0#1) [C:/Xilinx/Vivado/2022.1/scripts/rt/data/unisim_comp_diablo.v:65898]
INFO: [Synth 8-6157] synthesizing module 'BUFGCE_DIV' [C:/Xilinx/Vivado/2022.1/scripts/rt/data/unisim_comp_diablo.v:1121]
	Parameter BUFGCE_DIVIDE bound to: 1 - type: integer 
	Parameter IS_CE_INVERTED bound to: 1'b0 
	Parameter IS_CLR_INVERTED bound to: 1'b0 
	Parameter IS_I_INVERTED bound to: 1'b0 
INFO: [Synth 8-6155] done synthesizing module 'BUFGCE_DIV' (0#1) [C:/Xilinx/Vivado/2022.1/scripts/rt/data/unisim_comp_diablo.v:1121]
INFO: [Synth 8-6155] done synthesizing module 'mts_MTSclkwiz_0_clk_wiz' (0#1) [c:/Users/joebe/Documents/RFSoC/RFSoC-MTS-main_ORIGINAL/RFSoC-MTS-main/boards/RFSoC4x2/build_mts/mts/mts.gen/sources_1/bd/mts/ip/mts_MTSclkwiz_0/mts_MTSclkwiz_0_clk_wiz.v:69]
	Parameter DEST_SYNC_FF bound to: 4 - type: integer 
	Parameter SIM_ASSERT_CHK bound to: 0 - type: integer 
	Parameter SRC_INPUT_REG bound to: 1 - type: integer 
INFO: [Synth 8-3491] module 'xpm_cdc_single' declared at 'C:/Xilinx/Vivado/2022.1/data/ip/xpm/xpm_cdc/hdl/xpm_cdc.sv:152' bound to instance 'xpm_cdc_single_rst' of component 'xpm_cdc_single' [c:/Users/joebe/Documents/RFSoC/RFSoC-MTS-main_ORIGINAL/RFSoC-MTS-main/boards/RFSoC4x2/build_mts/mts/mts.gen/sources_1/bd/mts/ip/mts_MTSclkwiz_0/mts_MTSclkwiz_0_clk_wiz_drp.vhd:546]
INFO: [Synth 8-6157] synthesizing module 'xpm_cdc_single' [C:/Xilinx/Vivado/2022.1/data/ip/xpm/xpm_cdc/hdl/xpm_cdc.sv:152]
	Parameter DEST_SYNC_FF bound to: 4 - type: integer 
	Parameter SIM_ASSERT_CHK bound to: 0 - type: integer 
	Parameter SRC_INPUT_REG bound to: 1 - type: integer 
INFO: [Synth 8-6155] done synthesizing module 'xpm_cdc_single' (0#1) [C:/Xilinx/Vivado/2022.1/data/ip/xpm/xpm_cdc/hdl/xpm_cdc.sv:152]
INFO: [Synth 8-3491] module 'mts_MTSclkwiz_0_clk_mon' declared at 'c:/Users/joebe/Documents/RFSoC/RFSoC-MTS-main_ORIGINAL/RFSoC-MTS-main/boards/RFSoC4x2/build_mts/mts/mts.gen/sources_1/bd/mts/ip/mts_MTSclkwiz_0/mts_MTSclkwiz_0_clk_mon.vhd:106' bound to instance 'clk_mon_inst' of component 'mts_MTSclkwiz_0_clk_mon' [c:/Users/joebe/Documents/RFSoC/RFSoC-MTS-main_ORIGINAL/RFSoC-MTS-main/boards/RFSoC4x2/build_mts/mts/mts.gen/sources_1/bd/mts/ip/mts_MTSclkwiz_0/mts_MTSclkwiz_0_clk_wiz_drp.vhd:559]
INFO: [Synth 8-638] synthesizing module 'mts_MTSclkwiz_0_clk_mon' [c:/Users/joebe/Documents/RFSoC/RFSoC-MTS-main_ORIGINAL/RFSoC-MTS-main/boards/RFSoC4x2/build_mts/mts/mts.gen/sources_1/bd/mts/ip/mts_MTSclkwiz_0/mts_MTSclkwiz_0_clk_mon.vhd:118]
INFO: [Synth 8-256] done synthesizing module 'mts_MTSclkwiz_0_clk_mon' (0#1) [c:/Users/joebe/Documents/RFSoC/RFSoC-MTS-main_ORIGINAL/RFSoC-MTS-main/boards/RFSoC4x2/build_mts/mts/mts.gen/sources_1/bd/mts/ip/mts_MTSclkwiz_0/mts_MTSclkwiz_0_clk_mon.vhd:118]
	Parameter DEST_SYNC_FF bound to: 4 - type: integer 
	Parameter SIM_ASSERT_CHK bound to: 0 - type: integer 
	Parameter SRC_INPUT_REG bound to: 1 - type: integer 
	Parameter WIDTH bound to: 16 - type: integer 
INFO: [Synth 8-3491] module 'xpm_cdc_array_single' declared at 'C:/Xilinx/Vivado/2022.1/data/ip/xpm/xpm_cdc/hdl/xpm_cdc.sv:902' bound to instance 'xpm_cdc_array_single_glitch' of component 'xpm_cdc_array_single' [c:/Users/joebe/Documents/RFSoC/RFSoC-MTS-main_ORIGINAL/RFSoC-MTS-main/boards/RFSoC4x2/build_mts/mts/mts.gen/sources_1/bd/mts/ip/mts_MTSclkwiz_0/mts_MTSclkwiz_0_clk_wiz_drp.vhd:570]
INFO: [Synth 8-6157] synthesizing module 'xpm_cdc_array_single' [C:/Xilinx/Vivado/2022.1/data/ip/xpm/xpm_cdc/hdl/xpm_cdc.sv:902]
	Parameter DEST_SYNC_FF bound to: 4 - type: integer 
	Parameter SIM_ASSERT_CHK bound to: 0 - type: integer 
	Parameter SRC_INPUT_REG bound to: 1 - type: integer 
	Parameter WIDTH bound to: 16 - type: integer 
INFO: [Synth 8-6155] done synthesizing module 'xpm_cdc_array_single' (0#1) [C:/Xilinx/Vivado/2022.1/data/ip/xpm/xpm_cdc/hdl/xpm_cdc.sv:902]
INFO: [Synth 8-256] done synthesizing module 'mts_MTSclkwiz_0_clk_wiz_drp' (0#1) [c:/Users/joebe/Documents/RFSoC/RFSoC-MTS-main_ORIGINAL/RFSoC-MTS-main/boards/RFSoC4x2/build_mts/mts/mts.gen/sources_1/bd/mts/ip/mts_MTSclkwiz_0/mts_MTSclkwiz_0_clk_wiz_drp.vhd:159]
INFO: [Synth 8-638] synthesizing module 'mts_MTSclkwiz_0_soft_reset' [c:/Users/joebe/Documents/RFSoC/RFSoC-MTS-main_ORIGINAL/RFSoC-MTS-main/boards/RFSoC4x2/build_mts/mts/mts.gen/sources_1/bd/mts/ip/mts_MTSclkwiz_0/proc_common_v3_00_a/hdl/src/vhdl/mts_MTSclkwiz_0_soft_reset.vhd:142]
	Parameter C_SIPIF_DWIDTH bound to: 32 - type: integer 
	Parameter C_RESET_WIDTH bound to: 16 - type: integer 
INFO: [Synth 8-113] binding component instance 'RST_FLOPS' to cell 'FDRSE' [c:/Users/joebe/Documents/RFSoC/RFSoC-MTS-main_ORIGINAL/RFSoC-MTS-main/boards/RFSoC4x2/build_mts/mts/mts.gen/sources_1/bd/mts/ip/mts_MTSclkwiz_0/proc_common_v3_00_a/hdl/src/vhdl/mts_MTSclkwiz_0_soft_reset.vhd:273]
INFO: [Synth 8-113] binding component instance 'RST_FLOPS' to cell 'FDRSE' [c:/Users/joebe/Documents/RFSoC/RFSoC-MTS-main_ORIGINAL/RFSoC-MTS-main/boards/RFSoC4x2/build_mts/mts/mts.gen/sources_1/bd/mts/ip/mts_MTSclkwiz_0/proc_common_v3_00_a/hdl/src/vhdl/mts_MTSclkwiz_0_soft_reset.vhd:273]
INFO: [Synth 8-113] binding component instance 'RST_FLOPS' to cell 'FDRSE' [c:/Users/joebe/Documents/RFSoC/RFSoC-MTS-main_ORIGINAL/RFSoC-MTS-main/boards/RFSoC4x2/build_mts/mts/mts.gen/sources_1/bd/mts/ip/mts_MTSclkwiz_0/proc_common_v3_00_a/hdl/src/vhdl/mts_MTSclkwiz_0_soft_reset.vhd:273]
INFO: [Synth 8-113] binding component instance 'RST_FLOPS' to cell 'FDRSE' [c:/Users/joebe/Documents/RFSoC/RFSoC-MTS-main_ORIGINAL/RFSoC-MTS-main/boards/RFSoC4x2/build_mts/mts/mts.gen/sources_1/bd/mts/ip/mts_MTSclkwiz_0/proc_common_v3_00_a/hdl/src/vhdl/mts_MTSclkwiz_0_soft_reset.vhd:273]
INFO: [Synth 8-113] binding component instance 'RST_FLOPS' to cell 'FDRSE' [c:/Users/joebe/Documents/RFSoC/RFSoC-MTS-main_ORIGINAL/RFSoC-MTS-main/boards/RFSoC4x2/build_mts/mts/mts.gen/sources_1/bd/mts/ip/mts_MTSclkwiz_0/proc_common_v3_00_a/hdl/src/vhdl/mts_MTSclkwiz_0_soft_reset.vhd:273]
INFO: [Synth 8-113] binding component instance 'RST_FLOPS' to cell 'FDRSE' [c:/Users/joebe/Documents/RFSoC/RFSoC-MTS-main_ORIGINAL/RFSoC-MTS-main/boards/RFSoC4x2/build_mts/mts/mts.gen/sources_1/bd/mts/ip/mts_MTSclkwiz_0/proc_common_v3_00_a/hdl/src/vhdl/mts_MTSclkwiz_0_soft_reset.vhd:273]
INFO: [Synth 8-113] binding component instance 'RST_FLOPS' to cell 'FDRSE' [c:/Users/joebe/Documents/RFSoC/RFSoC-MTS-main_ORIGINAL/RFSoC-MTS-main/boards/RFSoC4x2/build_mts/mts/mts.gen/sources_1/bd/mts/ip/mts_MTSclkwiz_0/proc_common_v3_00_a/hdl/src/vhdl/mts_MTSclkwiz_0_soft_reset.vhd:273]
INFO: [Synth 8-113] binding component instance 'RST_FLOPS' to cell 'FDRSE' [c:/Users/joebe/Documents/RFSoC/RFSoC-MTS-main_ORIGINAL/RFSoC-MTS-main/boards/RFSoC4x2/build_mts/mts/mts.gen/sources_1/bd/mts/ip/mts_MTSclkwiz_0/proc_common_v3_00_a/hdl/src/vhdl/mts_MTSclkwiz_0_soft_reset.vhd:273]
INFO: [Synth 8-113] binding component instance 'RST_FLOPS' to cell 'FDRSE' [c:/Users/joebe/Documents/RFSoC/RFSoC-MTS-main_ORIGINAL/RFSoC-MTS-main/boards/RFSoC4x2/build_mts/mts/mts.gen/sources_1/bd/mts/ip/mts_MTSclkwiz_0/proc_common_v3_00_a/hdl/src/vhdl/mts_MTSclkwiz_0_soft_reset.vhd:273]
INFO: [Synth 8-113] binding component instance 'RST_FLOPS' to cell 'FDRSE' [c:/Users/joebe/Documents/RFSoC/RFSoC-MTS-main_ORIGINAL/RFSoC-MTS-main/boards/RFSoC4x2/build_mts/mts/mts.gen/sources_1/bd/mts/ip/mts_MTSclkwiz_0/proc_common_v3_00_a/hdl/src/vhdl/mts_MTSclkwiz_0_soft_reset.vhd:273]
INFO: [Synth 8-113] binding component instance 'RST_FLOPS' to cell 'FDRSE' [c:/Users/joebe/Documents/RFSoC/RFSoC-MTS-main_ORIGINAL/RFSoC-MTS-main/boards/RFSoC4x2/build_mts/mts/mts.gen/sources_1/bd/mts/ip/mts_MTSclkwiz_0/proc_common_v3_00_a/hdl/src/vhdl/mts_MTSclkwiz_0_soft_reset.vhd:273]
INFO: [Synth 8-113] binding component instance 'RST_FLOPS' to cell 'FDRSE' [c:/Users/joebe/Documents/RFSoC/RFSoC-MTS-main_ORIGINAL/RFSoC-MTS-main/boards/RFSoC4x2/build_mts/mts/mts.gen/sources_1/bd/mts/ip/mts_MTSclkwiz_0/proc_common_v3_00_a/hdl/src/vhdl/mts_MTSclkwiz_0_soft_reset.vhd:273]
INFO: [Synth 8-113] binding component instance 'RST_FLOPS' to cell 'FDRSE' [c:/Users/joebe/Documents/RFSoC/RFSoC-MTS-main_ORIGINAL/RFSoC-MTS-main/boards/RFSoC4x2/build_mts/mts/mts.gen/sources_1/bd/mts/ip/mts_MTSclkwiz_0/proc_common_v3_00_a/hdl/src/vhdl/mts_MTSclkwiz_0_soft_reset.vhd:273]
INFO: [Synth 8-113] binding component instance 'RST_FLOPS' to cell 'FDRSE' [c:/Users/joebe/Documents/RFSoC/RFSoC-MTS-main_ORIGINAL/RFSoC-MTS-main/boards/RFSoC4x2/build_mts/mts/mts.gen/sources_1/bd/mts/ip/mts_MTSclkwiz_0/proc_common_v3_00_a/hdl/src/vhdl/mts_MTSclkwiz_0_soft_reset.vhd:273]
INFO: [Synth 8-113] binding component instance 'RST_FLOPS' to cell 'FDRSE' [c:/Users/joebe/Documents/RFSoC/RFSoC-MTS-main_ORIGINAL/RFSoC-MTS-main/boards/RFSoC4x2/build_mts/mts/mts.gen/sources_1/bd/mts/ip/mts_MTSclkwiz_0/proc_common_v3_00_a/hdl/src/vhdl/mts_MTSclkwiz_0_soft_reset.vhd:273]
INFO: [Synth 8-113] binding component instance 'RST_FLOPS' to cell 'FDRSE' [c:/Users/joebe/Documents/RFSoC/RFSoC-MTS-main_ORIGINAL/RFSoC-MTS-main/boards/RFSoC4x2/build_mts/mts/mts.gen/sources_1/bd/mts/ip/mts_MTSclkwiz_0/proc_common_v3_00_a/hdl/src/vhdl/mts_MTSclkwiz_0_soft_reset.vhd:273]
INFO: [Synth 8-113] binding component instance 'FF_WRACK' to cell 'FDRSE' [c:/Users/joebe/Documents/RFSoC/RFSoC-MTS-main_ORIGINAL/RFSoC-MTS-main/boards/RFSoC4x2/build_mts/mts/mts.gen/sources_1/bd/mts/ip/mts_MTSclkwiz_0/proc_common_v3_00_a/hdl/src/vhdl/mts_MTSclkwiz_0_soft_reset.vhd:296]
INFO: [Synth 8-256] done synthesizing module 'mts_MTSclkwiz_0_soft_reset' (0#1) [c:/Users/joebe/Documents/RFSoC/RFSoC-MTS-main_ORIGINAL/RFSoC-MTS-main/boards/RFSoC4x2/build_mts/mts/mts.gen/sources_1/bd/mts/ip/mts_MTSclkwiz_0/proc_common_v3_00_a/hdl/src/vhdl/mts_MTSclkwiz_0_soft_reset.vhd:142]
INFO: [Synth 8-256] done synthesizing module 'mts_MTSclkwiz_0_axi_clk_config' (0#1) [c:/Users/joebe/Documents/RFSoC/RFSoC-MTS-main_ORIGINAL/RFSoC-MTS-main/boards/RFSoC4x2/build_mts/mts/mts.gen/sources_1/bd/mts/ip/mts_MTSclkwiz_0/mts_MTSclkwiz_0_axi_clk_config.vhd:183]
INFO: [Synth 8-6155] done synthesizing module 'mts_MTSclkwiz_0' (0#1) [c:/Users/joebe/Documents/RFSoC/RFSoC-MTS-main_ORIGINAL/RFSoC-MTS-main/boards/RFSoC4x2/build_mts/mts/mts.gen/sources_1/bd/mts/ip/mts_MTSclkwiz_0/mts_MTSclkwiz_0.v:69]
WARNING: [Synth 8-6014] Unused sequential element load_enable_reg_actual_reg was removed.  [c:/Users/joebe/Documents/RFSoC/RFSoC-MTS-main_ORIGINAL/RFSoC-MTS-main/boards/RFSoC4x2/build_mts/mts/mts.gen/sources_1/bd/mts/ip/mts_MTSclkwiz_0/mts_MTSclkwiz_0_clk_wiz_drp.vhd:514]
WARNING: [Synth 8-6014] Unused sequential element SEN_reg was removed.  [c:/Users/joebe/Documents/RFSoC/RFSoC-MTS-main_ORIGINAL/RFSoC-MTS-main/boards/RFSoC4x2/build_mts/mts/mts.gen/sources_1/bd/mts/ip/mts_MTSclkwiz_0/mts_MTSclkwiz_0_clk_wiz_drp.vhd:516]
WARNING: [Synth 8-3848] Net srdy in module/entity mts_MTSclkwiz_0_clk_wiz_drp does not have driver. [c:/Users/joebe/Documents/RFSoC/RFSoC-MTS-main_ORIGINAL/RFSoC-MTS-main/boards/RFSoC4x2/build_mts/mts/mts.gen/sources_1/bd/mts/ip/mts_MTSclkwiz_0/mts_MTSclkwiz_0_clk_wiz_drp.vhd:287]
WARNING: [Synth 8-7129] Port Bus2IP_Data[0] in module mts_MTSclkwiz_0_soft_reset is either unconnected or has no load
WARNING: [Synth 8-7129] Port Bus2IP_Data[1] in module mts_MTSclkwiz_0_soft_reset is either unconnected or has no load
WARNING: [Synth 8-7129] Port Bus2IP_Data[2] in module mts_MTSclkwiz_0_soft_reset is either unconnected or has no load
WARNING: [Synth 8-7129] Port Bus2IP_Data[3] in module mts_MTSclkwiz_0_soft_reset is either unconnected or has no load
WARNING: [Synth 8-7129] Port Bus2IP_Data[4] in module mts_MTSclkwiz_0_soft_reset is either unconnected or has no load
WARNING: [Synth 8-7129] Port Bus2IP_Data[5] in module mts_MTSclkwiz_0_soft_reset is either unconnected or has no load
WARNING: [Synth 8-7129] Port Bus2IP_Data[6] in module mts_MTSclkwiz_0_soft_reset is either unconnected or has no load
WARNING: [Synth 8-7129] Port Bus2IP_Data[7] in module mts_MTSclkwiz_0_soft_reset is either unconnected or has no load
WARNING: [Synth 8-7129] Port Bus2IP_Data[8] in module mts_MTSclkwiz_0_soft_reset is either unconnected or has no load
WARNING: [Synth 8-7129] Port Bus2IP_Data[9] in module mts_MTSclkwiz_0_soft_reset is either unconnected or has no load
WARNING: [Synth 8-7129] Port Bus2IP_Data[10] in module mts_MTSclkwiz_0_soft_reset is either unconnected or has no load
WARNING: [Synth 8-7129] Port Bus2IP_Data[11] in module mts_MTSclkwiz_0_soft_reset is either unconnected or has no load
WARNING: [Synth 8-7129] Port Bus2IP_Data[12] in module mts_MTSclkwiz_0_soft_reset is either unconnected or has no load
WARNING: [Synth 8-7129] Port Bus2IP_Data[13] in module mts_MTSclkwiz_0_soft_reset is either unconnected or has no load
WARNING: [Synth 8-7129] Port Bus2IP_Data[14] in module mts_MTSclkwiz_0_soft_reset is either unconnected or has no load
WARNING: [Synth 8-7129] Port Bus2IP_Data[15] in module mts_MTSclkwiz_0_soft_reset is either unconnected or has no load
WARNING: [Synth 8-7129] Port Bus2IP_Data[16] in module mts_MTSclkwiz_0_soft_reset is either unconnected or has no load
WARNING: [Synth 8-7129] Port Bus2IP_Data[17] in module mts_MTSclkwiz_0_soft_reset is either unconnected or has no load
WARNING: [Synth 8-7129] Port Bus2IP_Data[18] in module mts_MTSclkwiz_0_soft_reset is either unconnected or has no load
WARNING: [Synth 8-7129] Port Bus2IP_Data[19] in module mts_MTSclkwiz_0_soft_reset is either unconnected or has no load
WARNING: [Synth 8-7129] Port Bus2IP_Data[20] in module mts_MTSclkwiz_0_soft_reset is either unconnected or has no load
WARNING: [Synth 8-7129] Port Bus2IP_Data[21] in module mts_MTSclkwiz_0_soft_reset is either unconnected or has no load
WARNING: [Synth 8-7129] Port Bus2IP_Data[22] in module mts_MTSclkwiz_0_soft_reset is either unconnected or has no load
WARNING: [Synth 8-7129] Port Bus2IP_Data[23] in module mts_MTSclkwiz_0_soft_reset is either unconnected or has no load
WARNING: [Synth 8-7129] Port Bus2IP_Data[24] in module mts_MTSclkwiz_0_soft_reset is either unconnected or has no load
WARNING: [Synth 8-7129] Port Bus2IP_Data[25] in module mts_MTSclkwiz_0_soft_reset is either unconnected or has no load
WARNING: [Synth 8-7129] Port Bus2IP_Data[26] in module mts_MTSclkwiz_0_soft_reset is either unconnected or has no load
WARNING: [Synth 8-7129] Port Bus2IP_Data[27] in module mts_MTSclkwiz_0_soft_reset is either unconnected or has no load
WARNING: [Synth 8-7129] Port Bus2IP_BE[0] in module mts_MTSclkwiz_0_soft_reset is either unconnected or has no load
WARNING: [Synth 8-7129] Port Bus2IP_BE[1] in module mts_MTSclkwiz_0_soft_reset is either unconnected or has no load
WARNING: [Synth 8-7129] Port Bus2IP_BE[2] in module mts_MTSclkwiz_0_soft_reset is either unconnected or has no load
WARNING: [Synth 8-7129] Port Ref_Clk in module mts_MTSclkwiz_0_clk_mon is either unconnected or has no load
WARNING: [Synth 8-7129] Port Reset in module mts_MTSclkwiz_0_clk_mon is either unconnected or has no load
WARNING: [Synth 8-7129] Port Bus2IP_RdCE[5] in module mts_MTSclkwiz_0_clk_wiz_drp is either unconnected or has no load
WARNING: [Synth 8-7129] Port Bus2IP_RdCE[6] in module mts_MTSclkwiz_0_clk_wiz_drp is either unconnected or has no load
WARNING: [Synth 8-7129] Port Bus2IP_RdCE[7] in module mts_MTSclkwiz_0_clk_wiz_drp is either unconnected or has no load
WARNING: [Synth 8-7129] Port Bus2IP_WrCE[0] in module mts_MTSclkwiz_0_clk_wiz_drp is either unconnected or has no load
WARNING: [Synth 8-7129] Port Bus2IP_WrCE[5] in module mts_MTSclkwiz_0_clk_wiz_drp is either unconnected or has no load
WARNING: [Synth 8-7129] Port Bus2IP_WrCE[6] in module mts_MTSclkwiz_0_clk_wiz_drp is either unconnected or has no load
WARNING: [Synth 8-7129] Port Bus2IP_WrCE[7] in module mts_MTSclkwiz_0_clk_wiz_drp is either unconnected or has no load
WARNING: [Synth 8-7129] Port A[0] in module mts_MTSclkwiz_0_pselect_f__parameterized8 is either unconnected or has no load
WARNING: [Synth 8-7129] Port A[1] in module mts_MTSclkwiz_0_pselect_f__parameterized8 is either unconnected or has no load
WARNING: [Synth 8-7129] Port A[2] in module mts_MTSclkwiz_0_pselect_f__parameterized8 is either unconnected or has no load
WARNING: [Synth 8-7129] Port A[3] in module mts_MTSclkwiz_0_pselect_f__parameterized8 is either unconnected or has no load
WARNING: [Synth 8-7129] Port A[4] in module mts_MTSclkwiz_0_pselect_f__parameterized8 is either unconnected or has no load
WARNING: [Synth 8-7129] Port A[5] in module mts_MTSclkwiz_0_pselect_f__parameterized8 is either unconnected or has no load
WARNING: [Synth 8-7129] Port A[6] in module mts_MTSclkwiz_0_pselect_f__parameterized8 is either unconnected or has no load
WARNING: [Synth 8-7129] Port A[7] in module mts_MTSclkwiz_0_pselect_f__parameterized8 is either unconnected or has no load
WARNING: [Synth 8-7129] Port A[8] in module mts_MTSclkwiz_0_pselect_f__parameterized8 is either unconnected or has no load
WARNING: [Synth 8-7129] Port A[9] in module mts_MTSclkwiz_0_pselect_f__parameterized8 is either unconnected or has no load
WARNING: [Synth 8-7129] Port A[10] in module mts_MTSclkwiz_0_pselect_f__parameterized8 is either unconnected or has no load
WARNING: [Synth 8-7129] Port A[6] in module mts_MTSclkwiz_0_pselect_f is either unconnected or has no load
WARNING: [Synth 8-7129] Port A[7] in module mts_MTSclkwiz_0_pselect_f is either unconnected or has no load
WARNING: [Synth 8-7129] Port A[8] in module mts_MTSclkwiz_0_pselect_f is either unconnected or has no load
WARNING: [Synth 8-7129] Port A[9] in module mts_MTSclkwiz_0_pselect_f is either unconnected or has no load
WARNING: [Synth 8-7129] Port A[10] in module mts_MTSclkwiz_0_pselect_f is either unconnected or has no load
WARNING: [Synth 8-7129] Port Bus_RNW in module mts_MTSclkwiz_0_address_decoder is either unconnected or has no load
---------------------------------------------------------------------------------
Finished RTL Elaboration : Time (s): cpu = 00:00:13 ; elapsed = 00:00:31 . Memory (MB): peak = 1818.820 ; gain = 354.324
---------------------------------------------------------------------------------
---------------------------------------------------------------------------------
Start Handling Custom Attributes
---------------------------------------------------------------------------------
---------------------------------------------------------------------------------
Finished Handling Custom Attributes : Time (s): cpu = 00:00:13 ; elapsed = 00:00:31 . Memory (MB): peak = 1837.734 ; gain = 373.238
---------------------------------------------------------------------------------
---------------------------------------------------------------------------------
Finished RTL Optimization Phase 1 : Time (s): cpu = 00:00:13 ; elapsed = 00:00:31 . Memory (MB): peak = 1837.734 ; gain = 373.238
---------------------------------------------------------------------------------
Netlist sorting complete. Time (s): cpu = 00:00:00 ; elapsed = 00:00:00.130 . Memory (MB): peak = 1849.762 ; gain = 0.000
INFO: [Netlist 29-17] Analyzing 20 Unisim elements for replacement
INFO: [Netlist 29-28] Unisim Transformation completed in 0 CPU seconds
INFO: [Project 1-570] Preparing netlist for logic optimization

Processing XDC Constraints
Initializing timing engine
Parsing XDC File [c:/Users/joebe/Documents/RFSoC/RFSoC-MTS-main_ORIGINAL/RFSoC-MTS-main/boards/RFSoC4x2/build_mts/mts/mts.gen/sources_1/bd/mts/ip/mts_MTSclkwiz_0/mts_MTSclkwiz_0_ooc.xdc] for cell 'inst'
create_clock: Time (s): cpu = 00:00:12 ; elapsed = 00:00:15 . Memory (MB): peak = 1961.898 ; gain = 0.023
Finished Parsing XDC File [c:/Users/joebe/Documents/RFSoC/RFSoC-MTS-main_ORIGINAL/RFSoC-MTS-main/boards/RFSoC4x2/build_mts/mts/mts.gen/sources_1/bd/mts/ip/mts_MTSclkwiz_0/mts_MTSclkwiz_0_ooc.xdc] for cell 'inst'
Parsing XDC File [c:/Users/joebe/Documents/RFSoC/RFSoC-MTS-main_ORIGINAL/RFSoC-MTS-main/boards/RFSoC4x2/build_mts/mts/mts.gen/sources_1/bd/mts/ip/mts_MTSclkwiz_0/mts_MTSclkwiz_0_board.xdc] for cell 'inst'
Finished Parsing XDC File [c:/Users/joebe/Documents/RFSoC/RFSoC-MTS-main_ORIGINAL/RFSoC-MTS-main/boards/RFSoC4x2/build_mts/mts/mts.gen/sources_1/bd/mts/ip/mts_MTSclkwiz_0/mts_MTSclkwiz_0_board.xdc] for cell 'inst'
Parsing XDC File [c:/Users/joebe/Documents/RFSoC/RFSoC-MTS-main_ORIGINAL/RFSoC-MTS-main/boards/RFSoC4x2/build_mts/mts/mts.gen/sources_1/bd/mts/ip/mts_MTSclkwiz_0/mts_MTSclkwiz_0.xdc] for cell 'inst'
INFO: [Vivado 12-12054] CLOCK_DELAY_GROUP constraint has been relocated to net inst/CLK_CORE_DRP_I/clk_inst/clk_out1 from the original constraint net inst/clk_out1. [c:/Users/joebe/Documents/RFSoC/RFSoC-MTS-main_ORIGINAL/RFSoC-MTS-main/boards/RFSoC4x2/build_mts/mts/mts.gen/sources_1/bd/mts/ip/mts_MTSclkwiz_0/mts_MTSclkwiz_0.xdc:64]
INFO: [Vivado 12-12054] CLOCK_DELAY_GROUP constraint has been relocated to net inst/CLK_CORE_DRP_I/clk_inst/clk_out1 from the original constraint net inst/CLK_CORE_DRP_I/clk_out1. [c:/Users/joebe/Documents/RFSoC/RFSoC-MTS-main_ORIGINAL/RFSoC-MTS-main/boards/RFSoC4x2/build_mts/mts/mts.gen/sources_1/bd/mts/ip/mts_MTSclkwiz_0/mts_MTSclkwiz_0.xdc:64]
INFO: [Vivado 12-12054] CLOCK_DELAY_GROUP constraint has been relocated to net inst/CLK_CORE_DRP_I/clk_inst/clk_out2 from the original constraint net inst/clk_out2. [c:/Users/joebe/Documents/RFSoC/RFSoC-MTS-main_ORIGINAL/RFSoC-MTS-main/boards/RFSoC4x2/build_mts/mts/mts.gen/sources_1/bd/mts/ip/mts_MTSclkwiz_0/mts_MTSclkwiz_0.xdc:64]
INFO: [Vivado 12-12054] CLOCK_DELAY_GROUP constraint has been relocated to net inst/CLK_CORE_DRP_I/clk_inst/clk_out2 from the original constraint net inst/CLK_CORE_DRP_I/clk_out2. [c:/Users/joebe/Documents/RFSoC/RFSoC-MTS-main_ORIGINAL/RFSoC-MTS-main/boards/RFSoC4x2/build_mts/mts/mts.gen/sources_1/bd/mts/ip/mts_MTSclkwiz_0/mts_MTSclkwiz_0.xdc:64]
Finished Parsing XDC File [c:/Users/joebe/Documents/RFSoC/RFSoC-MTS-main_ORIGINAL/RFSoC-MTS-main/boards/RFSoC4x2/build_mts/mts/mts.gen/sources_1/bd/mts/ip/mts_MTSclkwiz_0/mts_MTSclkwiz_0.xdc] for cell 'inst'
Parsing XDC File [C:/Users/joebe/Documents/RFSoC/RFSoC-MTS-main_ORIGINAL/RFSoC-MTS-main/boards/RFSoC4x2/build_mts/mts/mts.runs/mts_MTSclkwiz_0_synth_1/dont_touch.xdc]
Finished Parsing XDC File [C:/Users/joebe/Documents/RFSoC/RFSoC-MTS-main_ORIGINAL/RFSoC-MTS-main/boards/RFSoC4x2/build_mts/mts/mts.runs/mts_MTSclkwiz_0_synth_1/dont_touch.xdc]
INFO: [Project 1-236] Implementation specific constraints were found while reading constraint file [C:/Xilinx/Vivado/2022.1/data/ip/xpm/xpm_cdc/tcl/xpm_cdc_array_single.tcl]. These constraints will be ignored for synthesis but will be used in implementation. Impacted constraints are listed in the file [.Xil/mts_MTSclkwiz_0_propImpl.xdc].
Resolution: To avoid this warning, move constraints listed in [.Xil/mts_MTSclkwiz_0_propImpl.xdc] to another XDC file and exclude this new file from synthesis with the used_in_synthesis property (File Properties dialog in GUI) and re-run elaboration/synthesis.
INFO: [Project 1-236] Implementation specific constraints were found while reading constraint file [C:/Xilinx/Vivado/2022.1/data/ip/xpm/xpm_cdc/tcl/xpm_cdc_single.tcl]. These constraints will be ignored for synthesis but will be used in implementation. Impacted constraints are listed in the file [.Xil/mts_MTSclkwiz_0_propImpl.xdc].
Resolution: To avoid this warning, move constraints listed in [.Xil/mts_MTSclkwiz_0_propImpl.xdc] to another XDC file and exclude this new file from synthesis with the used_in_synthesis property (File Properties dialog in GUI) and re-run elaboration/synthesis.
INFO: [Project 1-1714] 2 XPM XDC files have been applied to the design.
Completed Processing XDC Constraints

Netlist sorting complete. Time (s): cpu = 00:00:00 ; elapsed = 00:00:00.002 . Memory (MB): peak = 1961.898 ; gain = 0.000
INFO: [Project 1-111] Unisim Transformation Summary:
  A total of 19 instances were transformed.
  BUFG => BUFGCE: 2 instances
  FDRSE => FDRSE (FDRE, LUT4, VCC): 17 instances

Constraint Validation Runtime : Time (s): cpu = 00:00:00 ; elapsed = 00:00:00.634 . Memory (MB): peak = 1961.898 ; gain = 0.000
INFO: [Designutils 20-5008] Incremental synthesis strategy off
---------------------------------------------------------------------------------
Finished Constraint Validation : Time (s): cpu = 00:00:38 ; elapsed = 00:01:09 . Memory (MB): peak = 1961.898 ; gain = 497.402
---------------------------------------------------------------------------------
---------------------------------------------------------------------------------
Start Loading Part and Timing Information
---------------------------------------------------------------------------------
Loading part: xczu48dr-fsvg1517-2-e
INFO: [Synth 8-6742] Reading net delay rules and data
---------------------------------------------------------------------------------
Finished Loading Part and Timing Information : Time (s): cpu = 00:00:38 ; elapsed = 00:01:09 . Memory (MB): peak = 1961.898 ; gain = 497.402
---------------------------------------------------------------------------------
---------------------------------------------------------------------------------
Start Applying 'set_property' XDC Constraints
---------------------------------------------------------------------------------
Applied set_property KEEP_HIERARCHY = SOFT for inst. (constraint file  C:/Users/joebe/Documents/RFSoC/RFSoC-MTS-main_ORIGINAL/RFSoC-MTS-main/boards/RFSoC4x2/build_mts/mts/mts.runs/mts_MTSclkwiz_0_synth_1/dont_touch.xdc, line 9).
Applied set_property KEEP_HIERARCHY = SOFT for inst/CLK_CORE_DRP_I/xpm_cdc_array_single_glitch. (constraint file  auto generated constraint).
Applied set_property KEEP_HIERARCHY = SOFT for inst/CLK_CORE_DRP_I/xpm_cdc_single_rst. (constraint file  auto generated constraint).
---------------------------------------------------------------------------------
Finished applying 'set_property' XDC Constraints : Time (s): cpu = 00:00:38 ; elapsed = 00:01:09 . Memory (MB): peak = 1961.898 ; gain = 497.402
---------------------------------------------------------------------------------
INFO: [Synth 8-802] inferred FSM for state register 'state_reg' in module 'mts_MTSclkwiz_0_slave_attachment'
WARNING: [Synth 8-3936] Found unconnected internal register 'clkout0_reg_reg' and it is trimmed from '32' to '18' bits. [c:/Users/joebe/Documents/RFSoC/RFSoC-MTS-main_ORIGINAL/RFSoC-MTS-main/boards/RFSoC4x2/build_mts/mts/mts.gen/sources_1/bd/mts/ip/mts_MTSclkwiz_0/mts_MTSclkwiz_0_clk_wiz_drp.vhd:401]
WARNING: [Synth 8-3936] Found unconnected internal register 'clkfbout_reg_reg' and it is trimmed from '32' to '26' bits. [c:/Users/joebe/Documents/RFSoC/RFSoC-MTS-main_ORIGINAL/RFSoC-MTS-main/boards/RFSoC4x2/build_mts/mts/mts.gen/sources_1/bd/mts/ip/mts_MTSclkwiz_0/mts_MTSclkwiz_0_clk_wiz_drp.vhd:398]
---------------------------------------------------------------------------------------------------
                   State |                     New Encoding |                Previous Encoding 
---------------------------------------------------------------------------------------------------
                 iSTATE2 |                             0001 |                               00
                  iSTATE |                             0010 |                               01
                 iSTATE0 |                             0100 |                               10
                 iSTATE1 |                             1000 |                               11
---------------------------------------------------------------------------------------------------
INFO: [Synth 8-3354] encoded FSM with state register 'state_reg' using encoding 'one-hot' in module 'mts_MTSclkwiz_0_slave_attachment'
---------------------------------------------------------------------------------
Finished RTL Optimization Phase 2 : Time (s): cpu = 00:00:40 ; elapsed = 00:01:13 . Memory (MB): peak = 1961.898 ; gain = 497.402
---------------------------------------------------------------------------------
---------------------------------------------------------------------------------
Start RTL Component Statistics 
---------------------------------------------------------------------------------
Detailed RTL Component Info : 
+---Adders : 
	   2 Input    7 Bit       Adders := 1     
+---Registers : 
	               32 Bit    Registers := 34    
	               26 Bit    Registers := 1     
	               18 Bit    Registers := 1     
	               16 Bit    Registers := 10    
	               11 Bit    Registers := 1     
	                7 Bit    Registers := 1     
	                4 Bit    Registers := 1     
	                2 Bit    Registers := 3     
	                1 Bit    Registers := 37    
+---Muxes : 
	   2 Input   32 Bit        Muxes := 4     
	   7 Input   32 Bit        Muxes := 1     
	   2 Input   11 Bit        Muxes := 1     
	   4 Input    4 Bit        Muxes := 1     
	   2 Input    4 Bit        Muxes := 6     
	   7 Input    3 Bit        Muxes := 1     
	   2 Input    2 Bit        Muxes := 3     
	   3 Input    2 Bit        Muxes := 1     
	   4 Input    2 Bit        Muxes := 1     
	   2 Input    1 Bit        Muxes := 87    
	   5 Input    1 Bit        Muxes := 37    
---------------------------------------------------------------------------------
Finished RTL Component Statistics 
---------------------------------------------------------------------------------
---------------------------------------------------------------------------------
Start Part Resource Summary
---------------------------------------------------------------------------------
Part Resources:
DSPs: 4272 (col length:192)
BRAMs: 2160 (col length: RAMB18 192 RAMB36 96)
---------------------------------------------------------------------------------
Finished Part Resource Summary
---------------------------------------------------------------------------------
---------------------------------------------------------------------------------
Start Cross Boundary and Area Optimization
---------------------------------------------------------------------------------
WARNING: [Synth 8-7080] Parallel synthesis criteria is not met
WARNING: [Synth 8-7129] Port Bus2IP_WrCE[0] in module mts_MTSclkwiz_0_clk_wiz_drp is either unconnected or has no load
WARNING: [Synth 8-7129] Port Bus2IP_WrCE[5] in module mts_MTSclkwiz_0_clk_wiz_drp is either unconnected or has no load
WARNING: [Synth 8-7129] Port Bus2IP_WrCE[6] in module mts_MTSclkwiz_0_clk_wiz_drp is either unconnected or has no load
WARNING: [Synth 8-7129] Port Bus2IP_WrCE[7] in module mts_MTSclkwiz_0_clk_wiz_drp is either unconnected or has no load
---------------------------------------------------------------------------------
Finished Cross Boundary and Area Optimization : Time (s): cpu = 00:00:52 ; elapsed = 00:01:38 . Memory (MB): peak = 1961.898 ; gain = 497.402
---------------------------------------------------------------------------------
---------------------------------------------------------------------------------
Start Applying XDC Timing Constraints
---------------------------------------------------------------------------------
---------------------------------------------------------------------------------
Finished Applying XDC Timing Constraints : Time (s): cpu = 00:01:11 ; elapsed = 00:02:18 . Memory (MB): peak = 2326.250 ; gain = 861.754
---------------------------------------------------------------------------------
---------------------------------------------------------------------------------
Start Timing Optimization
---------------------------------------------------------------------------------
---------------------------------------------------------------------------------
Finished Timing Optimization : Time (s): cpu = 00:01:19 ; elapsed = 00:02:29 . Memory (MB): peak = 2415.020 ; gain = 950.523
---------------------------------------------------------------------------------
---------------------------------------------------------------------------------
Start Technology Mapping
---------------------------------------------------------------------------------
---------------------------------------------------------------------------------
Finished Technology Mapping : Time (s): cpu = 00:01:20 ; elapsed = 00:02:32 . Memory (MB): peak = 2424.094 ; gain = 959.598
---------------------------------------------------------------------------------
---------------------------------------------------------------------------------
Start IO Insertion
---------------------------------------------------------------------------------
---------------------------------------------------------------------------------
Start Flattening Before IO Insertion
---------------------------------------------------------------------------------
---------------------------------------------------------------------------------
Finished Flattening Before IO Insertion
---------------------------------------------------------------------------------
---------------------------------------------------------------------------------
Start Final Netlist Cleanup
---------------------------------------------------------------------------------
---------------------------------------------------------------------------------
Finished Final Netlist Cleanup
---------------------------------------------------------------------------------
---------------------------------------------------------------------------------
Finished IO Insertion : Time (s): cpu = 00:01:26 ; elapsed = 00:02:40 . Memory (MB): peak = 2424.094 ; gain = 959.598
---------------------------------------------------------------------------------
---------------------------------------------------------------------------------
Start Renaming Generated Instances
---------------------------------------------------------------------------------
---------------------------------------------------------------------------------
Finished Renaming Generated Instances : Time (s): cpu = 00:01:26 ; elapsed = 00:02:40 . Memory (MB): peak = 2424.094 ; gain = 959.598
---------------------------------------------------------------------------------
---------------------------------------------------------------------------------
Start Rebuilding User Hierarchy
---------------------------------------------------------------------------------
---------------------------------------------------------------------------------
Finished Rebuilding User Hierarchy : Time (s): cpu = 00:01:27 ; elapsed = 00:02:41 . Memory (MB): peak = 2424.094 ; gain = 959.598
---------------------------------------------------------------------------------
---------------------------------------------------------------------------------
Start Renaming Generated Ports
---------------------------------------------------------------------------------
---------------------------------------------------------------------------------
Finished Renaming Generated Ports : Time (s): cpu = 00:01:27 ; elapsed = 00:02:41 . Memory (MB): peak = 2424.094 ; gain = 959.598
---------------------------------------------------------------------------------
---------------------------------------------------------------------------------
Start Handling Custom Attributes
---------------------------------------------------------------------------------
---------------------------------------------------------------------------------
Finished Handling Custom Attributes : Time (s): cpu = 00:01:27 ; elapsed = 00:02:41 . Memory (MB): peak = 2424.094 ; gain = 959.598
---------------------------------------------------------------------------------
---------------------------------------------------------------------------------
Start Renaming Generated Nets
---------------------------------------------------------------------------------
---------------------------------------------------------------------------------
Finished Renaming Generated Nets : Time (s): cpu = 00:01:27 ; elapsed = 00:02:41 . Memory (MB): peak = 2424.094 ; gain = 959.598
---------------------------------------------------------------------------------
---------------------------------------------------------------------------------
Start Writing Synthesis Report
---------------------------------------------------------------------------------

Report BlackBoxes: 
+-+--------------+----------+
| |BlackBox name |Instances |
+-+--------------+----------+
+-+--------------+----------+

Report Cell Usage: 
+------+-----------+------+
|      |Cell       |Count |
+------+-----------+------+
|1     |BUFG       |     2|
|2     |BUFGCE_DIV |     2|
|3     |LUT1       |    18|
|4     |LUT2       |    60|
|5     |LUT3       |    87|
|6     |LUT4       |    36|
|7     |LUT5       |    76|
|8     |LUT6       |   419|
|9     |MMCME4_ADV |     1|
|10    |MUXF7      |   100|
|11    |MUXF8      |     4|
|12    |FDRE       |  1305|
|13    |FDSE       |    55|
+------+-----------+------+
---------------------------------------------------------------------------------
Finished Writing Synthesis Report : Time (s): cpu = 00:01:27 ; elapsed = 00:02:41 . Memory (MB): peak = 2424.094 ; gain = 959.598
---------------------------------------------------------------------------------
Synthesis finished with 0 errors, 0 critical warnings and 7 warnings.
Synthesis Optimization Runtime : Time (s): cpu = 00:00:58 ; elapsed = 00:02:18 . Memory (MB): peak = 2424.094 ; gain = 835.434
Synthesis Optimization Complete : Time (s): cpu = 00:01:27 ; elapsed = 00:02:41 . Memory (MB): peak = 2424.094 ; gain = 959.598
INFO: [Project 1-571] Translating synthesized netlist
Netlist sorting complete. Time (s): cpu = 00:00:00 ; elapsed = 00:00:00.207 . Memory (MB): peak = 2424.094 ; gain = 0.000
INFO: [Netlist 29-17] Analyzing 107 Unisim elements for replacement
INFO: [Netlist 29-28] Unisim Transformation completed in 0 CPU seconds
INFO: [Project 1-570] Preparing netlist for logic optimization
INFO: [Opt 31-138] Pushed 0 inverter(s) to 0 load pin(s).
Netlist sorting complete. Time (s): cpu = 00:00:00 ; elapsed = 00:00:00.002 . Memory (MB): peak = 2459.695 ; gain = 0.000
INFO: [Project 1-111] Unisim Transformation Summary:
  A total of 2 instances were transformed.
  BUFG => BUFGCE: 2 instances

Synth Design complete, checksum: f0152b5
INFO: [Common 17-83] Releasing license: Synthesis
101 Infos, 70 Warnings, 0 Critical Warnings and 0 Errors encountered.
synth_design completed successfully
synth_design: Time (s): cpu = 00:01:42 ; elapsed = 00:03:11 . Memory (MB): peak = 2459.695 ; gain = 1133.004
INFO: [Common 17-1381] The checkpoint 'C:/Users/joebe/Documents/RFSoC/RFSoC-MTS-main_ORIGINAL/RFSoC-MTS-main/boards/RFSoC4x2/build_mts/mts/mts.runs/mts_MTSclkwiz_0_synth_1/mts_MTSclkwiz_0.dcp' has been generated.
INFO: [Coretcl 2-1648] Added synthesis output to IP cache for IP mts_MTSclkwiz_0, cache-ID = 45d797bb04d07b6a
INFO: [Coretcl 2-1174] Renamed 2 cell refs.
INFO: [Common 17-1381] The checkpoint 'C:/Users/joebe/Documents/RFSoC/RFSoC-MTS-main_ORIGINAL/RFSoC-MTS-main/boards/RFSoC4x2/build_mts/mts/mts.runs/mts_MTSclkwiz_0_synth_1/mts_MTSclkwiz_0.dcp' has been generated.
INFO: [runtcl-4] Executing : report_utilization -file mts_MTSclkwiz_0_utilization_synth.rpt -pb mts_MTSclkwiz_0_utilization_synth.pb
INFO: [Common 17-206] Exiting Vivado at Fri Nov 14 07:21:23 2025...
