Copyright 1986-2022 Xilinx, Inc. All Rights Reserved.
-------------------------------------------------------------------------------------------------------------------------------
| Tool Version : Vivado v.2022.1 (win64) Build 3526262 Mon Apr 18 15:48:16 MDT 2022
| Date         : Fri Nov 14 07:24:52 2025
| Host         : DESKTOP-IGU5KAN running 64-bit major release  (build 9200)
| Command      : report_utilization -file mts_system_ila_0_0_utilization_synth.rpt -pb mts_system_ila_0_0_utilization_synth.pb
| Design       : mts_system_ila_0_0
| Device       : xczu48dr-fsvg1517-2-e
| Speed File   : -2
| Design State : Synthesized
-------------------------------------------------------------------------------------------------------------------------------

Utilization Design Information

Table of Contents
-----------------
1. CLB Logic
1.1 Summary of Registers by Type
2. BLOCKRAM
3. ARITHMETIC
4. I/O
5. CLOCK
6. ADVANCED
7. CONFIGURATION
8. Primitives
9. Black Boxes
10. Instantiated Netlists

1. CLB Logic
------------

+----------------------------+-------+-------+------------+-----------+-------+
|          Site Type         |  Used | Fixed | Prohibited | Available | Util% |
+----------------------------+-------+-------+------------+-----------+-------+
| CLB LUTs*                  |  7599 |     0 |          0 |    425280 |  1.79 |
|   LUT as Logic             |  4724 |     0 |          0 |    425280 |  1.11 |
|   LUT as Memory            |  2875 |     0 |          0 |    213600 |  1.35 |
|     LUT as Distributed RAM |    80 |     0 |            |           |       |
|     LUT as Shift Register  |  2795 |     0 |            |           |       |
| CLB Registers              | 15375 |     0 |          0 |    850560 |  1.81 |
|   Register as Flip Flop    | 15375 |     0 |          0 |    850560 |  1.81 |
|   Register as Latch        |     0 |     0 |          0 |    850560 |  0.00 |
| CARRY8                     |   228 |     0 |          0 |     53160 |  0.43 |
| F7 Muxes                   |   300 |     0 |          0 |    212640 |  0.14 |
| F8 Muxes                   |    96 |     0 |          0 |    106320 |  0.09 |
| F9 Muxes                   |     0 |     0 |          0 |     53160 |  0.00 |
+----------------------------+-------+-------+------------+-----------+-------+
* Warning! The Final LUT count, after physical optimizations and full implementation, is typically lower. Run opt_design after synthesis, if not already completed, for a more realistic count.


1.1 Summary of Registers by Type
--------------------------------

+-------+--------------+-------------+--------------+
| Total | Clock Enable | Synchronous | Asynchronous |
+-------+--------------+-------------+--------------+
| 0     |            _ |           - |            - |
| 0     |            _ |           - |          Set |
| 0     |            _ |           - |        Reset |
| 0     |            _ |         Set |            - |
| 0     |            _ |       Reset |            - |
| 0     |          Yes |           - |            - |
| 0     |          Yes |           - |          Set |
| 0     |          Yes |           - |        Reset |
| 24    |          Yes |         Set |            - |
| 15351 |          Yes |       Reset |            - |
+-------+--------------+-------------+--------------+


2. BLOCKRAM
-----------

+-------------------+------+-------+------------+-----------+-------+
|     Site Type     | Used | Fixed | Prohibited | Available | Util% |
+-------------------+------+-------+------------+-----------+-------+
| Block RAM Tile    |   36 |     0 |          0 |      1080 |  3.33 |
|   RAMB36/FIFO*    |   35 |     0 |          0 |      1080 |  3.24 |
|     RAMB36E2 only |   35 |       |            |           |       |
|   RAMB18          |    2 |     0 |          0 |      2160 |  0.09 |
|     RAMB18E2 only |    2 |       |            |           |       |
| URAM              |    0 |     0 |          0 |        80 |  0.00 |
+-------------------+------+-------+------------+-----------+-------+
* Note: Each Block RAM Tile only has one FIFO logic available and therefore can accommodate only one FIFO36E2 or one FIFO18E2. However, if a FIFO18E2 occupies a Block RAM Tile, that tile can still accommodate a RAMB18E2


3. ARITHMETIC
-------------

+-----------+------+-------+------------+-----------+-------+
| Site Type | Used | Fixed | Prohibited | Available | Util% |
+-----------+------+-------+------------+-----------+-------+
| DSPs      |    0 |     0 |          0 |      4272 |  0.00 |
+-----------+------+-------+------------+-----------+-------+


4. I/O
------

+------------+------+-------+------------+-----------+-------+
|  Site Type | Used | Fixed | Prohibited | Available | Util% |
+------------+------+-------+------------+-----------+-------+
| Bonded IOB |    0 |     0 |          0 |       347 |  0.00 |
| RF_ADC     |    0 |     0 |          4 |         4 |  0.00 |
| RF_DAC     |    0 |     0 |          4 |         4 |  0.00 |
+------------+------+-------+------------+-----------+-------+


5. CLOCK
--------

+----------------------+------+-------+------------+-----------+-------+
|       Site Type      | Used | Fixed | Prohibited | Available | Util% |
+----------------------+------+-------+------------+-----------+-------+
| GLOBAL CLOCK BUFFERs |    0 |     0 |          0 |       696 |  0.00 |
|   BUFGCE             |    0 |     0 |          0 |       216 |  0.00 |
|   BUFGCE_DIV         |    0 |     0 |          0 |        32 |  0.00 |
|   BUFG_GT            |    0 |     0 |          0 |       312 |  0.00 |
|   BUFG_PS            |    0 |     0 |          0 |        72 |  0.00 |
|   BUFGCTRL*          |    0 |     0 |          0 |        64 |  0.00 |
| PLL                  |    0 |     0 |          0 |        16 |  0.00 |
| MMCM                 |    0 |     0 |          0 |         8 |  0.00 |
+----------------------+------+-------+------------+-----------+-------+
* Note: Each used BUFGCTRL counts as two GLOBAL CLOCK BUFFERs. This table does not include global clocking resources, only buffer cell usage. See the Clock Utilization Report (report_clock_utilization) for detailed accounting of global clocking resource availability.


6. ADVANCED
-----------

+-----------------+------+-------+------------+-----------+-------+
|    Site Type    | Used | Fixed | Prohibited | Available | Util% |
+-----------------+------+-------+------------+-----------+-------+
| CMACE4          |    0 |     0 |          0 |         2 |  0.00 |
| FE              |    0 |     0 |          0 |         8 |  0.00 |
| GTYE4_CHANNEL   |    0 |     0 |          0 |        16 |  0.00 |
| GTYE4_COMMON    |    0 |     0 |          0 |         4 |  0.00 |
| ILKNE4          |    0 |     0 |          0 |         1 |  0.00 |
| OBUFDS_GTE4     |    0 |     0 |          0 |         8 |  0.00 |
| OBUFDS_GTE4_ADV |    0 |     0 |          0 |         8 |  0.00 |
| PCIE4CE4        |    0 |     0 |          0 |         2 |  0.00 |
| PS8             |    0 |     0 |          0 |         1 |  0.00 |
| RFADC           |    0 |     0 |          0 |         4 |  0.00 |
| RFDAC           |    0 |     0 |          0 |         4 |  0.00 |
| SYSMONE4        |    0 |     0 |          0 |         1 |  0.00 |
+-----------------+------+-------+------------+-----------+-------+


7. CONFIGURATION
----------------

+-------------+------+-------+------------+-----------+-------+
|  Site Type  | Used | Fixed | Prohibited | Available | Util% |
+-------------+------+-------+------------+-----------+-------+
| BSCANE2     |    0 |     0 |          0 |         4 |  0.00 |
| DNA_PORTE2  |    0 |     0 |          0 |         1 |  0.00 |
| EFUSE_USR   |    0 |     0 |          0 |         1 |  0.00 |
| FRAME_ECCE4 |    0 |     0 |          0 |         1 |  0.00 |
| ICAPE3      |    0 |     0 |          0 |         2 |  0.00 |
| MASTER_JTAG |    0 |     0 |          0 |         1 |  0.00 |
| STARTUPE3   |    0 |     0 |          0 |         1 |  0.00 |
+-------------+------+-------+------------+-----------+-------+


8. Primitives
-------------

+----------+-------+---------------------+
| Ref Name |  Used | Functional Category |
+----------+-------+---------------------+
| FDRE     | 15351 |            Register |
| SRL16E   |  2723 |                 CLB |
| LUT6     |  2627 |                 CLB |
| SRLC32E  |  1462 |                 CLB |
| LUT2     |  1420 |                 CLB |
| LUT4     |   667 |                 CLB |
| LUT5     |   490 |                 CLB |
| LUT3     |   471 |                 CLB |
| MUXF7    |   300 |                 CLB |
| CARRY8   |   228 |                 CLB |
| RAMD32   |   132 |                 CLB |
| MUXF8    |    96 |                 CLB |
| LUT1     |    92 |                 CLB |
| RAMB36E2 |    35 |            BLOCKRAM |
| FDSE     |    24 |            Register |
| RAMS32   |    20 |                 CLB |
| SRLC16E  |     2 |                 CLB |
| RAMB18E2 |     2 |            BLOCKRAM |
+----------+-------+---------------------+


9. Black Boxes
--------------

+----------+------+
| Ref Name | Used |
+----------+------+


10. Instantiated Netlists
-------------------------

+----------+------+
| Ref Name | Used |
+----------+------+


