
*** Running vivado
    with args -log mts_auto_rs_0.vds -m64 -product Vivado -mode batch -messageDb vivado.pb -notrace -source mts_auto_rs_0.tcl



****** Vivado v2022.1 (64-bit)
  **** SW Build 3526262 on Mon Apr 18 15:48:16 MDT 2022
  **** IP Build 3524634 on Mon Apr 18 20:55:01 MDT 2022
    ** Copyright 1986-2022 Xilinx, Inc. All Rights Reserved.

source mts_auto_rs_0.tcl -notrace
create_project: Time (s): cpu = 00:00:07 ; elapsed = 00:00:19 . Memory (MB): peak = 1277.379 ; gain = 0.000
INFO: [IP_Flow 19-234] Refreshing IP repositories
WARNING: [IP_Flow 19-2248] Failed to load user IP repository 'c:/Users/joebe/Documents/RFSoC/RFSoC-MTS-main_ORIGINAL/RFSoC-MTS-main/ip'; Can't find the specified path.
If this directory should no longer be in your list of user repositories, go to the IP Settings dialog and remove it.
INFO: [IP_Flow 19-2313] Loaded Vivado IP repository 'C:/Xilinx/Vivado/2022.1/data/ip'.
WARNING: [IP_Flow 19-4995] The host OS only allows 260 characters in a normal path. The IP cache path is more than 80 characters. If you experience issues with IP caching, please consider changing the IP cache to a location with a shorter path. Alternately consider using the OS subst command to map part of the path to a drive letter. 
Current IP cache path is c:/Users/joebe/Documents/RFSoC/RFSoC-MTS-main_ORIGINAL/RFSoC-MTS-main/boards/RFSoC4x2/build_mts/mts/mts.cache/ip 
Command: synth_design -top mts_auto_rs_0 -part xczu48dr-fsvg1517-2-e -incremental_mode off -mode out_of_context
Starting synth_design
Attempting to get a license for feature 'Synthesis' and/or device 'xczu48dr'
INFO: [Common 17-349] Got license for feature 'Synthesis' and/or device 'xczu48dr'
INFO: [Common 17-86] Your Synthesis license expires in 29 day(s)
INFO: [Device 21-403] Loading part xczu48dr-fsvg1517-2-e
INFO: [Synth 8-7079] Multithreading enabled for synth_design using a maximum of 2 processes.
INFO: [Synth 8-7078] Launching helper process for spawning children vivado processes
INFO: [Synth 8-7075] Helper process launched with PID 15948
WARNING: [Synth 8-9501] generate block is allowed only inside loop and conditional generate in SystemVerilog mode [C:/Xilinx/Vivado/2022.1/data/ip/xpm/xpm_fifo/hdl/xpm_fifo.sv:4023]
---------------------------------------------------------------------------------
Starting RTL Elaboration : Time (s): cpu = 00:00:08 ; elapsed = 00:00:23 . Memory (MB): peak = 1735.484 ; gain = 272.059
---------------------------------------------------------------------------------
INFO: [Synth 8-6157] synthesizing module 'mts_auto_rs_0' [c:/Users/joebe/Documents/RFSoC/RFSoC-MTS-main_ORIGINAL/RFSoC-MTS-main/boards/RFSoC4x2/build_mts/mts/mts.gen/sources_1/bd/mts/ip/mts_auto_rs_0/synth/mts_auto_rs_0.v:53]
INFO: [Synth 8-6157] synthesizing module 'axi_register_slice_v2_1_26_axi_register_slice' [c:/Users/joebe/Documents/RFSoC/RFSoC-MTS-main_ORIGINAL/RFSoC-MTS-main/boards/RFSoC4x2/build_mts/mts/mts.gen/sources_1/bd/mts/ipshared/0a3f/hdl/axi_register_slice_v2_1_vl_rfs.v:3725]
INFO: [Synth 8-6157] synthesizing module 'axi_infrastructure_v1_1_0_axi2vector' [c:/Users/joebe/Documents/RFSoC/RFSoC-MTS-main_ORIGINAL/RFSoC-MTS-main/boards/RFSoC4x2/build_mts/mts/mts.gen/sources_1/bd/mts/ipshared/ec67/hdl/axi_infrastructure_v1_1_vl_rfs.v:59]
INFO: [Synth 8-6155] done synthesizing module 'axi_infrastructure_v1_1_0_axi2vector' (0#1) [c:/Users/joebe/Documents/RFSoC/RFSoC-MTS-main_ORIGINAL/RFSoC-MTS-main/boards/RFSoC4x2/build_mts/mts/mts.gen/sources_1/bd/mts/ipshared/ec67/hdl/axi_infrastructure_v1_1_vl_rfs.v:59]
INFO: [Synth 8-6157] synthesizing module 'axi_infrastructure_v1_1_0_vector2axi' [c:/Users/joebe/Documents/RFSoC/RFSoC-MTS-main_ORIGINAL/RFSoC-MTS-main/boards/RFSoC4x2/build_mts/mts/mts.gen/sources_1/bd/mts/ipshared/ec67/hdl/axi_infrastructure_v1_1_vl_rfs.v:473]
INFO: [Synth 8-6155] done synthesizing module 'axi_infrastructure_v1_1_0_vector2axi' (0#1) [c:/Users/joebe/Documents/RFSoC/RFSoC-MTS-main_ORIGINAL/RFSoC-MTS-main/boards/RFSoC4x2/build_mts/mts/mts.gen/sources_1/bd/mts/ipshared/ec67/hdl/axi_infrastructure_v1_1_vl_rfs.v:473]
INFO: [Synth 8-6157] synthesizing module 'axi_register_slice_v2_1_26_axic_register_slice' [c:/Users/joebe/Documents/RFSoC/RFSoC-MTS-main_ORIGINAL/RFSoC-MTS-main/boards/RFSoC4x2/build_mts/mts/mts.gen/sources_1/bd/mts/ipshared/0a3f/hdl/axi_register_slice_v2_1_vl_rfs.v:1497]
INFO: [Synth 8-6155] done synthesizing module 'axi_register_slice_v2_1_26_axic_register_slice' (0#1) [c:/Users/joebe/Documents/RFSoC/RFSoC-MTS-main_ORIGINAL/RFSoC-MTS-main/boards/RFSoC4x2/build_mts/mts/mts.gen/sources_1/bd/mts/ipshared/0a3f/hdl/axi_register_slice_v2_1_vl_rfs.v:1497]
INFO: [Synth 8-6157] synthesizing module 'axi_register_slice_v2_1_26_axic_register_slice__parameterized0' [c:/Users/joebe/Documents/RFSoC/RFSoC-MTS-main_ORIGINAL/RFSoC-MTS-main/boards/RFSoC4x2/build_mts/mts/mts.gen/sources_1/bd/mts/ipshared/0a3f/hdl/axi_register_slice_v2_1_vl_rfs.v:1497]
INFO: [Synth 8-6155] done synthesizing module 'axi_register_slice_v2_1_26_axic_register_slice__parameterized0' (0#1) [c:/Users/joebe/Documents/RFSoC/RFSoC-MTS-main_ORIGINAL/RFSoC-MTS-main/boards/RFSoC4x2/build_mts/mts/mts.gen/sources_1/bd/mts/ipshared/0a3f/hdl/axi_register_slice_v2_1_vl_rfs.v:1497]
INFO: [Synth 8-6157] synthesizing module 'axi_register_slice_v2_1_26_axic_register_slice__parameterized1' [c:/Users/joebe/Documents/RFSoC/RFSoC-MTS-main_ORIGINAL/RFSoC-MTS-main/boards/RFSoC4x2/build_mts/mts/mts.gen/sources_1/bd/mts/ipshared/0a3f/hdl/axi_register_slice_v2_1_vl_rfs.v:1497]
INFO: [Synth 8-6155] done synthesizing module 'axi_register_slice_v2_1_26_axic_register_slice__parameterized1' (0#1) [c:/Users/joebe/Documents/RFSoC/RFSoC-MTS-main_ORIGINAL/RFSoC-MTS-main/boards/RFSoC4x2/build_mts/mts/mts.gen/sources_1/bd/mts/ipshared/0a3f/hdl/axi_register_slice_v2_1_vl_rfs.v:1497]
INFO: [Synth 8-6157] synthesizing module 'axi_register_slice_v2_1_26_axic_register_slice__parameterized2' [c:/Users/joebe/Documents/RFSoC/RFSoC-MTS-main_ORIGINAL/RFSoC-MTS-main/boards/RFSoC4x2/build_mts/mts/mts.gen/sources_1/bd/mts/ipshared/0a3f/hdl/axi_register_slice_v2_1_vl_rfs.v:1497]
INFO: [Synth 8-6155] done synthesizing module 'axi_register_slice_v2_1_26_axic_register_slice__parameterized2' (0#1) [c:/Users/joebe/Documents/RFSoC/RFSoC-MTS-main_ORIGINAL/RFSoC-MTS-main/boards/RFSoC4x2/build_mts/mts/mts.gen/sources_1/bd/mts/ipshared/0a3f/hdl/axi_register_slice_v2_1_vl_rfs.v:1497]
INFO: [Synth 8-6155] done synthesizing module 'axi_register_slice_v2_1_26_axi_register_slice' (0#1) [c:/Users/joebe/Documents/RFSoC/RFSoC-MTS-main_ORIGINAL/RFSoC-MTS-main/boards/RFSoC4x2/build_mts/mts/mts.gen/sources_1/bd/mts/ipshared/0a3f/hdl/axi_register_slice_v2_1_vl_rfs.v:3725]
INFO: [Synth 8-6155] done synthesizing module 'mts_auto_rs_0' (0#1) [c:/Users/joebe/Documents/RFSoC/RFSoC-MTS-main_ORIGINAL/RFSoC-MTS-main/boards/RFSoC4x2/build_mts/mts/mts.gen/sources_1/bd/mts/ip/mts_auto_rs_0/synth/mts_auto_rs_0.v:53]
WARNING: [Synth 8-7129] Port s_axi_wid[15] in module axi_infrastructure_v1_1_0_axi2vector is either unconnected or has no load
WARNING: [Synth 8-7129] Port s_axi_wid[14] in module axi_infrastructure_v1_1_0_axi2vector is either unconnected or has no load
WARNING: [Synth 8-7129] Port s_axi_wid[13] in module axi_infrastructure_v1_1_0_axi2vector is either unconnected or has no load
WARNING: [Synth 8-7129] Port s_axi_wid[12] in module axi_infrastructure_v1_1_0_axi2vector is either unconnected or has no load
WARNING: [Synth 8-7129] Port s_axi_wid[11] in module axi_infrastructure_v1_1_0_axi2vector is either unconnected or has no load
WARNING: [Synth 8-7129] Port s_axi_wid[10] in module axi_infrastructure_v1_1_0_axi2vector is either unconnected or has no load
WARNING: [Synth 8-7129] Port s_axi_wid[9] in module axi_infrastructure_v1_1_0_axi2vector is either unconnected or has no load
WARNING: [Synth 8-7129] Port s_axi_wid[8] in module axi_infrastructure_v1_1_0_axi2vector is either unconnected or has no load
WARNING: [Synth 8-7129] Port s_axi_wid[7] in module axi_infrastructure_v1_1_0_axi2vector is either unconnected or has no load
WARNING: [Synth 8-7129] Port s_axi_wid[6] in module axi_infrastructure_v1_1_0_axi2vector is either unconnected or has no load
WARNING: [Synth 8-7129] Port s_axi_wid[5] in module axi_infrastructure_v1_1_0_axi2vector is either unconnected or has no load
WARNING: [Synth 8-7129] Port s_axi_wid[4] in module axi_infrastructure_v1_1_0_axi2vector is either unconnected or has no load
WARNING: [Synth 8-7129] Port s_axi_wid[3] in module axi_infrastructure_v1_1_0_axi2vector is either unconnected or has no load
WARNING: [Synth 8-7129] Port s_axi_wid[2] in module axi_infrastructure_v1_1_0_axi2vector is either unconnected or has no load
WARNING: [Synth 8-7129] Port s_axi_wid[1] in module axi_infrastructure_v1_1_0_axi2vector is either unconnected or has no load
WARNING: [Synth 8-7129] Port s_axi_wid[0] in module axi_infrastructure_v1_1_0_axi2vector is either unconnected or has no load
WARNING: [Synth 8-7129] Port aclk2x in module axi_register_slice_v2_1_26_axi_register_slice is either unconnected or has no load
---------------------------------------------------------------------------------
Finished RTL Elaboration : Time (s): cpu = 00:00:10 ; elapsed = 00:00:30 . Memory (MB): peak = 1800.492 ; gain = 337.066
---------------------------------------------------------------------------------
---------------------------------------------------------------------------------
Start Handling Custom Attributes
---------------------------------------------------------------------------------
---------------------------------------------------------------------------------
Finished Handling Custom Attributes : Time (s): cpu = 00:00:10 ; elapsed = 00:00:30 . Memory (MB): peak = 1821.391 ; gain = 357.965
---------------------------------------------------------------------------------
---------------------------------------------------------------------------------
Finished RTL Optimization Phase 1 : Time (s): cpu = 00:00:10 ; elapsed = 00:00:30 . Memory (MB): peak = 1821.391 ; gain = 357.965
---------------------------------------------------------------------------------
Netlist sorting complete. Time (s): cpu = 00:00:00 ; elapsed = 00:00:00.226 . Memory (MB): peak = 1821.391 ; gain = 0.000
INFO: [Project 1-570] Preparing netlist for logic optimization

Processing XDC Constraints
Initializing timing engine
Parsing XDC File [c:/Users/joebe/Documents/RFSoC/RFSoC-MTS-main_ORIGINAL/RFSoC-MTS-main/boards/RFSoC4x2/build_mts/mts/mts.gen/sources_1/bd/mts/ip/mts_auto_rs_0/mts_auto_rs_0_ooc.xdc] for cell 'inst'
create_clock: Time (s): cpu = 00:00:12 ; elapsed = 00:00:15 . Memory (MB): peak = 1945.562 ; gain = 0.020
Finished Parsing XDC File [c:/Users/joebe/Documents/RFSoC/RFSoC-MTS-main_ORIGINAL/RFSoC-MTS-main/boards/RFSoC4x2/build_mts/mts/mts.gen/sources_1/bd/mts/ip/mts_auto_rs_0/mts_auto_rs_0_ooc.xdc] for cell 'inst'
Parsing XDC File [C:/Users/joebe/Documents/RFSoC/RFSoC-MTS-main_ORIGINAL/RFSoC-MTS-main/boards/RFSoC4x2/build_mts/mts/mts.runs/mts_auto_rs_0_synth_1/dont_touch.xdc]
Finished Parsing XDC File [C:/Users/joebe/Documents/RFSoC/RFSoC-MTS-main_ORIGINAL/RFSoC-MTS-main/boards/RFSoC4x2/build_mts/mts/mts.runs/mts_auto_rs_0_synth_1/dont_touch.xdc]
Parsing XDC File [c:/Users/joebe/Documents/RFSoC/RFSoC-MTS-main_ORIGINAL/RFSoC-MTS-main/boards/RFSoC4x2/build_mts/mts/mts.gen/sources_1/bd/mts/ip/mts_auto_rs_0/mts_auto_rs_0_clocks.xdc] for cell 'inst'
Finished Parsing XDC File [c:/Users/joebe/Documents/RFSoC/RFSoC-MTS-main_ORIGINAL/RFSoC-MTS-main/boards/RFSoC4x2/build_mts/mts/mts.gen/sources_1/bd/mts/ip/mts_auto_rs_0/mts_auto_rs_0_clocks.xdc] for cell 'inst'
INFO: [Project 1-236] Implementation specific constraints were found while reading constraint file [c:/Users/joebe/Documents/RFSoC/RFSoC-MTS-main_ORIGINAL/RFSoC-MTS-main/boards/RFSoC4x2/build_mts/mts/mts.gen/sources_1/bd/mts/ip/mts_auto_rs_0/mts_auto_rs_0_clocks.xdc]. These constraints will be ignored for synthesis but will be used in implementation. Impacted constraints are listed in the file [.Xil/mts_auto_rs_0_propImpl.xdc].
Resolution: To avoid this warning, move constraints listed in [.Xil/mts_auto_rs_0_propImpl.xdc] to another XDC file and exclude this new file from synthesis with the used_in_synthesis property (File Properties dialog in GUI) and re-run elaboration/synthesis.
Completed Processing XDC Constraints

Netlist sorting complete. Time (s): cpu = 00:00:00 ; elapsed = 00:00:00.001 . Memory (MB): peak = 1945.562 ; gain = 0.000
INFO: [Project 1-111] Unisim Transformation Summary:
No Unisim elements were transformed.

Constraint Validation Runtime : Time (s): cpu = 00:00:00 ; elapsed = 00:00:00.157 . Memory (MB): peak = 1945.562 ; gain = 0.000
INFO: [Designutils 20-5008] Incremental synthesis strategy off
---------------------------------------------------------------------------------
Finished Constraint Validation : Time (s): cpu = 00:00:34 ; elapsed = 00:01:08 . Memory (MB): peak = 1945.562 ; gain = 482.137
---------------------------------------------------------------------------------
---------------------------------------------------------------------------------
Start Loading Part and Timing Information
---------------------------------------------------------------------------------
Loading part: xczu48dr-fsvg1517-2-e
INFO: [Synth 8-6742] Reading net delay rules and data
---------------------------------------------------------------------------------
Finished Loading Part and Timing Information : Time (s): cpu = 00:00:34 ; elapsed = 00:01:08 . Memory (MB): peak = 1945.562 ; gain = 482.137
---------------------------------------------------------------------------------
---------------------------------------------------------------------------------
Start Applying 'set_property' XDC Constraints
---------------------------------------------------------------------------------
Applied set_property KEEP_HIERARCHY = SOFT for inst. (constraint file  C:/Users/joebe/Documents/RFSoC/RFSoC-MTS-main_ORIGINAL/RFSoC-MTS-main/boards/RFSoC4x2/build_mts/mts/mts.runs/mts_auto_rs_0_synth_1/dont_touch.xdc, line 9).
---------------------------------------------------------------------------------
Finished applying 'set_property' XDC Constraints : Time (s): cpu = 00:00:34 ; elapsed = 00:01:08 . Memory (MB): peak = 1945.562 ; gain = 482.137
---------------------------------------------------------------------------------
---------------------------------------------------------------------------------
Finished RTL Optimization Phase 2 : Time (s): cpu = 00:00:35 ; elapsed = 00:01:09 . Memory (MB): peak = 1945.562 ; gain = 482.137
---------------------------------------------------------------------------------
---------------------------------------------------------------------------------
Start RTL Component Statistics 
---------------------------------------------------------------------------------
Detailed RTL Component Info : 
+---Registers : 
	              148 Bit    Registers := 2     
	              146 Bit    Registers := 2     
	              101 Bit    Registers := 2     
	               19 Bit    Registers := 1     
	                2 Bit    Registers := 5     
	                1 Bit    Registers := 10    
+---Muxes : 
	   2 Input  148 Bit        Muxes := 2     
	   2 Input  146 Bit        Muxes := 2     
	   2 Input    1 Bit        Muxes := 6     
---------------------------------------------------------------------------------
Finished RTL Component Statistics 
---------------------------------------------------------------------------------
---------------------------------------------------------------------------------
Start Part Resource Summary
---------------------------------------------------------------------------------
Part Resources:
DSPs: 4272 (col length:192)
BRAMs: 2160 (col length: RAMB18 192 RAMB36 96)
---------------------------------------------------------------------------------
Finished Part Resource Summary
---------------------------------------------------------------------------------
---------------------------------------------------------------------------------
Start Cross Boundary and Area Optimization
---------------------------------------------------------------------------------
WARNING: [Synth 8-7080] Parallel synthesis criteria is not met
WARNING: [Synth 8-7129] Port aclk2x in module axi_register_slice_v2_1_26_axi_register_slice is either unconnected or has no load
WARNING: [Synth 8-7129] Port s_axi_wid[15] in module axi_register_slice_v2_1_26_axi_register_slice is either unconnected or has no load
WARNING: [Synth 8-7129] Port s_axi_wid[14] in module axi_register_slice_v2_1_26_axi_register_slice is either unconnected or has no load
WARNING: [Synth 8-7129] Port s_axi_wid[13] in module axi_register_slice_v2_1_26_axi_register_slice is either unconnected or has no load
WARNING: [Synth 8-7129] Port s_axi_wid[12] in module axi_register_slice_v2_1_26_axi_register_slice is either unconnected or has no load
WARNING: [Synth 8-7129] Port s_axi_wid[11] in module axi_register_slice_v2_1_26_axi_register_slice is either unconnected or has no load
WARNING: [Synth 8-7129] Port s_axi_wid[10] in module axi_register_slice_v2_1_26_axi_register_slice is either unconnected or has no load
WARNING: [Synth 8-7129] Port s_axi_wid[9] in module axi_register_slice_v2_1_26_axi_register_slice is either unconnected or has no load
WARNING: [Synth 8-7129] Port s_axi_wid[8] in module axi_register_slice_v2_1_26_axi_register_slice is either unconnected or has no load
WARNING: [Synth 8-7129] Port s_axi_wid[7] in module axi_register_slice_v2_1_26_axi_register_slice is either unconnected or has no load
WARNING: [Synth 8-7129] Port s_axi_wid[6] in module axi_register_slice_v2_1_26_axi_register_slice is either unconnected or has no load
WARNING: [Synth 8-7129] Port s_axi_wid[5] in module axi_register_slice_v2_1_26_axi_register_slice is either unconnected or has no load
WARNING: [Synth 8-7129] Port s_axi_wid[4] in module axi_register_slice_v2_1_26_axi_register_slice is either unconnected or has no load
WARNING: [Synth 8-7129] Port s_axi_wid[3] in module axi_register_slice_v2_1_26_axi_register_slice is either unconnected or has no load
WARNING: [Synth 8-7129] Port s_axi_wid[2] in module axi_register_slice_v2_1_26_axi_register_slice is either unconnected or has no load
WARNING: [Synth 8-7129] Port s_axi_wid[1] in module axi_register_slice_v2_1_26_axi_register_slice is either unconnected or has no load
WARNING: [Synth 8-7129] Port s_axi_wid[0] in module axi_register_slice_v2_1_26_axi_register_slice is either unconnected or has no load
---------------------------------------------------------------------------------
Finished Cross Boundary and Area Optimization : Time (s): cpu = 00:00:39 ; elapsed = 00:01:14 . Memory (MB): peak = 1945.562 ; gain = 482.137
---------------------------------------------------------------------------------
---------------------------------------------------------------------------------
Start Applying XDC Timing Constraints
---------------------------------------------------------------------------------
---------------------------------------------------------------------------------
Finished Applying XDC Timing Constraints : Time (s): cpu = 00:00:56 ; elapsed = 00:01:47 . Memory (MB): peak = 2319.383 ; gain = 855.957
---------------------------------------------------------------------------------
---------------------------------------------------------------------------------
Start Timing Optimization
---------------------------------------------------------------------------------
---------------------------------------------------------------------------------
Finished Timing Optimization : Time (s): cpu = 00:00:57 ; elapsed = 00:01:47 . Memory (MB): peak = 2330.770 ; gain = 867.344
---------------------------------------------------------------------------------
---------------------------------------------------------------------------------
Start Technology Mapping
---------------------------------------------------------------------------------
---------------------------------------------------------------------------------
Finished Technology Mapping : Time (s): cpu = 00:00:58 ; elapsed = 00:01:49 . Memory (MB): peak = 2343.691 ; gain = 880.266
---------------------------------------------------------------------------------
---------------------------------------------------------------------------------
Start IO Insertion
---------------------------------------------------------------------------------
---------------------------------------------------------------------------------
Start Flattening Before IO Insertion
---------------------------------------------------------------------------------
---------------------------------------------------------------------------------
Finished Flattening Before IO Insertion
---------------------------------------------------------------------------------
---------------------------------------------------------------------------------
Start Final Netlist Cleanup
---------------------------------------------------------------------------------
---------------------------------------------------------------------------------
Finished Final Netlist Cleanup
---------------------------------------------------------------------------------
---------------------------------------------------------------------------------
Finished IO Insertion : Time (s): cpu = 00:01:04 ; elapsed = 00:01:59 . Memory (MB): peak = 2349.641 ; gain = 886.215
---------------------------------------------------------------------------------
---------------------------------------------------------------------------------
Start Renaming Generated Instances
---------------------------------------------------------------------------------
---------------------------------------------------------------------------------
Finished Renaming Generated Instances : Time (s): cpu = 00:01:04 ; elapsed = 00:01:59 . Memory (MB): peak = 2349.641 ; gain = 886.215
---------------------------------------------------------------------------------
---------------------------------------------------------------------------------
Start Rebuilding User Hierarchy
---------------------------------------------------------------------------------
---------------------------------------------------------------------------------
Finished Rebuilding User Hierarchy : Time (s): cpu = 00:01:04 ; elapsed = 00:01:59 . Memory (MB): peak = 2349.641 ; gain = 886.215
---------------------------------------------------------------------------------
---------------------------------------------------------------------------------
Start Renaming Generated Ports
---------------------------------------------------------------------------------
---------------------------------------------------------------------------------
Finished Renaming Generated Ports : Time (s): cpu = 00:01:04 ; elapsed = 00:01:59 . Memory (MB): peak = 2349.641 ; gain = 886.215
---------------------------------------------------------------------------------
---------------------------------------------------------------------------------
Start Handling Custom Attributes
---------------------------------------------------------------------------------
---------------------------------------------------------------------------------
Finished Handling Custom Attributes : Time (s): cpu = 00:01:04 ; elapsed = 00:01:59 . Memory (MB): peak = 2349.641 ; gain = 886.215
---------------------------------------------------------------------------------
---------------------------------------------------------------------------------
Start Renaming Generated Nets
---------------------------------------------------------------------------------
---------------------------------------------------------------------------------
Finished Renaming Generated Nets : Time (s): cpu = 00:01:04 ; elapsed = 00:01:59 . Memory (MB): peak = 2349.641 ; gain = 886.215
---------------------------------------------------------------------------------
---------------------------------------------------------------------------------
Start Writing Synthesis Report
---------------------------------------------------------------------------------

Report BlackBoxes: 
+-+--------------+----------+
| |BlackBox name |Instances |
+-+--------------+----------+
+-+--------------+----------+

Report Cell Usage: 
+------+-----+------+
|      |Cell |Count |
+------+-----+------+
|1     |LUT1 |     6|
|2     |LUT2 |     2|
|3     |LUT3 |   295|
|4     |LUT4 |     7|
|5     |FDRE |   816|
+------+-----+------+
---------------------------------------------------------------------------------
Finished Writing Synthesis Report : Time (s): cpu = 00:01:04 ; elapsed = 00:02:00 . Memory (MB): peak = 2349.641 ; gain = 886.215
---------------------------------------------------------------------------------
Synthesis finished with 0 errors, 0 critical warnings and 18 warnings.
Synthesis Optimization Runtime : Time (s): cpu = 00:00:38 ; elapsed = 00:01:34 . Memory (MB): peak = 2349.641 ; gain = 762.043
Synthesis Optimization Complete : Time (s): cpu = 00:01:04 ; elapsed = 00:02:00 . Memory (MB): peak = 2349.641 ; gain = 886.215
INFO: [Project 1-571] Translating synthesized netlist
Netlist sorting complete. Time (s): cpu = 00:00:00 ; elapsed = 00:00:00.162 . Memory (MB): peak = 2361.648 ; gain = 0.000
INFO: [Project 1-570] Preparing netlist for logic optimization
INFO: [Opt 31-138] Pushed 0 inverter(s) to 0 load pin(s).
Netlist sorting complete. Time (s): cpu = 00:00:00 ; elapsed = 00:00:00 . Memory (MB): peak = 2407.617 ; gain = 0.000
INFO: [Project 1-111] Unisim Transformation Summary:
No Unisim elements were transformed.

Synth Design complete, checksum: 5a0100f6
INFO: [Common 17-83] Releasing license: Synthesis
34 Infos, 38 Warnings, 0 Critical Warnings and 0 Errors encountered.
synth_design completed successfully
synth_design: Time (s): cpu = 00:01:19 ; elapsed = 00:02:37 . Memory (MB): peak = 2407.617 ; gain = 1130.238
INFO: [Common 17-1381] The checkpoint 'C:/Users/joebe/Documents/RFSoC/RFSoC-MTS-main_ORIGINAL/RFSoC-MTS-main/boards/RFSoC4x2/build_mts/mts/mts.runs/mts_auto_rs_0_synth_1/mts_auto_rs_0.dcp' has been generated.
INFO: [Coretcl 2-1648] Added synthesis output to IP cache for IP mts_auto_rs_0, cache-ID = 19cd90e65060c13f
INFO: [Coretcl 2-1174] Renamed 6 cell refs.
INFO: [Common 17-1381] The checkpoint 'C:/Users/joebe/Documents/RFSoC/RFSoC-MTS-main_ORIGINAL/RFSoC-MTS-main/boards/RFSoC4x2/build_mts/mts/mts.runs/mts_auto_rs_0_synth_1/mts_auto_rs_0.dcp' has been generated.
INFO: [runtcl-4] Executing : report_utilization -file mts_auto_rs_0_utilization_synth.rpt -pb mts_auto_rs_0_utilization_synth.pb
INFO: [Common 17-206] Exiting Vivado at Fri Nov 14 07:16:25 2025...
