
*** Running vivado
    with args -log mts_axis_clock_converter_0_4.vds -m64 -product Vivado -mode batch -messageDb vivado.pb -notrace -source mts_axis_clock_converter_0_4.tcl



****** Vivado v2022.1 (64-bit)
  **** SW Build 3526262 on Mon Apr 18 15:48:16 MDT 2022
  **** IP Build 3524634 on Mon Apr 18 20:55:01 MDT 2022
    ** Copyright 1986-2022 Xilinx, Inc. All Rights Reserved.

source mts_axis_clock_converter_0_4.tcl -notrace
create_project: Time (s): cpu = 00:00:08 ; elapsed = 00:00:18 . Memory (MB): peak = 1261.168 ; gain = 0.000
INFO: [IP_Flow 19-234] Refreshing IP repositories
WARNING: [IP_Flow 19-2248] Failed to load user IP repository 'c:/Users/joebe/Documents/RFSoC/RFSoC-MTS-main_ORIGINAL/RFSoC-MTS-main/ip'; Can't find the specified path.
If this directory should no longer be in your list of user repositories, go to the IP Settings dialog and remove it.
INFO: [IP_Flow 19-2313] Loaded Vivado IP repository 'C:/Xilinx/Vivado/2022.1/data/ip'.
update_ip_catalog: Time (s): cpu = 00:00:01 ; elapsed = 00:00:05 . Memory (MB): peak = 1261.168 ; gain = 0.000
WARNING: [IP_Flow 19-4995] The host OS only allows 260 characters in a normal path. The IP cache path is more than 80 characters. If you experience issues with IP caching, please consider changing the IP cache to a location with a shorter path. Alternately consider using the OS subst command to map part of the path to a drive letter. 
Current IP cache path is c:/Users/joebe/Documents/RFSoC/RFSoC-MTS-main_ORIGINAL/RFSoC-MTS-main/boards/RFSoC4x2/build_mts/mts/mts.cache/ip 
Command: synth_design -top mts_axis_clock_converter_0_4 -part xczu48dr-fsvg1517-2-e -incremental_mode off -mode out_of_context
Starting synth_design
Attempting to get a license for feature 'Synthesis' and/or device 'xczu48dr'
INFO: [Common 17-349] Got license for feature 'Synthesis' and/or device 'xczu48dr'
INFO: [Common 17-86] Your Synthesis license expires in 29 day(s)
INFO: [Device 21-403] Loading part xczu48dr-fsvg1517-2-e
INFO: [Synth 8-7079] Multithreading enabled for synth_design using a maximum of 2 processes.
INFO: [Synth 8-7078] Launching helper process for spawning children vivado processes
INFO: [Synth 8-7075] Helper process launched with PID 220
WARNING: [Synth 8-9501] generate block is allowed only inside loop and conditional generate in SystemVerilog mode [C:/Xilinx/Vivado/2022.1/data/ip/xpm/xpm_fifo/hdl/xpm_fifo.sv:4023]
---------------------------------------------------------------------------------
Starting RTL Elaboration : Time (s): cpu = 00:00:08 ; elapsed = 00:00:15 . Memory (MB): peak = 1734.340 ; gain = 271.355
---------------------------------------------------------------------------------
INFO: [Synth 8-6157] synthesizing module 'mts_axis_clock_converter_0_4' [c:/Users/joebe/Documents/RFSoC/RFSoC-MTS-main_ORIGINAL/RFSoC-MTS-main/boards/RFSoC4x2/build_mts/mts/mts.gen/sources_1/bd/mts/ip/mts_axis_clock_converter_0_4/synth/mts_axis_clock_converter_0_4.v:53]
INFO: [Synth 8-6157] synthesizing module 'axis_clock_converter_v1_1_27_axis_clock_converter' [c:/Users/joebe/Documents/RFSoC/RFSoC-MTS-main_ORIGINAL/RFSoC-MTS-main/boards/RFSoC4x2/build_mts/mts/mts.gen/sources_1/bd/mts/ipshared/29ed/hdl/axis_clock_converter_v1_1_vl_rfs.v:924]
INFO: [Synth 8-6157] synthesizing module 'axis_clock_converter_v1_1_27_axisc_async_clock_converter' [c:/Users/joebe/Documents/RFSoC/RFSoC-MTS-main_ORIGINAL/RFSoC-MTS-main/boards/RFSoC4x2/build_mts/mts/mts.gen/sources_1/bd/mts/ipshared/29ed/hdl/axis_clock_converter_v1_1_vl_rfs.v:340]
INFO: [Synth 8-6157] synthesizing module 'xpm_cdc_sync_rst' [C:/Xilinx/Vivado/2022.1/data/ip/xpm/xpm_cdc/hdl/xpm_cdc.sv:1058]
INFO: [Synth 8-6155] done synthesizing module 'xpm_cdc_sync_rst' (0#1) [C:/Xilinx/Vivado/2022.1/data/ip/xpm/xpm_cdc/hdl/xpm_cdc.sv:1058]
INFO: [Synth 8-6157] synthesizing module 'xpm_fifo_async' [C:/Xilinx/Vivado/2022.1/data/ip/xpm/xpm_fifo/hdl/xpm_fifo.sv:2145]
INFO: [Synth 8-6157] synthesizing module 'xpm_fifo_base' [C:/Xilinx/Vivado/2022.1/data/ip/xpm/xpm_fifo/hdl/xpm_fifo.sv:55]
INFO: [Synth 8-6157] synthesizing module 'xpm_memory_base' [C:/Xilinx/Vivado/2022.1/data/ip/xpm/xpm_memory/hdl/xpm_memory.sv:56]
INFO: [Synth 8-6155] done synthesizing module 'xpm_memory_base' (0#1) [C:/Xilinx/Vivado/2022.1/data/ip/xpm/xpm_memory/hdl/xpm_memory.sv:56]
INFO: [Synth 8-6157] synthesizing module 'xpm_cdc_gray' [C:/Xilinx/Vivado/2022.1/data/ip/xpm/xpm_cdc/hdl/xpm_cdc.sv:283]
INFO: [Synth 8-6155] done synthesizing module 'xpm_cdc_gray' (0#1) [C:/Xilinx/Vivado/2022.1/data/ip/xpm/xpm_cdc/hdl/xpm_cdc.sv:283]
INFO: [Synth 8-6157] synthesizing module 'xpm_fifo_reg_vec' [C:/Xilinx/Vivado/2022.1/data/ip/xpm/xpm_fifo/hdl/xpm_fifo.sv:1884]
INFO: [Synth 8-6155] done synthesizing module 'xpm_fifo_reg_vec' (0#1) [C:/Xilinx/Vivado/2022.1/data/ip/xpm/xpm_fifo/hdl/xpm_fifo.sv:1884]
INFO: [Synth 8-6157] synthesizing module 'xpm_cdc_gray__parameterized0' [C:/Xilinx/Vivado/2022.1/data/ip/xpm/xpm_cdc/hdl/xpm_cdc.sv:283]
INFO: [Synth 8-6155] done synthesizing module 'xpm_cdc_gray__parameterized0' (0#1) [C:/Xilinx/Vivado/2022.1/data/ip/xpm/xpm_cdc/hdl/xpm_cdc.sv:283]
INFO: [Synth 8-6157] synthesizing module 'xpm_fifo_reg_vec__parameterized0' [C:/Xilinx/Vivado/2022.1/data/ip/xpm/xpm_fifo/hdl/xpm_fifo.sv:1884]
INFO: [Synth 8-6155] done synthesizing module 'xpm_fifo_reg_vec__parameterized0' (0#1) [C:/Xilinx/Vivado/2022.1/data/ip/xpm/xpm_fifo/hdl/xpm_fifo.sv:1884]
INFO: [Synth 8-6157] synthesizing module 'xpm_cdc_gray__parameterized1' [C:/Xilinx/Vivado/2022.1/data/ip/xpm/xpm_cdc/hdl/xpm_cdc.sv:283]
INFO: [Synth 8-6155] done synthesizing module 'xpm_cdc_gray__parameterized1' (0#1) [C:/Xilinx/Vivado/2022.1/data/ip/xpm/xpm_cdc/hdl/xpm_cdc.sv:283]
INFO: [Synth 8-226] default block is never used [C:/Xilinx/Vivado/2022.1/data/ip/xpm/xpm_fifo/hdl/xpm_fifo.sv:1206]
INFO: [Synth 8-226] default block is never used [C:/Xilinx/Vivado/2022.1/data/ip/xpm/xpm_fifo/hdl/xpm_fifo.sv:1273]
INFO: [Synth 8-226] default block is never used [C:/Xilinx/Vivado/2022.1/data/ip/xpm/xpm_fifo/hdl/xpm_fifo.sv:1295]
INFO: [Synth 8-6157] synthesizing module 'xpm_fifo_reg_bit' [C:/Xilinx/Vivado/2022.1/data/ip/xpm/xpm_fifo/hdl/xpm_fifo.sv:1906]
INFO: [Synth 8-6155] done synthesizing module 'xpm_fifo_reg_bit' (0#1) [C:/Xilinx/Vivado/2022.1/data/ip/xpm/xpm_fifo/hdl/xpm_fifo.sv:1906]
INFO: [Synth 8-6157] synthesizing module 'xpm_counter_updn' [C:/Xilinx/Vivado/2022.1/data/ip/xpm/xpm_fifo/hdl/xpm_fifo.sv:1858]
INFO: [Synth 8-6155] done synthesizing module 'xpm_counter_updn' (0#1) [C:/Xilinx/Vivado/2022.1/data/ip/xpm/xpm_fifo/hdl/xpm_fifo.sv:1858]
INFO: [Synth 8-6157] synthesizing module 'xpm_fifo_rst' [C:/Xilinx/Vivado/2022.1/data/ip/xpm/xpm_fifo/hdl/xpm_fifo.sv:1618]
INFO: [Synth 8-6157] synthesizing module 'xpm_cdc_sync_rst__parameterized0' [C:/Xilinx/Vivado/2022.1/data/ip/xpm/xpm_cdc/hdl/xpm_cdc.sv:1058]
INFO: [Synth 8-6155] done synthesizing module 'xpm_cdc_sync_rst__parameterized0' (0#1) [C:/Xilinx/Vivado/2022.1/data/ip/xpm/xpm_cdc/hdl/xpm_cdc.sv:1058]
INFO: [Synth 8-6155] done synthesizing module 'xpm_fifo_rst' (0#1) [C:/Xilinx/Vivado/2022.1/data/ip/xpm/xpm_fifo/hdl/xpm_fifo.sv:1618]
INFO: [Synth 8-6157] synthesizing module 'xpm_counter_updn__parameterized0' [C:/Xilinx/Vivado/2022.1/data/ip/xpm/xpm_fifo/hdl/xpm_fifo.sv:1858]
INFO: [Synth 8-6155] done synthesizing module 'xpm_counter_updn__parameterized0' (0#1) [C:/Xilinx/Vivado/2022.1/data/ip/xpm/xpm_fifo/hdl/xpm_fifo.sv:1858]
INFO: [Synth 8-6157] synthesizing module 'xpm_counter_updn__parameterized1' [C:/Xilinx/Vivado/2022.1/data/ip/xpm/xpm_fifo/hdl/xpm_fifo.sv:1858]
INFO: [Synth 8-6155] done synthesizing module 'xpm_counter_updn__parameterized1' (0#1) [C:/Xilinx/Vivado/2022.1/data/ip/xpm/xpm_fifo/hdl/xpm_fifo.sv:1858]
INFO: [Synth 8-6157] synthesizing module 'xpm_counter_updn__parameterized2' [C:/Xilinx/Vivado/2022.1/data/ip/xpm/xpm_fifo/hdl/xpm_fifo.sv:1858]
INFO: [Synth 8-6155] done synthesizing module 'xpm_counter_updn__parameterized2' (0#1) [C:/Xilinx/Vivado/2022.1/data/ip/xpm/xpm_fifo/hdl/xpm_fifo.sv:1858]
INFO: [Synth 8-6155] done synthesizing module 'xpm_fifo_base' (0#1) [C:/Xilinx/Vivado/2022.1/data/ip/xpm/xpm_fifo/hdl/xpm_fifo.sv:55]
INFO: [Synth 8-6155] done synthesizing module 'xpm_fifo_async' (0#1) [C:/Xilinx/Vivado/2022.1/data/ip/xpm/xpm_fifo/hdl/xpm_fifo.sv:2145]
INFO: [Synth 8-6155] done synthesizing module 'axis_clock_converter_v1_1_27_axisc_async_clock_converter' (0#1) [c:/Users/joebe/Documents/RFSoC/RFSoC-MTS-main_ORIGINAL/RFSoC-MTS-main/boards/RFSoC4x2/build_mts/mts/mts.gen/sources_1/bd/mts/ipshared/29ed/hdl/axis_clock_converter_v1_1_vl_rfs.v:340]
INFO: [Synth 8-6157] synthesizing module 'axis_infrastructure_v1_1_0_util_axis2vector' [c:/Users/joebe/Documents/RFSoC/RFSoC-MTS-main_ORIGINAL/RFSoC-MTS-main/boards/RFSoC4x2/build_mts/mts/mts.gen/sources_1/bd/mts/ipshared/8713/hdl/axis_infrastructure_v1_1_vl_rfs.v:809]
INFO: [Synth 8-6155] done synthesizing module 'axis_infrastructure_v1_1_0_util_axis2vector' (0#1) [c:/Users/joebe/Documents/RFSoC/RFSoC-MTS-main_ORIGINAL/RFSoC-MTS-main/boards/RFSoC4x2/build_mts/mts/mts.gen/sources_1/bd/mts/ipshared/8713/hdl/axis_infrastructure_v1_1_vl_rfs.v:809]
INFO: [Synth 8-6157] synthesizing module 'axis_infrastructure_v1_1_0_util_vector2axis' [c:/Users/joebe/Documents/RFSoC/RFSoC-MTS-main_ORIGINAL/RFSoC-MTS-main/boards/RFSoC4x2/build_mts/mts/mts.gen/sources_1/bd/mts/ipshared/8713/hdl/axis_infrastructure_v1_1_vl_rfs.v:991]
INFO: [Synth 8-6155] done synthesizing module 'axis_infrastructure_v1_1_0_util_vector2axis' (0#1) [c:/Users/joebe/Documents/RFSoC/RFSoC-MTS-main_ORIGINAL/RFSoC-MTS-main/boards/RFSoC4x2/build_mts/mts/mts.gen/sources_1/bd/mts/ipshared/8713/hdl/axis_infrastructure_v1_1_vl_rfs.v:991]
INFO: [Synth 8-6155] done synthesizing module 'axis_clock_converter_v1_1_27_axis_clock_converter' (0#1) [c:/Users/joebe/Documents/RFSoC/RFSoC-MTS-main_ORIGINAL/RFSoC-MTS-main/boards/RFSoC4x2/build_mts/mts/mts.gen/sources_1/bd/mts/ipshared/29ed/hdl/axis_clock_converter_v1_1_vl_rfs.v:924]
INFO: [Synth 8-6155] done synthesizing module 'mts_axis_clock_converter_0_4' (0#1) [c:/Users/joebe/Documents/RFSoC/RFSoC-MTS-main_ORIGINAL/RFSoC-MTS-main/boards/RFSoC4x2/build_mts/mts/mts.gen/sources_1/bd/mts/ip/mts_axis_clock_converter_0_4/synth/mts_axis_clock_converter_0_4.v:53]
WARNING: [Synth 8-6014] Unused sequential element gen_rd_b.gen_doutb_pipe.enb_pipe_reg[0] was removed.  [C:/Xilinx/Vivado/2022.1/data/ip/xpm/xpm_memory/hdl/xpm_memory.sv:3017]
WARNING: [Synth 8-6014] Unused sequential element dest_out_bin_ff_reg was removed.  [C:/Xilinx/Vivado/2022.1/data/ip/xpm/xpm_cdc/hdl/xpm_cdc.sv:417]
WARNING: [Synth 8-6014] Unused sequential element dest_out_bin_ff_reg was removed.  [C:/Xilinx/Vivado/2022.1/data/ip/xpm/xpm_cdc/hdl/xpm_cdc.sv:417]
WARNING: [Synth 8-6014] Unused sequential element dest_out_bin_ff_reg was removed.  [C:/Xilinx/Vivado/2022.1/data/ip/xpm/xpm_cdc/hdl/xpm_cdc.sv:417]
WARNING: [Synth 8-6014] Unused sequential element gdvld.data_valid_std_reg was removed.  [C:/Xilinx/Vivado/2022.1/data/ip/xpm/xpm_fifo/hdl/xpm_fifo.sv:537]
WARNING: [Synth 8-6014] Unused sequential element gen_fwft.empty_fwft_fb_reg was removed.  [C:/Xilinx/Vivado/2022.1/data/ip/xpm/xpm_fifo/hdl/xpm_fifo.sv:1390]
WARNING: [Synth 8-7129] Port TSTRB[31] in module axis_infrastructure_v1_1_0_util_axis2vector is either unconnected or has no load
WARNING: [Synth 8-7129] Port TSTRB[30] in module axis_infrastructure_v1_1_0_util_axis2vector is either unconnected or has no load
WARNING: [Synth 8-7129] Port TSTRB[29] in module axis_infrastructure_v1_1_0_util_axis2vector is either unconnected or has no load
WARNING: [Synth 8-7129] Port TSTRB[28] in module axis_infrastructure_v1_1_0_util_axis2vector is either unconnected or has no load
WARNING: [Synth 8-7129] Port TSTRB[27] in module axis_infrastructure_v1_1_0_util_axis2vector is either unconnected or has no load
WARNING: [Synth 8-7129] Port TSTRB[26] in module axis_infrastructure_v1_1_0_util_axis2vector is either unconnected or has no load
WARNING: [Synth 8-7129] Port TSTRB[25] in module axis_infrastructure_v1_1_0_util_axis2vector is either unconnected or has no load
WARNING: [Synth 8-7129] Port TSTRB[24] in module axis_infrastructure_v1_1_0_util_axis2vector is either unconnected or has no load
WARNING: [Synth 8-7129] Port TSTRB[23] in module axis_infrastructure_v1_1_0_util_axis2vector is either unconnected or has no load
WARNING: [Synth 8-7129] Port TSTRB[22] in module axis_infrastructure_v1_1_0_util_axis2vector is either unconnected or has no load
WARNING: [Synth 8-7129] Port TSTRB[21] in module axis_infrastructure_v1_1_0_util_axis2vector is either unconnected or has no load
WARNING: [Synth 8-7129] Port TSTRB[20] in module axis_infrastructure_v1_1_0_util_axis2vector is either unconnected or has no load
WARNING: [Synth 8-7129] Port TSTRB[19] in module axis_infrastructure_v1_1_0_util_axis2vector is either unconnected or has no load
WARNING: [Synth 8-7129] Port TSTRB[18] in module axis_infrastructure_v1_1_0_util_axis2vector is either unconnected or has no load
WARNING: [Synth 8-7129] Port TSTRB[17] in module axis_infrastructure_v1_1_0_util_axis2vector is either unconnected or has no load
WARNING: [Synth 8-7129] Port TSTRB[16] in module axis_infrastructure_v1_1_0_util_axis2vector is either unconnected or has no load
WARNING: [Synth 8-7129] Port TSTRB[15] in module axis_infrastructure_v1_1_0_util_axis2vector is either unconnected or has no load
WARNING: [Synth 8-7129] Port TSTRB[14] in module axis_infrastructure_v1_1_0_util_axis2vector is either unconnected or has no load
WARNING: [Synth 8-7129] Port TSTRB[13] in module axis_infrastructure_v1_1_0_util_axis2vector is either unconnected or has no load
WARNING: [Synth 8-7129] Port TSTRB[12] in module axis_infrastructure_v1_1_0_util_axis2vector is either unconnected or has no load
WARNING: [Synth 8-7129] Port TSTRB[11] in module axis_infrastructure_v1_1_0_util_axis2vector is either unconnected or has no load
WARNING: [Synth 8-7129] Port TSTRB[10] in module axis_infrastructure_v1_1_0_util_axis2vector is either unconnected or has no load
WARNING: [Synth 8-7129] Port TSTRB[9] in module axis_infrastructure_v1_1_0_util_axis2vector is either unconnected or has no load
WARNING: [Synth 8-7129] Port TSTRB[8] in module axis_infrastructure_v1_1_0_util_axis2vector is either unconnected or has no load
WARNING: [Synth 8-7129] Port TSTRB[7] in module axis_infrastructure_v1_1_0_util_axis2vector is either unconnected or has no load
WARNING: [Synth 8-7129] Port TSTRB[6] in module axis_infrastructure_v1_1_0_util_axis2vector is either unconnected or has no load
WARNING: [Synth 8-7129] Port TSTRB[5] in module axis_infrastructure_v1_1_0_util_axis2vector is either unconnected or has no load
WARNING: [Synth 8-7129] Port TSTRB[4] in module axis_infrastructure_v1_1_0_util_axis2vector is either unconnected or has no load
WARNING: [Synth 8-7129] Port TSTRB[3] in module axis_infrastructure_v1_1_0_util_axis2vector is either unconnected or has no load
WARNING: [Synth 8-7129] Port TSTRB[2] in module axis_infrastructure_v1_1_0_util_axis2vector is either unconnected or has no load
WARNING: [Synth 8-7129] Port TSTRB[1] in module axis_infrastructure_v1_1_0_util_axis2vector is either unconnected or has no load
WARNING: [Synth 8-7129] Port TSTRB[0] in module axis_infrastructure_v1_1_0_util_axis2vector is either unconnected or has no load
WARNING: [Synth 8-7129] Port TKEEP[31] in module axis_infrastructure_v1_1_0_util_axis2vector is either unconnected or has no load
WARNING: [Synth 8-7129] Port TKEEP[30] in module axis_infrastructure_v1_1_0_util_axis2vector is either unconnected or has no load
WARNING: [Synth 8-7129] Port TKEEP[29] in module axis_infrastructure_v1_1_0_util_axis2vector is either unconnected or has no load
WARNING: [Synth 8-7129] Port TKEEP[28] in module axis_infrastructure_v1_1_0_util_axis2vector is either unconnected or has no load
WARNING: [Synth 8-7129] Port TKEEP[27] in module axis_infrastructure_v1_1_0_util_axis2vector is either unconnected or has no load
WARNING: [Synth 8-7129] Port TKEEP[26] in module axis_infrastructure_v1_1_0_util_axis2vector is either unconnected or has no load
WARNING: [Synth 8-7129] Port TKEEP[25] in module axis_infrastructure_v1_1_0_util_axis2vector is either unconnected or has no load
WARNING: [Synth 8-7129] Port TKEEP[24] in module axis_infrastructure_v1_1_0_util_axis2vector is either unconnected or has no load
WARNING: [Synth 8-7129] Port TKEEP[23] in module axis_infrastructure_v1_1_0_util_axis2vector is either unconnected or has no load
WARNING: [Synth 8-7129] Port TKEEP[22] in module axis_infrastructure_v1_1_0_util_axis2vector is either unconnected or has no load
WARNING: [Synth 8-7129] Port TKEEP[21] in module axis_infrastructure_v1_1_0_util_axis2vector is either unconnected or has no load
WARNING: [Synth 8-7129] Port TKEEP[20] in module axis_infrastructure_v1_1_0_util_axis2vector is either unconnected or has no load
WARNING: [Synth 8-7129] Port TKEEP[19] in module axis_infrastructure_v1_1_0_util_axis2vector is either unconnected or has no load
WARNING: [Synth 8-7129] Port TKEEP[18] in module axis_infrastructure_v1_1_0_util_axis2vector is either unconnected or has no load
WARNING: [Synth 8-7129] Port TKEEP[17] in module axis_infrastructure_v1_1_0_util_axis2vector is either unconnected or has no load
WARNING: [Synth 8-7129] Port TKEEP[16] in module axis_infrastructure_v1_1_0_util_axis2vector is either unconnected or has no load
WARNING: [Synth 8-7129] Port TKEEP[15] in module axis_infrastructure_v1_1_0_util_axis2vector is either unconnected or has no load
WARNING: [Synth 8-7129] Port TKEEP[14] in module axis_infrastructure_v1_1_0_util_axis2vector is either unconnected or has no load
WARNING: [Synth 8-7129] Port TKEEP[13] in module axis_infrastructure_v1_1_0_util_axis2vector is either unconnected or has no load
WARNING: [Synth 8-7129] Port TKEEP[12] in module axis_infrastructure_v1_1_0_util_axis2vector is either unconnected or has no load
WARNING: [Synth 8-7129] Port TKEEP[11] in module axis_infrastructure_v1_1_0_util_axis2vector is either unconnected or has no load
WARNING: [Synth 8-7129] Port TKEEP[10] in module axis_infrastructure_v1_1_0_util_axis2vector is either unconnected or has no load
WARNING: [Synth 8-7129] Port TKEEP[9] in module axis_infrastructure_v1_1_0_util_axis2vector is either unconnected or has no load
WARNING: [Synth 8-7129] Port TKEEP[8] in module axis_infrastructure_v1_1_0_util_axis2vector is either unconnected or has no load
WARNING: [Synth 8-7129] Port TKEEP[7] in module axis_infrastructure_v1_1_0_util_axis2vector is either unconnected or has no load
WARNING: [Synth 8-7129] Port TKEEP[6] in module axis_infrastructure_v1_1_0_util_axis2vector is either unconnected or has no load
WARNING: [Synth 8-7129] Port TKEEP[5] in module axis_infrastructure_v1_1_0_util_axis2vector is either unconnected or has no load
WARNING: [Synth 8-7129] Port TKEEP[4] in module axis_infrastructure_v1_1_0_util_axis2vector is either unconnected or has no load
WARNING: [Synth 8-7129] Port TKEEP[3] in module axis_infrastructure_v1_1_0_util_axis2vector is either unconnected or has no load
WARNING: [Synth 8-7129] Port TKEEP[2] in module axis_infrastructure_v1_1_0_util_axis2vector is either unconnected or has no load
WARNING: [Synth 8-7129] Port TKEEP[1] in module axis_infrastructure_v1_1_0_util_axis2vector is either unconnected or has no load
WARNING: [Synth 8-7129] Port TKEEP[0] in module axis_infrastructure_v1_1_0_util_axis2vector is either unconnected or has no load
WARNING: [Synth 8-7129] Port TLAST in module axis_infrastructure_v1_1_0_util_axis2vector is either unconnected or has no load
WARNING: [Synth 8-7129] Port TID[0] in module axis_infrastructure_v1_1_0_util_axis2vector is either unconnected or has no load
WARNING: [Synth 8-7129] Port TDEST[0] in module axis_infrastructure_v1_1_0_util_axis2vector is either unconnected or has no load
WARNING: [Synth 8-7129] Port TUSER[0] in module axis_infrastructure_v1_1_0_util_axis2vector is either unconnected or has no load
WARNING: [Synth 8-7129] Port sleep in module xpm_memory_base is either unconnected or has no load
WARNING: [Synth 8-7129] Port rsta in module xpm_memory_base is either unconnected or has no load
WARNING: [Synth 8-7129] Port regcea in module xpm_memory_base is either unconnected or has no load
WARNING: [Synth 8-7129] Port injectsbiterra in module xpm_memory_base is either unconnected or has no load
WARNING: [Synth 8-7129] Port injectdbiterra in module xpm_memory_base is either unconnected or has no load
WARNING: [Synth 8-7129] Port web[0] in module xpm_memory_base is either unconnected or has no load
WARNING: [Synth 8-7129] Port dinb[255] in module xpm_memory_base is either unconnected or has no load
WARNING: [Synth 8-7129] Port dinb[254] in module xpm_memory_base is either unconnected or has no load
WARNING: [Synth 8-7129] Port dinb[253] in module xpm_memory_base is either unconnected or has no load
WARNING: [Synth 8-7129] Port dinb[252] in module xpm_memory_base is either unconnected or has no load
WARNING: [Synth 8-7129] Port dinb[251] in module xpm_memory_base is either unconnected or has no load
WARNING: [Synth 8-7129] Port dinb[250] in module xpm_memory_base is either unconnected or has no load
WARNING: [Synth 8-7129] Port dinb[249] in module xpm_memory_base is either unconnected or has no load
WARNING: [Synth 8-7129] Port dinb[248] in module xpm_memory_base is either unconnected or has no load
WARNING: [Synth 8-7129] Port dinb[247] in module xpm_memory_base is either unconnected or has no load
WARNING: [Synth 8-7129] Port dinb[246] in module xpm_memory_base is either unconnected or has no load
WARNING: [Synth 8-7129] Port dinb[245] in module xpm_memory_base is either unconnected or has no load
WARNING: [Synth 8-7129] Port dinb[244] in module xpm_memory_base is either unconnected or has no load
WARNING: [Synth 8-7129] Port dinb[243] in module xpm_memory_base is either unconnected or has no load
WARNING: [Synth 8-7129] Port dinb[242] in module xpm_memory_base is either unconnected or has no load
WARNING: [Synth 8-7129] Port dinb[241] in module xpm_memory_base is either unconnected or has no load
WARNING: [Synth 8-7129] Port dinb[240] in module xpm_memory_base is either unconnected or has no load
WARNING: [Synth 8-7129] Port dinb[239] in module xpm_memory_base is either unconnected or has no load
WARNING: [Synth 8-7129] Port dinb[238] in module xpm_memory_base is either unconnected or has no load
WARNING: [Synth 8-7129] Port dinb[237] in module xpm_memory_base is either unconnected or has no load
WARNING: [Synth 8-7129] Port dinb[236] in module xpm_memory_base is either unconnected or has no load
WARNING: [Synth 8-7129] Port dinb[235] in module xpm_memory_base is either unconnected or has no load
WARNING: [Synth 8-7129] Port dinb[234] in module xpm_memory_base is either unconnected or has no load
WARNING: [Synth 8-7129] Port dinb[233] in module xpm_memory_base is either unconnected or has no load
WARNING: [Synth 8-7129] Port dinb[232] in module xpm_memory_base is either unconnected or has no load
WARNING: [Synth 8-7129] Port dinb[231] in module xpm_memory_base is either unconnected or has no load
WARNING: [Synth 8-7129] Port dinb[230] in module xpm_memory_base is either unconnected or has no load
INFO: [Common 17-14] Message 'Synth 8-7129' appears 100 times and further instances of the messages will be disabled. Use the Tcl command set_msg_config to change the current settings.
---------------------------------------------------------------------------------
Finished RTL Elaboration : Time (s): cpu = 00:00:11 ; elapsed = 00:00:21 . Memory (MB): peak = 1799.355 ; gain = 336.371
---------------------------------------------------------------------------------
---------------------------------------------------------------------------------
Start Handling Custom Attributes
---------------------------------------------------------------------------------
---------------------------------------------------------------------------------
Finished Handling Custom Attributes : Time (s): cpu = 00:00:11 ; elapsed = 00:00:22 . Memory (MB): peak = 1821.262 ; gain = 358.277
---------------------------------------------------------------------------------
---------------------------------------------------------------------------------
Finished RTL Optimization Phase 1 : Time (s): cpu = 00:00:11 ; elapsed = 00:00:22 . Memory (MB): peak = 1821.262 ; gain = 358.277
---------------------------------------------------------------------------------
Netlist sorting complete. Time (s): cpu = 00:00:00 ; elapsed = 00:00:00.141 . Memory (MB): peak = 1821.262 ; gain = 0.000
INFO: [Project 1-570] Preparing netlist for logic optimization

Processing XDC Constraints
Initializing timing engine
Parsing XDC File [c:/Users/joebe/Documents/RFSoC/RFSoC-MTS-main_ORIGINAL/RFSoC-MTS-main/boards/RFSoC4x2/build_mts/mts/mts.gen/sources_1/bd/mts/ip/mts_axis_clock_converter_0_4/mts_axis_clock_converter_0_4_ooc.xdc] for cell 'inst'
create_clock: Time (s): cpu = 00:00:14 ; elapsed = 00:00:25 . Memory (MB): peak = 1945.418 ; gain = 0.035
Finished Parsing XDC File [c:/Users/joebe/Documents/RFSoC/RFSoC-MTS-main_ORIGINAL/RFSoC-MTS-main/boards/RFSoC4x2/build_mts/mts/mts.gen/sources_1/bd/mts/ip/mts_axis_clock_converter_0_4/mts_axis_clock_converter_0_4_ooc.xdc] for cell 'inst'
Parsing XDC File [C:/Users/joebe/Documents/RFSoC/RFSoC-MTS-main_ORIGINAL/RFSoC-MTS-main/boards/RFSoC4x2/build_mts/mts/mts.runs/mts_axis_clock_converter_0_4_synth_1/dont_touch.xdc]
Finished Parsing XDC File [C:/Users/joebe/Documents/RFSoC/RFSoC-MTS-main_ORIGINAL/RFSoC-MTS-main/boards/RFSoC4x2/build_mts/mts/mts.runs/mts_axis_clock_converter_0_4_synth_1/dont_touch.xdc]
INFO: [Project 1-236] Implementation specific constraints were found while reading constraint file [C:/Xilinx/Vivado/2022.1/data/ip/xpm/xpm_cdc/tcl/xpm_cdc_gray.tcl]. These constraints will be ignored for synthesis but will be used in implementation. Impacted constraints are listed in the file [.Xil/mts_axis_clock_converter_0_4_propImpl.xdc].
Resolution: To avoid this warning, move constraints listed in [.Xil/mts_axis_clock_converter_0_4_propImpl.xdc] to another XDC file and exclude this new file from synthesis with the used_in_synthesis property (File Properties dialog in GUI) and re-run elaboration/synthesis.
INFO: [Project 1-236] Implementation specific constraints were found while reading constraint file [C:/Xilinx/Vivado/2022.1/data/ip/xpm/xpm_fifo/tcl/xpm_fifo_rst.tcl]. These constraints will be ignored for synthesis but will be used in implementation. Impacted constraints are listed in the file [.Xil/mts_axis_clock_converter_0_4_propImpl.xdc].
Resolution: To avoid this warning, move constraints listed in [.Xil/mts_axis_clock_converter_0_4_propImpl.xdc] to another XDC file and exclude this new file from synthesis with the used_in_synthesis property (File Properties dialog in GUI) and re-run elaboration/synthesis.
INFO: [Project 1-1714] 8 XPM XDC files have been applied to the design.
Completed Processing XDC Constraints

Netlist sorting complete. Time (s): cpu = 00:00:00 ; elapsed = 00:00:00.001 . Memory (MB): peak = 1945.418 ; gain = 0.000
INFO: [Project 1-111] Unisim Transformation Summary:
No Unisim elements were transformed.

Constraint Validation Runtime : Time (s): cpu = 00:00:00 ; elapsed = 00:00:00.181 . Memory (MB): peak = 1945.418 ; gain = 0.000
INFO: [Designutils 20-5008] Incremental synthesis strategy off
---------------------------------------------------------------------------------
Finished Constraint Validation : Time (s): cpu = 00:00:38 ; elapsed = 00:01:11 . Memory (MB): peak = 1945.418 ; gain = 482.434
---------------------------------------------------------------------------------
---------------------------------------------------------------------------------
Start Loading Part and Timing Information
---------------------------------------------------------------------------------
Loading part: xczu48dr-fsvg1517-2-e
INFO: [Synth 8-6742] Reading net delay rules and data
---------------------------------------------------------------------------------
Finished Loading Part and Timing Information : Time (s): cpu = 00:00:38 ; elapsed = 00:01:11 . Memory (MB): peak = 1945.418 ; gain = 482.434
---------------------------------------------------------------------------------
---------------------------------------------------------------------------------
Start Applying 'set_property' XDC Constraints
---------------------------------------------------------------------------------
Applied set_property KEEP_HIERARCHY = SOFT for inst. (constraint file  C:/Users/joebe/Documents/RFSoC/RFSoC-MTS-main_ORIGINAL/RFSoC-MTS-main/boards/RFSoC4x2/build_mts/mts/mts.runs/mts_axis_clock_converter_0_4_synth_1/dont_touch.xdc, line 9).
Applied set_property KEEP_HIERARCHY = SOFT for inst/\gen_async_conv.axisc_async_clock_converter_0 /xpm_fifo_async_inst/\gnuram_async_fifo.xpm_fifo_base_inst /\gen_cdc_pntr.rd_pntr_cdc_inst . (constraint file  auto generated constraint).
Applied set_property KEEP_HIERARCHY = SOFT for inst/\gen_async_conv.axisc_async_clock_converter_0 /xpm_fifo_async_inst/\gnuram_async_fifo.xpm_fifo_base_inst /\gen_cdc_pntr.wr_pntr_cdc_inst . (constraint file  auto generated constraint).
Applied set_property KEEP_HIERARCHY = SOFT for inst/\gen_async_conv.axisc_async_clock_converter_0 /xpm_fifo_async_inst/\gnuram_async_fifo.xpm_fifo_base_inst /\gen_cdc_pntr.rd_pntr_cdc_dc_inst . (constraint file  auto generated constraint).
Applied set_property KEEP_HIERARCHY = SOFT for inst/\gen_async_conv.axisc_async_clock_converter_0 /xpm_fifo_async_inst/\gnuram_async_fifo.xpm_fifo_base_inst /\gen_cdc_pntr.wr_pntr_cdc_dc_inst . (constraint file  auto generated constraint).
Applied set_property KEEP_HIERARCHY = SOFT for inst/\gen_async_conv.axisc_async_clock_converter_0 /inst_xpm_cdc_sync_rst. (constraint file  auto generated constraint).
Applied set_property KEEP_HIERARCHY = SOFT for inst/\gen_async_conv.axisc_async_clock_converter_0 /xpm_fifo_async_inst/\gnuram_async_fifo.xpm_fifo_base_inst /xpm_fifo_rst_inst/\gen_rst_ic.rrst_wr_inst . (constraint file  auto generated constraint).
Applied set_property KEEP_HIERARCHY = SOFT for inst/\gen_async_conv.axisc_async_clock_converter_0 /xpm_fifo_async_inst/\gnuram_async_fifo.xpm_fifo_base_inst /xpm_fifo_rst_inst/\gen_rst_ic.wrst_rd_inst . (constraint file  auto generated constraint).
Applied set_property KEEP_HIERARCHY = SOFT for inst/\gen_async_conv.axisc_async_clock_converter_0 /xpm_fifo_async_inst. (constraint file  auto generated constraint).
---------------------------------------------------------------------------------
Finished applying 'set_property' XDC Constraints : Time (s): cpu = 00:00:38 ; elapsed = 00:01:11 . Memory (MB): peak = 1945.418 ; gain = 482.434
---------------------------------------------------------------------------------
INFO: [Synth 8-802] inferred FSM for state register 'gen_rst_ic.curr_wrst_state_reg' in module 'xpm_fifo_rst'
INFO: [Synth 8-802] inferred FSM for state register 'gen_rst_ic.curr_rrst_state_reg' in module 'xpm_fifo_rst'
INFO: [Synth 8-802] inferred FSM for state register 'gen_fwft.curr_fwft_state_reg' in module 'xpm_fifo_base'
INFO: [Synth 8-5552] Implemented safe state 'default_state' for state register 'gen_rst_ic.curr_wrst_state_reg' in module 'xpm_fifo_rst'
---------------------------------------------------------------------------------------------------
                   State |                     New Encoding |                Previous Encoding 
---------------------------------------------------------------------------------------------------
*
               WRST_IDLE |                            00001 |                              000
                 WRST_IN |                            00010 |                              010
                WRST_OUT |                            00100 |                              111
               WRST_EXIT |                            01000 |                              110
            WRST_GO2IDLE |                            10000 |                              100
---------------------------------------------------------------------------------------------------
INFO: [Synth 8-3354] encoded FSM with state register 'gen_rst_ic.curr_wrst_state_reg' using encoding 'one-hot' in module 'xpm_fifo_rst'
INFO: [Synth 8-5552] Implemented safe state 'default_state' for state register 'gen_rst_ic.curr_rrst_state_reg' in module 'xpm_fifo_rst'
---------------------------------------------------------------------------------------------------
                   State |                     New Encoding |                Previous Encoding 
---------------------------------------------------------------------------------------------------
*
               RRST_IDLE |                               00 |                               00
                 RRST_IN |                               01 |                               10
                RRST_OUT |                               10 |                               11
               RRST_EXIT |                               11 |                               01
---------------------------------------------------------------------------------------------------
INFO: [Synth 8-3354] encoded FSM with state register 'gen_rst_ic.curr_rrst_state_reg' using encoding 'sequential' in module 'xpm_fifo_rst'
---------------------------------------------------------------------------------------------------
                   State |                     New Encoding |                Previous Encoding 
---------------------------------------------------------------------------------------------------
                 invalid |                               00 |                               00
            stage1_valid |                               01 |                               10
       both_stages_valid |                               10 |                               11
            stage2_valid |                               11 |                               01
---------------------------------------------------------------------------------------------------
INFO: [Synth 8-3354] encoded FSM with state register 'gen_fwft.curr_fwft_state_reg' using encoding 'sequential' in module 'xpm_fifo_base'
---------------------------------------------------------------------------------
Finished RTL Optimization Phase 2 : Time (s): cpu = 00:00:39 ; elapsed = 00:01:13 . Memory (MB): peak = 1945.418 ; gain = 482.434
---------------------------------------------------------------------------------
---------------------------------------------------------------------------------
Start RTL Component Statistics 
---------------------------------------------------------------------------------
Detailed RTL Component Info : 
+---Adders : 
	   4 Input    6 Bit       Adders := 2     
	   2 Input    6 Bit       Adders := 2     
	   4 Input    5 Bit       Adders := 3     
	   4 Input    2 Bit       Adders := 1     
+---XORs : 
	   2 Input      6 Bit         XORs := 2     
	   2 Input      5 Bit         XORs := 2     
	   2 Input      1 Bit         XORs := 18    
+---Registers : 
	              256 Bit    Registers := 2     
	                6 Bit    Registers := 12    
	                5 Bit    Registers := 11    
	                2 Bit    Registers := 5     
	                1 Bit    Registers := 15    
+---Muxes : 
	   6 Input    5 Bit        Muxes := 1     
	   2 Input    5 Bit        Muxes := 8     
	   5 Input    2 Bit        Muxes := 1     
	   2 Input    2 Bit        Muxes := 33    
	   4 Input    2 Bit        Muxes := 7     
	   2 Input    1 Bit        Muxes := 5     
	   6 Input    1 Bit        Muxes := 2     
	   5 Input    1 Bit        Muxes := 3     
	   4 Input    1 Bit        Muxes := 2     
---------------------------------------------------------------------------------
Finished RTL Component Statistics 
---------------------------------------------------------------------------------
---------------------------------------------------------------------------------
Start Part Resource Summary
---------------------------------------------------------------------------------
Part Resources:
DSPs: 4272 (col length:192)
BRAMs: 2160 (col length: RAMB18 192 RAMB36 96)
---------------------------------------------------------------------------------
Finished Part Resource Summary
---------------------------------------------------------------------------------
---------------------------------------------------------------------------------
Start Cross Boundary and Area Optimization
---------------------------------------------------------------------------------
WARNING: [Synth 8-7080] Parallel synthesis criteria is not met
---------------------------------------------------------------------------------
Finished Cross Boundary and Area Optimization : Time (s): cpu = 00:00:43 ; elapsed = 00:01:22 . Memory (MB): peak = 1945.418 ; gain = 482.434
---------------------------------------------------------------------------------
---------------------------------------------------------------------------------
Start ROM, RAM, DSP, Shift Register and Retiming Reporting
---------------------------------------------------------------------------------

Distributed RAM: Preliminary Mapping Report (see note below)
+-------------------------------------------------------------------------------------------------------------------------------------------------+----------------------------------+----------------+----------------------+----------------+
|Module Name                                                                                                                                      | RTL Object                       | Inference      | Size (Depth x Width) | Primitives     | 
+-------------------------------------------------------------------------------------------------------------------------------------------------+----------------------------------+----------------+----------------------+----------------+
|inst/\gen_async_conv.axisc_async_clock_converter_0/xpm_fifo_async_inst /\gnuram_async_fifo.xpm_fifo_base_inst /\gen_sdpram.xpm_memory_base_inst  | gen_wr_a.gen_word_narrow.mem_reg | User Attribute | 32 x 256             | RAM32M16 x 19  | 
+-------------------------------------------------------------------------------------------------------------------------------------------------+----------------------------------+----------------+----------------------+----------------+

Note: The table above is a preliminary report that shows the Distributed RAMs at the current stage of the synthesis flow. Some Distributed RAMs may be reimplemented as non Distributed RAM primitives later in the synthesis flow. Multiple instantiated RAMs are reported only once.
---------------------------------------------------------------------------------
Finished ROM, RAM, DSP, Shift Register and Retiming Reporting
---------------------------------------------------------------------------------
---------------------------------------------------------------------------------
Start Applying XDC Timing Constraints
---------------------------------------------------------------------------------
---------------------------------------------------------------------------------
Finished Applying XDC Timing Constraints : Time (s): cpu = 00:01:02 ; elapsed = 00:02:00 . Memory (MB): peak = 2323.426 ; gain = 860.441
---------------------------------------------------------------------------------
---------------------------------------------------------------------------------
Start Timing Optimization
---------------------------------------------------------------------------------
---------------------------------------------------------------------------------
Finished Timing Optimization : Time (s): cpu = 00:01:03 ; elapsed = 00:02:02 . Memory (MB): peak = 2357.551 ; gain = 894.566
---------------------------------------------------------------------------------
---------------------------------------------------------------------------------
Start ROM, RAM, DSP, Shift Register and Retiming Reporting
---------------------------------------------------------------------------------

Distributed RAM: Final Mapping Report
+-------------------------------------------------------------------------------------------------------------------------------------------------+----------------------------------+----------------+----------------------+----------------+
|Module Name                                                                                                                                      | RTL Object                       | Inference      | Size (Depth x Width) | Primitives     | 
+-------------------------------------------------------------------------------------------------------------------------------------------------+----------------------------------+----------------+----------------------+----------------+
|inst/\gen_async_conv.axisc_async_clock_converter_0/xpm_fifo_async_inst /\gnuram_async_fifo.xpm_fifo_base_inst /\gen_sdpram.xpm_memory_base_inst  | gen_wr_a.gen_word_narrow.mem_reg | User Attribute | 32 x 256             | RAM32M16 x 19  | 
+-------------------------------------------------------------------------------------------------------------------------------------------------+----------------------------------+----------------+----------------------+----------------+

---------------------------------------------------------------------------------
Finished ROM, RAM, DSP, Shift Register and Retiming Reporting
---------------------------------------------------------------------------------
---------------------------------------------------------------------------------
Start Technology Mapping
---------------------------------------------------------------------------------
---------------------------------------------------------------------------------
Finished Technology Mapping : Time (s): cpu = 00:01:04 ; elapsed = 00:02:04 . Memory (MB): peak = 2358.773 ; gain = 895.789
---------------------------------------------------------------------------------
---------------------------------------------------------------------------------
Start IO Insertion
---------------------------------------------------------------------------------
---------------------------------------------------------------------------------
Start Flattening Before IO Insertion
---------------------------------------------------------------------------------
---------------------------------------------------------------------------------
Finished Flattening Before IO Insertion
---------------------------------------------------------------------------------
---------------------------------------------------------------------------------
Start Final Netlist Cleanup
---------------------------------------------------------------------------------
---------------------------------------------------------------------------------
Finished Final Netlist Cleanup
---------------------------------------------------------------------------------
---------------------------------------------------------------------------------
Finished IO Insertion : Time (s): cpu = 00:01:10 ; elapsed = 00:02:13 . Memory (MB): peak = 2358.773 ; gain = 895.789
---------------------------------------------------------------------------------
---------------------------------------------------------------------------------
Start Renaming Generated Instances
---------------------------------------------------------------------------------
---------------------------------------------------------------------------------
Finished Renaming Generated Instances : Time (s): cpu = 00:01:10 ; elapsed = 00:02:13 . Memory (MB): peak = 2358.773 ; gain = 895.789
---------------------------------------------------------------------------------
---------------------------------------------------------------------------------
Start Rebuilding User Hierarchy
---------------------------------------------------------------------------------
---------------------------------------------------------------------------------
Finished Rebuilding User Hierarchy : Time (s): cpu = 00:01:10 ; elapsed = 00:02:13 . Memory (MB): peak = 2358.773 ; gain = 895.789
---------------------------------------------------------------------------------
---------------------------------------------------------------------------------
Start Renaming Generated Ports
---------------------------------------------------------------------------------
---------------------------------------------------------------------------------
Finished Renaming Generated Ports : Time (s): cpu = 00:01:10 ; elapsed = 00:02:13 . Memory (MB): peak = 2358.773 ; gain = 895.789
---------------------------------------------------------------------------------
---------------------------------------------------------------------------------
Start Handling Custom Attributes
---------------------------------------------------------------------------------
---------------------------------------------------------------------------------
Finished Handling Custom Attributes : Time (s): cpu = 00:01:10 ; elapsed = 00:02:13 . Memory (MB): peak = 2358.773 ; gain = 895.789
---------------------------------------------------------------------------------
---------------------------------------------------------------------------------
Start Renaming Generated Nets
---------------------------------------------------------------------------------
---------------------------------------------------------------------------------
Finished Renaming Generated Nets : Time (s): cpu = 00:01:10 ; elapsed = 00:02:14 . Memory (MB): peak = 2358.773 ; gain = 895.789
---------------------------------------------------------------------------------
---------------------------------------------------------------------------------
Start Writing Synthesis Report
---------------------------------------------------------------------------------

Report BlackBoxes: 
+-+--------------+----------+
| |BlackBox name |Instances |
+-+--------------+----------+
+-+--------------+----------+

Report Cell Usage: 
+------+---------+------+
|      |Cell     |Count |
+------+---------+------+
|1     |LUT1     |     5|
|2     |LUT2     |    31|
|3     |LUT3     |    13|
|4     |LUT4     |    25|
|5     |LUT5     |    24|
|6     |LUT6     |    17|
|7     |RAM32M   |     1|
|8     |RAM32M16 |    18|
|9     |FDRE     |   650|
|10    |FDSE     |     6|
+------+---------+------+
---------------------------------------------------------------------------------
Finished Writing Synthesis Report : Time (s): cpu = 00:01:10 ; elapsed = 00:02:14 . Memory (MB): peak = 2358.773 ; gain = 895.789
---------------------------------------------------------------------------------
Synthesis finished with 0 errors, 0 critical warnings and 334 warnings.
Synthesis Optimization Runtime : Time (s): cpu = 00:00:40 ; elapsed = 00:01:42 . Memory (MB): peak = 2358.773 ; gain = 771.633
Synthesis Optimization Complete : Time (s): cpu = 00:01:10 ; elapsed = 00:02:15 . Memory (MB): peak = 2358.773 ; gain = 895.789
INFO: [Project 1-571] Translating synthesized netlist
Netlist sorting complete. Time (s): cpu = 00:00:00 ; elapsed = 00:00:00.081 . Memory (MB): peak = 2367.246 ; gain = 0.000
INFO: [Netlist 29-17] Analyzing 19 Unisim elements for replacement
INFO: [Netlist 29-28] Unisim Transformation completed in 0 CPU seconds
INFO: [Project 1-570] Preparing netlist for logic optimization
INFO: [Opt 31-138] Pushed 0 inverter(s) to 0 load pin(s).
Netlist sorting complete. Time (s): cpu = 00:00:00 ; elapsed = 00:00:00.001 . Memory (MB): peak = 2408.336 ; gain = 0.000
INFO: [Project 1-111] Unisim Transformation Summary:
  A total of 19 instances were transformed.
  RAM32M => RAM32M (RAMD32(x6), RAMS32(x2)): 1 instance 
  RAM32M16 => RAM32M16 (RAMD32(x14), RAMS32(x2)): 18 instances

Synth Design complete, checksum: 1b192895
INFO: [Common 17-83] Releasing license: Synthesis
76 Infos, 110 Warnings, 0 Critical Warnings and 0 Errors encountered.
synth_design completed successfully
synth_design: Time (s): cpu = 00:01:25 ; elapsed = 00:02:57 . Memory (MB): peak = 2408.336 ; gain = 1147.168
INFO: [Common 17-1381] The checkpoint 'C:/Users/joebe/Documents/RFSoC/RFSoC-MTS-main_ORIGINAL/RFSoC-MTS-main/boards/RFSoC4x2/build_mts/mts/mts.runs/mts_axis_clock_converter_0_4_synth_1/mts_axis_clock_converter_0_4.dcp' has been generated.
INFO: [Coretcl 2-1648] Added synthesis output to IP cache for IP mts_axis_clock_converter_0_4, cache-ID = 452c862f503df804
INFO: [Coretcl 2-1174] Renamed 22 cell refs.
INFO: [Common 17-1381] The checkpoint 'C:/Users/joebe/Documents/RFSoC/RFSoC-MTS-main_ORIGINAL/RFSoC-MTS-main/boards/RFSoC4x2/build_mts/mts/mts.runs/mts_axis_clock_converter_0_4_synth_1/mts_axis_clock_converter_0_4.dcp' has been generated.
INFO: [runtcl-4] Executing : report_utilization -file mts_axis_clock_converter_0_4_utilization_synth.rpt -pb mts_axis_clock_converter_0_4_utilization_synth.pb
INFO: [Common 17-206] Exiting Vivado at Fri Nov 14 07:20:31 2025...
